[2020-04-04T14:45:17+08:00][info] [ VIEW ] /www/wwwroot/mini.xunmirensheng.com/public/index.html [ array (
) ]
[2020-04-04T14:45:18+08:00][sql] CONNECT:[ UseTime:0.000363s ] mysql:host=localhost;port=3306;dbname=crmeb;charset=utf8
[2020-04-04T14:45:18+08:00][sql] SHOW FULL COLUMNS FROM `eb_user_token` [ RunTime:0.000945s ]
[2020-04-04T14:45:18+08:00][sql] SELECT * FROM `eb_user_token` WHERE  `token` IS NULL LIMIT 1 [ RunTime:0.000259s ]
[2020-04-04T14:45:18+08:00][sql] SHOW FULL COLUMNS FROM `eb_system_config` [ RunTime:0.000667s ]
[2020-04-04T14:45:18+08:00][sql] SELECT * FROM `eb_system_config` WHERE  `menu_name` = 'cache_config' LIMIT 1 [ RunTime:0.000374s ]
[2020-04-04T14:45:18+08:00][sql] SHOW FULL COLUMNS FROM `eb_system_group_data` [ RunTime:0.000619s ]
[2020-04-04T14:45:18+08:00][sql] SELECT `a`.*,`b`.`config_name` FROM `eb_system_group_data` `a` INNER JOIN `eb_system_group` `b` ON `a`.`gid`=`b`.`id` WHERE  `b`.`config_name` = 'routine_home_banner'  AND `a`.`status` = 1 ORDER BY `sort` DESC,`id` ASC [ RunTime:0.000340s ]
[2020-04-04T14:45:18+08:00][sql] SELECT * FROM `eb_system_config` WHERE  `menu_name` = 'cache_config' LIMIT 1 [ RunTime:0.000366s ]
[2020-04-04T14:45:18+08:00][sql] SELECT `a`.*,`b`.`config_name` FROM `eb_system_group_data` `a` INNER JOIN `eb_system_group` `b` ON `a`.`gid`=`b`.`id` WHERE  `b`.`config_name` = 'routine_home_menus'  AND `a`.`status` = 1 ORDER BY `sort` DESC,`id` ASC [ RunTime:0.000332s ]
[2020-04-04T14:45:18+08:00][sql] SELECT * FROM `eb_system_config` WHERE  `menu_name` = 'cache_config' LIMIT 1 [ RunTime:0.000328s ]
[2020-04-04T14:45:18+08:00][sql] SELECT `a`.*,`b`.`config_name` FROM `eb_system_group_data` `a` INNER JOIN `eb_system_group` `b` ON `a`.`gid`=`b`.`id` WHERE  `b`.`config_name` = 'routine_home_roll_news'  AND `a`.`status` = 1 ORDER BY `sort` DESC,`id` ASC [ RunTime:0.000288s ]
[2020-04-04T14:45:18+08:00][sql] SELECT * FROM `eb_system_config` WHERE  `menu_name` = 'cache_config' LIMIT 1 [ RunTime:0.000373s ]
[2020-04-04T14:45:18+08:00][sql] SELECT `a`.*,`b`.`config_name` FROM `eb_system_group_data` `a` INNER JOIN `eb_system_group` `b` ON `a`.`gid`=`b`.`id` WHERE  `b`.`config_name` = 'routine_home_activity'  AND `a`.`status` = 1 ORDER BY `sort` DESC,`id` ASC LIMIT 3 [ RunTime:0.000296s ]
[2020-04-04T14:45:18+08:00][sql] SELECT * FROM `eb_system_config` WHERE  `menu_name` = 'cache_config' LIMIT 1 [ RunTime:0.000325s ]
[2020-04-04T14:45:18+08:00][sql] SELECT `menu_name`,`value` FROM `eb_system_config` [ RunTime:0.000247s ]
[2020-04-04T14:45:18+08:00][sql] SELECT * FROM `eb_system_config` WHERE  `menu_name` = 'cache_config' LIMIT 1 [ RunTime:0.000327s ]
[2020-04-04T14:45:18+08:00][sql] SELECT `a`.*,`b`.`config_name` FROM `eb_system_group_data` `a` INNER JOIN `eb_system_group` `b` ON `a`.`gid`=`b`.`id` WHERE  `b`.`config_name` = 'routine_index_page'  AND `a`.`status` = 1 ORDER BY `sort` DESC,`id` ASC [ RunTime:0.000312s ]
[2020-04-04T14:45:18+08:00][sql] SELECT * FROM `eb_system_config` WHERE  `menu_name` = 'cache_config' LIMIT 1 [ RunTime:0.000440s ]
[2020-04-04T14:45:18+08:00][sql] SHOW FULL COLUMNS FROM `eb_store_category` [ RunTime:0.000649s ]
[2020-04-04T14:45:18+08:00][sql] SELECT `id`,`cate_name`,`pid`,`pic` FROM `eb_store_category` WHERE  `pid` > 0  AND `is_show` = 1 ORDER BY `sort` DESC LIMIT 10 [ RunTime:0.000288s ]
[2020-04-04T14:45:18+08:00][sql] SHOW FULL COLUMNS FROM `eb_store_product` [ RunTime:0.000808s ]
[2020-04-04T14:45:18+08:00][sql] SELECT id,image,store_name,cate_id,price,ot_price,IFNULL(sales,0) + IFNULL(ficti,0) as sales,unit_name FROM `eb_store_product` WHERE  `is_best` = 1  AND `is_del` = 0  AND `mer_id` = 0  AND `stock` > 0  AND `is_show` = 1 ORDER BY `sort` DESC,`id` DESC LIMIT 10 [ RunTime:0.000414s ]
[2020-04-04T14:45:18+08:00][sql] SELECT * FROM `eb_system_config` WHERE  `menu_name` = 'cache_config' LIMIT 1 [ RunTime:0.000304s ]
[2020-04-04T14:45:18+08:00][sql] SHOW FULL COLUMNS FROM `eb_user_level` [ RunTime:0.000942s ]
[2020-04-04T14:45:18+08:00][sql] SELECT `level_id`,`is_forever`,`valid_time`,`id`,`status`,`grade` FROM `eb_user_level` WHERE  `status` = 1  AND `is_del` = 0  AND `uid` = 0 ORDER BY `grade` DESC LIMIT 1 [ RunTime:0.000229s ]
[2020-04-04T14:45:18+08:00][sql] SHOW FULL COLUMNS FROM `eb_system_user_level` [ RunTime:0.000614s ]
[2020-04-04T14:45:18+08:00][sql] SELECT `discount` FROM `eb_system_user_level` WHERE  `is_show` = 1  AND `is_del` = 0 ORDER BY `grade` ASC LIMIT 1 [ RunTime:0.000223s ]
[2020-04-04T14:45:18+08:00][sql] SELECT id,image,store_name,cate_id,price,unit_name,IFNULL(sales,0) + IFNULL(ficti,0) as sales FROM `eb_store_product` WHERE  `is_new` = 1  AND `is_del` = 0  AND `mer_id` = 0  AND `stock` > 0  AND `is_show` = 1 ORDER BY `sort` DESC,`id` DESC LIMIT 10 [ RunTime:0.000333s ]
[2020-04-04T14:45:18+08:00][sql] SELECT * FROM `eb_system_config` WHERE  `menu_name` = 'cache_config' LIMIT 1 [ RunTime:0.000312s ]
[2020-04-04T14:45:18+08:00][sql] SELECT `level_id`,`is_forever`,`valid_time`,`id`,`status`,`grade` FROM `eb_user_level` WHERE  `status` = 1  AND `is_del` = 0  AND `uid` = 0 ORDER BY `grade` DESC LIMIT 1 [ RunTime:0.000213s ]
[2020-04-04T14:45:18+08:00][sql] SELECT `discount` FROM `eb_system_user_level` WHERE  `is_show` = 1  AND `is_del` = 0 ORDER BY `grade` ASC LIMIT 1 [ RunTime:0.000207s ]
[2020-04-04T14:45:18+08:00][sql] SELECT * FROM `eb_system_config` WHERE  `menu_name` = 'cache_config' LIMIT 1 [ RunTime:0.000469s ]
[2020-04-04T14:45:18+08:00][sql] SELECT `a`.*,`b`.`config_name` FROM `eb_system_group_data` `a` INNER JOIN `eb_system_group` `b` ON `a`.`gid`=`b`.`id` WHERE  `b`.`config_name` = 'routine_home_bast_banner'  AND `a`.`status` = 1 ORDER BY `sort` DESC,`id` ASC [ RunTime:0.000288s ]
[2020-04-04T14:45:18+08:00][sql] SELECT `id`,`image`,`store_name`,`cate_id`,`price`,`ot_price`,`stock`,`unit_name` FROM `eb_store_product` WHERE  `is_benefit` = 1  AND `is_del` = 0  AND `mer_id` = 0  AND `stock` > 0  AND `is_show` = 1 ORDER BY `sort` DESC,`id` DESC LIMIT 3 [ RunTime:0.000339s ]
[2020-04-04T14:45:18+08:00][sql] SELECT * FROM `eb_system_config` WHERE  `menu_name` = 'cache_config' LIMIT 1 [ RunTime:0.000320s ]
[2020-04-04T14:45:18+08:00][sql] SELECT `a`.*,`b`.`config_name` FROM `eb_system_group_data` `a` INNER JOIN `eb_system_group` `b` ON `a`.`gid`=`b`.`id` WHERE  `b`.`config_name` = 'routine_home_new_banner'  AND `a`.`status` = 1 ORDER BY `sort` DESC,`id` ASC [ RunTime:0.000296s ]
[2020-04-04T14:45:18+08:00][sql] SELECT `id`,`image`,`store_name`,`cate_id`,`price`,`unit_name` FROM `eb_store_product` WHERE  `is_hot` = 1  AND `is_del` = 0  AND `mer_id` = 0  AND `stock` > 0  AND `is_show` = 1 ORDER BY `sort` DESC,`id` DESC LIMIT 3 [ RunTime:0.000382s ]
[2020-04-04T14:45:18+08:00][sql] SELECT * FROM `eb_system_config` WHERE  `menu_name` = 'cache_config' LIMIT 1 [ RunTime:0.000321s ]
[2020-04-04T14:45:18+08:00][sql] SELECT `level_id`,`is_forever`,`valid_time`,`id`,`status`,`grade` FROM `eb_user_level` WHERE  `status` = 1  AND `is_del` = 0  AND `uid` = 0 ORDER BY `grade` DESC LIMIT 1 [ RunTime:0.000232s ]
[2020-04-04T14:45:18+08:00][sql] SELECT `discount` FROM `eb_system_user_level` WHERE  `is_show` = 1  AND `is_del` = 0 ORDER BY `grade` ASC LIMIT 1 [ RunTime:0.000200s ]
[2020-04-04T14:45:18+08:00][sql] SHOW FULL COLUMNS FROM `eb_store_coupon_issue` [ RunTime:0.000805s ]
[2020-04-04T14:45:18+08:00][sql] SELECT `A`.*,`B`.`coupon_price`,`B`.`use_min_price` FROM `eb_store_coupon_issue` `A` INNER JOIN `eb_store_coupon` `B` ON `A`.`cid`=`B`.`id` WHERE  `A`.`status` = 1  AND (  (  `A`.`start_time` < 1585982718  AND `A`.`end_time` > 1585982718 ) OR (  `A`.`start_time` = 0  AND `A`.`end_time` = 0 ) )  AND `A`.`is_del` = 0  AND ( A.remain_count > 0 OR A.is_permanent = 1 ) ORDER BY `B`.`sort` DESC,`A`.`id` DESC LIMIT 3 [ RunTime:0.000547s ]
[2020-04-04T14:45:18+08:00][sql] SHOW FULL COLUMNS FROM `eb_wechat_user` [ RunTime:0.000983s ]
[2020-04-04T14:45:18+08:00][sql] SELECT `subscribe` FROM `eb_wechat_user` WHERE  `uid` = 0 LIMIT 1 [ RunTime:0.000170s ]
[2020-04-04T14:45:18+08:00][sql] SELECT * FROM `eb_system_config` WHERE  `menu_name` = 'cache_config' LIMIT 1 [ RunTime:0.000309s ]
[2020-04-04T14:45:19+08:00][sql] CONNECT:[ UseTime:0.000267s ] mysql:host=localhost;port=3306;dbname=crmeb;charset=utf8
[2020-04-04T14:45:19+08:00][sql] SHOW FULL COLUMNS FROM `eb_user_token` [ RunTime:0.000739s ]
[2020-04-04T14:45:19+08:00][sql] SELECT * FROM `eb_user_token` WHERE  `token` IS NULL LIMIT 1 [ RunTime:0.000212s ]
[2020-04-04T14:45:19+08:00][sql] SHOW FULL COLUMNS FROM `eb_system_config` [ RunTime:0.000717s ]
[2020-04-04T14:45:19+08:00][sql] SELECT * FROM `eb_system_config` WHERE  `menu_name` = 'cache_config' LIMIT 1 [ RunTime:0.000427s ]
[2020-04-04T14:45:19+08:00][sql] SELECT * FROM `eb_system_config` WHERE  `menu_name` = 'cache_config' LIMIT 1 [ RunTime:0.000369s ]
[2020-04-04T14:45:25+08:00][info] [ VIEW ] /www/wwwroot/mini.xunmirensheng.com/app/admin/view/login/index.php [ array (
) ]
[2020-04-04T14:45:41+08:00][sql] CONNECT:[ UseTime:0.000283s ] mysql:host=localhost;port=3306;dbname=crmeb;charset=utf8
[2020-04-04T14:45:41+08:00][sql] SHOW FULL COLUMNS FROM `eb_system_admin` [ RunTime:0.000863s ]
[2020-04-04T14:45:41+08:00][sql] SELECT * FROM `eb_system_admin` WHERE  `id` = 1 LIMIT 1 [ RunTime:0.000327s ]
[2020-04-04T14:45:41+08:00][sql] SHOW FULL COLUMNS FROM `eb_system_menus` [ RunTime:0.000679s ]
[2020-04-04T14:45:41+08:00][sql] SELECT `module`,`controller`,`action`,`params` FROM `eb_system_menus` WHERE  ( `controller` <> '' OR `action` <> '' ) [ RunTime:0.000598s ]
[2020-04-04T14:45:41+08:00][sql] SHOW FULL COLUMNS FROM `eb_system_config` [ RunTime:0.000721s ]
[2020-04-04T14:45:41+08:00][sql] SELECT * FROM `eb_system_config` WHERE  `menu_name` = 'site_logo' LIMIT 1 [ RunTime:0.000237s ]
[2020-04-04T14:45:41+08:00][sql] SELECT * FROM `eb_system_menus` WHERE  `is_show` = 1  AND `access` = 1 ORDER BY `sort` DESC [ RunTime:0.000839s ]
[2020-04-04T14:45:41+08:00][sql] SELECT * FROM `eb_system_config` WHERE  `menu_name` = 'cache_config' LIMIT 1 [ RunTime:0.000392s ]
[2020-04-04T14:45:41+08:00][sql] SHOW FULL COLUMNS FROM `eb_system_role` [ RunTime:0.000605s ]
[2020-04-04T14:45:41+08:00][sql] SELECT `role_name` FROM `eb_system_role` WHERE  `id` = 1 LIMIT 1 [ RunTime:0.000180s ]
[2020-04-04T14:45:41+08:00][info] [ VIEW ] /www/wwwroot/mini.xunmirensheng.com/app/admin/view/index/index.php [ array (
  0 => '_admin',
  1 => 'menuList',
  2 => 'site_logo',
  3 => 'new_order_audio_link',
  4 => 'role_name',
  5 => 'workermanPort',
) ]
[2020-04-04T14:45:42+08:00][sql] CONNECT:[ UseTime:0.000293s ] mysql:host=localhost;port=3306;dbname=crmeb;charset=utf8
[2020-04-04T14:45:42+08:00][sql] SHOW FULL COLUMNS FROM `eb_system_admin` [ RunTime:0.000818s ]
[2020-04-04T14:45:42+08:00][sql] SELECT * FROM `eb_system_admin` WHERE  `id` = 1 LIMIT 1 [ RunTime:0.000366s ]
[2020-04-04T14:45:42+08:00][sql] SHOW FULL COLUMNS FROM `eb_system_menus` [ RunTime:0.000633s ]
[2020-04-04T14:45:42+08:00][sql] SELECT `module`,`controller`,`action`,`params` FROM `eb_system_menus` WHERE  ( `controller` <> '' OR `action` <> '' ) [ RunTime:0.000603s ]
[2020-04-04T14:45:42+08:00][sql] SHOW FULL COLUMNS FROM `eb_store_order` [ RunTime:0.001208s ]
[2020-04-04T14:45:42+08:00][sql] SELECT COUNT(*) AS think_count FROM `eb_store_order` WHERE  `status` = 0  AND `paid` = 1  AND `refund_status` = 0 [ RunTime:0.000336s ]
[2020-04-04T14:45:42+08:00][sql] SELECT COUNT(*) AS think_count FROM `eb_store_order` WHERE  `paid` = 1  AND `refund_status` = 1 [ RunTime:0.000251s ]
[2020-04-04T14:45:42+08:00][sql] SHOW FULL COLUMNS FROM `eb_system_config` [ RunTime:0.000622s ]
[2020-04-04T14:45:42+08:00][sql] SELECT * FROM `eb_system_config` WHERE  `menu_name` = 'store_stock' LIMIT 1 [ RunTime:0.000296s ]
[2020-04-04T14:45:42+08:00][sql] SELECT * FROM `eb_system_config` WHERE  `menu_name` = 'store_stock' LIMIT 1 [ RunTime:0.000267s ]
[2020-04-04T14:45:42+08:00][sql] SHOW FULL COLUMNS FROM `eb_store_product` [ RunTime:0.000793s ]
[2020-04-04T14:45:42+08:00][sql] SELECT COUNT(*) AS think_count FROM `eb_store_product` WHERE  `stock` <= 2  AND `is_show` = 1  AND `is_del` = 0 [ RunTime:0.000293s ]
[2020-04-04T14:45:42+08:00][sql] SHOW FULL COLUMNS FROM `eb_user_extract` [ RunTime:0.000808s ]
[2020-04-04T14:45:42+08:00][sql] SELECT COUNT(*) AS think_count FROM `eb_user_extract` WHERE  `status` = 0 [ RunTime:0.000189s ]
[2020-04-04T14:45:42+08:00][sql] SELECT COUNT(*) AS think_count FROM `eb_store_order` WHERE  `paid` = 1  AND `pay_time` BETWEEN 1585843200 AND 1585929599 [ RunTime:0.000246s ]
[2020-04-04T14:45:42+08:00][sql] SELECT COUNT(*) AS think_count FROM `eb_store_order` WHERE  `paid` = 1  AND `pay_time` > 1585843200  AND `pay_time` < 1585929600 [ RunTime:0.000210s ]
[2020-04-04T14:45:42+08:00][sql] SELECT SUM(`pay_price`) AS think_sum FROM `eb_store_order` WHERE  `paid` = 1  AND `pay_time` BETWEEN 1585843200 AND 1585929599 [ RunTime:0.000205s ]
[2020-04-04T14:45:42+08:00][sql] SELECT SUM(`pay_price`) AS think_sum FROM `eb_store_order` WHERE  `paid` = 1  AND `pay_time` > 1585756800  AND `pay_time` < 1585843200 [ RunTime:0.000210s ]
[2020-04-04T14:45:42+08:00][sql] SELECT SUM(`pay_price`) AS think_sum FROM `eb_store_order` WHERE  `paid` = 1  AND `pay_time` BETWEEN 1585670400 AND 1588262399 [ RunTime:0.000203s ]
[2020-04-04T14:45:42+08:00][sql] SELECT sum(pay_price) FROM `eb_store_order` WHERE  `paid` = 1  AND `pay_time` > 1582992000  AND `pay_time` < 1585670400 LIMIT 1 [ RunTime:0.000195s ]
[2020-04-04T14:45:42+08:00][sql] SHOW FULL COLUMNS FROM `eb_user` [ RunTime:0.000949s ]
[2020-04-04T14:45:42+08:00][sql] SELECT COUNT(*) AS think_count FROM `eb_user` WHERE  `add_time` > 1585929600 [ RunTime:0.000188s ]
[2020-04-04T14:45:42+08:00][sql] SELECT COUNT(*) AS think_count FROM `eb_user` WHERE  `add_time` > 1585843200  AND `add_time` < 1585929600 [ RunTime:0.000196s ]
[2020-04-04T14:45:42+08:00][sql] SELECT COUNT(*) AS think_count FROM `eb_user` WHERE  `add_time` > 1585670400 [ RunTime:0.000174s ]
[2020-04-04T14:45:42+08:00][sql] SELECT COUNT(*) AS think_count FROM `eb_user` WHERE  `add_time` > 1582992000  AND `add_time` < 1585670400 [ RunTime:0.000169s ]
[2020-04-04T14:45:42+08:00][sql] SELECT COUNT(*) AS think_count FROM `eb_store_order` WHERE  `add_time` > 1585670400 [ RunTime:0.000175s ]
[2020-04-04T14:45:42+08:00][sql] SELECT COUNT(*) AS think_count FROM `eb_store_order` WHERE  `add_time` > 1582992000  AND `add_time` < 1585670400 [ RunTime:0.000185s ]
[2020-04-04T14:45:42+08:00][sql] SELECT COUNT(*) AS think_count FROM `eb_store_order` WHERE  `add_time` > 1582992000  AND `add_time` < 1585670400 [ RunTime:0.000197s ]
[2020-04-04T14:45:42+08:00][sql] SELECT COUNT(*) AS think_count FROM `eb_store_order` WHERE  `add_time` > 1580486400  AND `add_time` < 1582992000 [ RunTime:0.000174s ]
[2020-04-04T14:45:42+08:00][info] [ VIEW ] /www/wwwroot/mini.xunmirensheng.com/app/admin/view/index/main.php [ array (
  0 => '_admin',
  1 => 'first_line',
  2 => 'second_line',
  3 => 'topData',
) ]
[2020-04-04T14:45:48+08:00][sql] CONNECT:[ UseTime:0.000341s ] mysql:host=localhost;port=3306;dbname=crmeb;charset=utf8
[2020-04-04T14:45:48+08:00][sql] SHOW FULL COLUMNS FROM `eb_system_admin` [ RunTime:0.001114s ]
[2020-04-04T14:45:48+08:00][sql] SELECT * FROM `eb_system_admin` WHERE  `id` = 1 LIMIT 1 [ RunTime:0.000319s ]
[2020-04-04T14:45:48+08:00][sql] SHOW FULL COLUMNS FROM `eb_system_menus` [ RunTime:0.000856s ]
[2020-04-04T14:45:48+08:00][sql] SELECT `module`,`controller`,`action`,`params` FROM `eb_system_menus` WHERE  ( `controller` <> '' OR `action` <> '' ) [ RunTime:0.000935s ]
[2020-04-04T14:45:48+08:00][sql] SHOW FULL COLUMNS FROM `eb_user` [ RunTime:0.001079s ]
[2020-04-04T14:45:48+08:00][sql] SELECT FROM_UNIXTIME(add_time,'%m-%e') as day,count(*) as count FROM `eb_user` WHERE  `add_time` BETWEEN 1583337600 AND 1585929600 GROUP BY FROM_UNIXTIME(add_time,'%Y%m%e') ORDER BY `add_time` ASC [ RunTime:0.000333s ]
[2020-04-04T14:45:48+08:00][sql] CONNECT:[ UseTime:0.000312s ] mysql:host=localhost;port=3306;dbname=crmeb;charset=utf8
[2020-04-04T14:45:48+08:00][sql] SHOW FULL COLUMNS FROM `eb_system_admin` [ RunTime:0.001123s ]
[2020-04-04T14:45:48+08:00][sql] SELECT * FROM `eb_system_admin` WHERE  `id` = 1 LIMIT 1 [ RunTime:0.000319s ]
[2020-04-04T14:45:48+08:00][sql] SHOW FULL COLUMNS FROM `eb_system_menus` [ RunTime:0.001182s ]
[2020-04-04T14:45:48+08:00][sql] SELECT `module`,`controller`,`action`,`params` FROM `eb_system_menus` WHERE  ( `controller` <> '' OR `action` <> '' ) [ RunTime:0.000932s ]
[2020-04-04T14:45:48+08:00][sql] SHOW FULL COLUMNS FROM `eb_store_order` [ RunTime:0.001280s ]
[2020-04-04T14:45:48+08:00][sql] SELECT FROM_UNIXTIME(add_time,'%m-%d') as day,count(*) as count,sum(pay_price) as price FROM `eb_store_order` WHERE  `add_time` BETWEEN 1583337600 AND 1585929600 GROUP BY FROM_UNIXTIME(add_time,'%Y%m%d') ORDER BY `add_time` ASC [ RunTime:0.000350s ]
[2020-04-04T14:45:53+08:00][sql] CONNECT:[ UseTime:0.000327s ] mysql:host=localhost;port=3306;dbname=crmeb;charset=utf8
[2020-04-04T14:45:53+08:00][sql] SHOW FULL COLUMNS FROM `eb_system_admin` [ RunTime:0.000825s ]
[2020-04-04T14:45:53+08:00][sql] SELECT * FROM `eb_system_admin` WHERE  `id` = 1 LIMIT 1 [ RunTime:0.000278s ]
[2020-04-04T14:45:53+08:00][sql] SHOW FULL COLUMNS FROM `eb_system_menus` [ RunTime:0.000664s ]
[2020-04-04T14:45:53+08:00][sql] SELECT `module`,`controller`,`action`,`params` FROM `eb_system_menus` WHERE  ( `controller` <> '' OR `action` <> '' ) [ RunTime:0.000627s ]
[2020-04-04T14:45:53+08:00][sql] SHOW FULL COLUMNS FROM `eb_store_order` [ RunTime:0.000953s ]
[2020-04-04T14:45:53+08:00][sql] SELECT COUNT(*) AS think_count FROM `eb_store_order` WHERE  `paid` = 1  AND `status` = 0  AND `shipping_type` = 1  AND `refund_status` = 0  AND `is_del` = 0 [ RunTime:0.000294s ]
[2020-04-04T14:45:53+08:00][sql] SHOW FULL COLUMNS FROM `eb_system_config` [ RunTime:0.000651s ]
[2020-04-04T14:45:53+08:00][sql] SELECT * FROM `eb_system_config` WHERE  `menu_name` = 'store_stock' LIMIT 1 [ RunTime:0.000295s ]
[2020-04-04T14:45:53+08:00][sql] SELECT * FROM `eb_system_config` WHERE  `menu_name` = 'store_stock' LIMIT 1 [ RunTime:0.000331s ]
[2020-04-04T14:45:53+08:00][sql] SHOW FULL COLUMNS FROM `eb_store_product` [ RunTime:0.000757s ]
[2020-04-04T14:45:53+08:00][sql] SELECT COUNT(*) AS think_count FROM `eb_store_product` WHERE  `stock` <= 2  AND `is_show` = 1  AND `is_del` = 0 [ RunTime:0.000291s ]
[2020-04-04T14:45:53+08:00][sql] SHOW FULL COLUMNS FROM `eb_store_product_reply` [ RunTime:0.000921s ]
[2020-04-04T14:45:53+08:00][sql] SELECT COUNT(*) AS think_count FROM `eb_store_product_reply` WHERE  `is_reply` = 0 [ RunTime:0.000176s ]
[2020-04-04T14:45:53+08:00][sql] SHOW FULL COLUMNS FROM `eb_user_extract` [ RunTime:0.000642s ]
[2020-04-04T14:45:53+08:00][sql] SELECT COUNT(*) AS think_count FROM `eb_user_extract` WHERE  `status` = 0 [ RunTime:0.000190s ]
[2020-04-04T14:45:53+08:00][sql] SELECT `id`,`order_id` FROM `eb_store_order` WHERE  `paid` = 1  AND `status` = 0  AND `shipping_type` = 1  AND `refund_status` = 0  AND `is_del` = 0  AND `is_remind` = 0 [ RunTime:0.000233s ]
[2020-04-04T14:45:53+08:00][sql] CONNECT:[ UseTime:0.000282s ] mysql:host=localhost;port=3306;dbname=crmeb;charset=utf8
[2020-04-04T14:45:53+08:00][sql] SHOW FULL COLUMNS FROM `eb_system_admin` [ RunTime:0.000837s ]
[2020-04-04T14:45:53+08:00][sql] SELECT * FROM `eb_system_admin` WHERE  `id` = 1 LIMIT 1 [ RunTime:0.000290s ]
[2020-04-04T14:45:53+08:00][sql] SHOW FULL COLUMNS FROM `eb_system_menus` [ RunTime:0.000723s ]
[2020-04-04T14:45:53+08:00][sql] SELECT `module`,`controller`,`action`,`params` FROM `eb_system_menus` WHERE  ( `controller` <> '' OR `action` <> '' ) [ RunTime:0.000617s ]
[2020-04-04T14:45:53+08:00][sql] SELECT `menu_name` FROM `eb_system_menus` WHERE  `action` = 'index'  AND `controller` = 'store.StoreProduct'  AND `module` = 'admin'  AND `params` = '[]'  AND ( params = '[]' OR params = '[]' ) ORDER BY `id` DESC LIMIT 1 [ RunTime:0.000551s ]
[2020-04-04T14:45:53+08:00][sql] SHOW FULL COLUMNS FROM `eb_system_log` [ RunTime:0.000827s ]
[2020-04-04T14:45:53+08:00][sql] INSERT INTO `eb_system_log` SET `method` = 'admin' , `admin_id` = 1 , `add_time` = 1585982753 , `admin_name` = 'admin' , `path` = 'admin/store.storeproduct/index/' , `page` = '未知' , `ip` = '117.132.195.204' , `type` = 'system' [ RunTime:0.000247s ]
[2020-04-04T14:45:53+08:00][sql] SHOW FULL COLUMNS FROM `eb_store_category` [ RunTime:0.000604s ]
[2020-04-04T14:45:53+08:00][sql] SELECT * FROM `eb_store_category` ORDER BY `sort` DESC,`id` DESC [ RunTime:0.000260s ]
[2020-04-04T14:45:53+08:00][sql] SHOW FULL COLUMNS FROM `eb_store_product` [ RunTime:0.000794s ]
[2020-04-04T14:45:53+08:00][sql] SELECT COUNT(*) AS think_count FROM `eb_store_product` WHERE  `is_del` = 0  AND `is_show` = 1 [ RunTime:0.000361s ]
[2020-04-04T14:45:53+08:00][sql] SELECT COUNT(*) AS think_count FROM `eb_store_product` WHERE  `is_del` = 0  AND `is_show` = 0 [ RunTime:0.000251s ]
[2020-04-04T14:45:53+08:00][sql] SELECT COUNT(*) AS think_count FROM `eb_store_product` WHERE  `is_del` = 0 [ RunTime:0.000190s ]
[2020-04-04T14:45:53+08:00][sql] SELECT COUNT(*) AS think_count FROM `eb_store_product` `p` LEFT JOIN `eb_store_product_attr_value` `pav` ON `p`.`id`=`pav`.`product_id` WHERE  `p`.`is_show` = 1  AND `p`.`is_del` = 0  AND ( `pav`.`stock` = 0 OR `p`.`stock` = 0 ) [ RunTime:0.000319s ]
[2020-04-04T14:45:53+08:00][sql] SHOW FULL COLUMNS FROM `eb_system_config` [ RunTime:0.000628s ]
[2020-04-04T14:45:53+08:00][sql] SELECT * FROM `eb_system_config` WHERE  `menu_name` = 'cache_config' LIMIT 1 [ RunTime:0.000345s ]
[2020-04-04T14:45:53+08:00][sql] SELECT COUNT(*) AS think_count FROM `eb_store_product` `p` LEFT JOIN `eb_store_product_attr_value` `pav` ON `p`.`id`=`pav`.`product_id` WHERE  `p`.`is_show` = 1  AND `p`.`is_del` = 0  AND `p`.`stock` <= '2' [ RunTime:0.000297s ]
[2020-04-04T14:45:53+08:00][sql] SELECT COUNT(*) AS think_count FROM `eb_store_product` WHERE  `is_del` = 1 [ RunTime:0.000218s ]
[2020-04-04T14:45:53+08:00][info] [ VIEW ] /www/wwwroot/mini.xunmirensheng.com/app/admin/view/store/store_product/index.php [ array (
  0 => '_admin',
  1 => 'cate',
  2 => 'type',
  3 => 'onsale',
  4 => 'forsale',
  5 => 'warehouse',
  6 => 'outofstock',
  7 => 'policeforce',
  8 => 'recycle',
) ]
[2020-04-04T14:46:08+08:00][sql] CONNECT:[ UseTime:0.000296s ] mysql:host=localhost;port=3306;dbname=crmeb;charset=utf8
[2020-04-04T14:46:08+08:00][sql] SHOW FULL COLUMNS FROM `eb_system_admin` [ RunTime:0.000879s ]
[2020-04-04T14:46:08+08:00][sql] SELECT * FROM `eb_system_admin` WHERE  `id` = 1 LIMIT 1 [ RunTime:0.000289s ]
[2020-04-04T14:46:08+08:00][sql] SHOW FULL COLUMNS FROM `eb_system_menus` [ RunTime:0.000738s ]
[2020-04-04T14:46:08+08:00][sql] SELECT `module`,`controller`,`action`,`params` FROM `eb_system_menus` WHERE  ( `controller` <> '' OR `action` <> '' ) [ RunTime:0.000623s ]
[2020-04-04T14:46:08+08:00][sql] SELECT `menu_name` FROM `eb_system_menus` WHERE  `action` = 'edit'  AND `controller` = 'store.StoreProduct'  AND `module` = 'admin'  AND `params` = '[]'  AND ( params = '[]' OR params = '[]' ) ORDER BY `id` DESC LIMIT 1 [ RunTime:0.000524s ]
[2020-04-04T14:46:08+08:00][sql] SHOW FULL COLUMNS FROM `eb_system_log` [ RunTime:0.000616s ]
[2020-04-04T14:46:08+08:00][sql] INSERT INTO `eb_system_log` SET `method` = 'admin' , `admin_id` = 1 , `add_time` = 1585982768 , `admin_name` = 'admin' , `path` = 'admin/store.storeproduct/edit/' , `page` = '未知' , `ip` = '117.132.195.204' , `type` = 'system' [ RunTime:0.000242s ]
[2020-04-04T14:46:08+08:00][sql] SHOW FULL COLUMNS FROM `eb_store_product` [ RunTime:0.000908s ]
[2020-04-04T14:46:08+08:00][sql] SELECT * FROM `eb_store_product` WHERE  `id` = 11 LIMIT 1 [ RunTime:0.000342s ]
[2020-04-04T14:46:08+08:00][sql] SHOW FULL COLUMNS FROM `eb_store_category` [ RunTime:0.000572s ]
[2020-04-04T14:46:08+08:00][sql] SELECT * FROM `eb_store_category` ORDER BY `sort` DESC,`id` DESC [ RunTime:0.000260s ]
[2020-04-04T14:46:08+08:00][sql] SHOW FULL COLUMNS FROM `eb_store_product_attr_value` [ RunTime:0.000684s ]
[2020-04-04T14:46:08+08:00][sql] SELECT SUM(`stock`) AS think_sum FROM `eb_store_product_attr_value` WHERE  `product_id` = 11 [ RunTime:0.000222s ]
[2020-04-04T14:46:08+08:00][info] [ VIEW ] /www/wwwroot/mini.xunmirensheng.com/app/admin/view/public/form-builder.php [ array (
  0 => '_admin',
  1 => 'form',
) ]
[2020-04-04T14:46:28+08:00][sql] CONNECT:[ UseTime:0.000273s ] mysql:host=localhost;port=3306;dbname=crmeb;charset=utf8
[2020-04-04T14:46:28+08:00][sql] SHOW FULL COLUMNS FROM `eb_system_admin` [ RunTime:0.000805s ]
[2020-04-04T14:46:28+08:00][sql] SELECT * FROM `eb_system_admin` WHERE  `id` = 1 LIMIT 1 [ RunTime:0.000293s ]
[2020-04-04T14:46:28+08:00][sql] SHOW FULL COLUMNS FROM `eb_system_menus` [ RunTime:0.000643s ]
[2020-04-04T14:46:28+08:00][sql] SELECT `module`,`controller`,`action`,`params` FROM `eb_system_menus` WHERE  ( `controller` <> '' OR `action` <> '' ) [ RunTime:0.001426s ]
[2020-04-04T14:46:28+08:00][sql] SELECT `menu_name` FROM `eb_system_menus` WHERE  `action` = 'index'  AND `controller` = 'store.StoreProduct'  AND `module` = 'admin'  AND `params` = '[]'  AND ( params = '[]' OR params = '[]' ) ORDER BY `id` DESC LIMIT 1 [ RunTime:0.001039s ]
[2020-04-04T14:46:28+08:00][sql] SHOW FULL COLUMNS FROM `eb_system_log` [ RunTime:0.000625s ]
[2020-04-04T14:46:28+08:00][sql] INSERT INTO `eb_system_log` SET `method` = 'admin' , `admin_id` = 1 , `add_time` = 1585982788 , `admin_name` = 'admin' , `path` = 'admin/store.storeproduct/index/' , `page` = '未知' , `ip` = '117.132.195.204' , `type` = 'system' [ RunTime:0.000223s ]
[2020-04-04T14:46:28+08:00][sql] SHOW FULL COLUMNS FROM `eb_store_category` [ RunTime:0.001272s ]
[2020-04-04T14:46:28+08:00][sql] SELECT * FROM `eb_store_category` ORDER BY `sort` DESC,`id` DESC [ RunTime:0.000253s ]
[2020-04-04T14:46:28+08:00][sql] SHOW FULL COLUMNS FROM `eb_store_product` [ RunTime:0.000829s ]
[2020-04-04T14:46:28+08:00][sql] SELECT COUNT(*) AS think_count FROM `eb_store_product` WHERE  `is_del` = 0  AND `is_show` = 1 [ RunTime:0.000324s ]
[2020-04-04T14:46:28+08:00][sql] SELECT COUNT(*) AS think_count FROM `eb_store_product` WHERE  `is_del` = 0  AND `is_show` = 0 [ RunTime:0.000288s ]
[2020-04-04T14:46:28+08:00][sql] SELECT COUNT(*) AS think_count FROM `eb_store_product` WHERE  `is_del` = 0 [ RunTime:0.000207s ]
[2020-04-04T14:46:28+08:00][sql] SELECT COUNT(*) AS think_count FROM `eb_store_product` `p` LEFT JOIN `eb_store_product_attr_value` `pav` ON `p`.`id`=`pav`.`product_id` WHERE  `p`.`is_show` = 1  AND `p`.`is_del` = 0  AND ( `pav`.`stock` = 0 OR `p`.`stock` = 0 ) [ RunTime:0.000329s ]
[2020-04-04T14:46:28+08:00][sql] SHOW FULL COLUMNS FROM `eb_system_config` [ RunTime:0.000675s ]
[2020-04-04T14:46:28+08:00][sql] SELECT * FROM `eb_system_config` WHERE  `menu_name` = 'cache_config' LIMIT 1 [ RunTime:0.000327s ]
[2020-04-04T14:46:28+08:00][sql] SELECT COUNT(*) AS think_count FROM `eb_store_product` `p` LEFT JOIN `eb_store_product_attr_value` `pav` ON `p`.`id`=`pav`.`product_id` WHERE  `p`.`is_show` = 1  AND `p`.`is_del` = 0  AND `p`.`stock` <= '2' [ RunTime:0.000372s ]
[2020-04-04T14:46:28+08:00][sql] SELECT COUNT(*) AS think_count FROM `eb_store_product` WHERE  `is_del` = 1 [ RunTime:0.000191s ]
[2020-04-04T14:46:28+08:00][info] [ VIEW ] /www/wwwroot/mini.xunmirensheng.com/app/admin/view/store/store_product/index.php [ array (
  0 => '_admin',
  1 => 'cate',
  2 => 'type',
  3 => 'onsale',
  4 => 'forsale',
  5 => 'warehouse',
  6 => 'outofstock',
  7 => 'policeforce',
  8 => 'recycle',
) ]
[2020-04-04T14:46:34+08:00][info] [ VIEW ] /www/wwwroot/mini.xunmirensheng.com/public/index.html [ array (
) ]
[2020-04-04T14:46:35+08:00][sql] CONNECT:[ UseTime:0.000296s ] mysql:host=localhost;port=3306;dbname=crmeb;charset=utf8
[2020-04-04T14:46:35+08:00][sql] SHOW FULL COLUMNS FROM `eb_user_token` [ RunTime:0.000906s ]
[2020-04-04T14:46:35+08:00][sql] SELECT * FROM `eb_user_token` WHERE  `token` IS NULL LIMIT 1 [ RunTime:0.000216s ]
[2020-04-04T14:46:35+08:00][sql] SHOW FULL COLUMNS FROM `eb_system_config` [ RunTime:0.000906s ]
[2020-04-04T14:46:35+08:00][sql] SELECT * FROM `eb_system_config` WHERE  `menu_name` = 'cache_config' LIMIT 1 [ RunTime:0.000449s ]
[2020-04-04T14:46:35+08:00][sql] SELECT * FROM `eb_system_config` WHERE  `menu_name` = 'cache_config' LIMIT 1 [ RunTime:0.000420s ]
[2020-04-04T14:46:35+08:00][sql] CONNECT:[ UseTime:0.000959s ] mysql:host=localhost;port=3306;dbname=crmeb;charset=utf8
[2020-04-04T14:46:35+08:00][sql] SHOW FULL COLUMNS FROM `eb_user_token` [ RunTime:0.001110s ]
[2020-04-04T14:46:35+08:00][sql] SELECT * FROM `eb_user_token` WHERE  `token` IS NULL LIMIT 1 [ RunTime:0.000216s ]
[2020-04-04T14:46:35+08:00][sql] SHOW FULL COLUMNS FROM `eb_system_config` [ RunTime:0.001122s ]
[2020-04-04T14:46:35+08:00][sql] SELECT * FROM `eb_system_config` WHERE  `menu_name` = 'cache_config' LIMIT 1 [ RunTime:0.000482s ]
[2020-04-04T14:46:35+08:00][sql] SELECT * FROM `eb_system_config` WHERE  `menu_name` = 'cache_config' LIMIT 1 [ RunTime:0.000535s ]
[2020-04-04T14:46:35+08:00][sql] SELECT * FROM `eb_system_config` WHERE  `menu_name` = 'cache_config' LIMIT 1 [ RunTime:0.000509s ]
[2020-04-04T14:46:35+08:00][sql] SELECT * FROM `eb_system_config` WHERE  `menu_name` = 'cache_config' LIMIT 1 [ RunTime:0.000484s ]
[2020-04-04T14:46:35+08:00][sql] SELECT * FROM `eb_system_config` WHERE  `menu_name` = 'cache_config' LIMIT 1 [ RunTime:0.000446s ]
[2020-04-04T14:46:35+08:00][sql] SELECT * FROM `eb_system_config` WHERE  `menu_name` = 'cache_config' LIMIT 1 [ RunTime:0.000457s ]
[2020-04-04T14:46:35+08:00][sql] SELECT * FROM `eb_system_config` WHERE  `menu_name` = 'cache_config' LIMIT 1 [ RunTime:0.000467s ]
[2020-04-04T14:46:35+08:00][sql] SHOW FULL COLUMNS FROM `eb_store_category` [ RunTime:0.001077s ]
[2020-04-04T14:46:35+08:00][sql] SELECT `id`,`cate_name`,`pid`,`pic` FROM `eb_store_category` WHERE  `pid` > 0  AND `is_show` = 1 ORDER BY `sort` DESC LIMIT 10 [ RunTime:0.000333s ]
[2020-04-04T14:46:35+08:00][sql] SHOW FULL COLUMNS FROM `eb_store_product` [ RunTime:0.000907s ]
[2020-04-04T14:46:35+08:00][sql] SELECT id,image,store_name,cate_id,price,ot_price,IFNULL(sales,0) + IFNULL(ficti,0) as sales,unit_name FROM `eb_store_product` WHERE  `is_best` = 1  AND `is_del` = 0  AND `mer_id` = 0  AND `stock` > 0  AND `is_show` = 1 ORDER BY `sort` DESC,`id` DESC LIMIT 10 [ RunTime:0.000416s ]
[2020-04-04T14:46:35+08:00][sql] SELECT * FROM `eb_system_config` WHERE  `menu_name` = 'cache_config' LIMIT 1 [ RunTime:0.000322s ]
[2020-04-04T14:46:35+08:00][sql] SHOW FULL COLUMNS FROM `eb_user_level` [ RunTime:0.000625s ]
[2020-04-04T14:46:35+08:00][sql] SELECT `level_id`,`is_forever`,`valid_time`,`id`,`status`,`grade` FROM `eb_user_level` WHERE  `status` = 1  AND `is_del` = 0  AND `uid` = 0 ORDER BY `grade` DESC LIMIT 1 [ RunTime:0.000244s ]
[2020-04-04T14:46:35+08:00][sql] SHOW FULL COLUMNS FROM `eb_system_user_level` [ RunTime:0.000647s ]
[2020-04-04T14:46:35+08:00][sql] SELECT `discount` FROM `eb_system_user_level` WHERE  `is_show` = 1  AND `is_del` = 0 ORDER BY `grade` ASC LIMIT 1 [ RunTime:0.000205s ]
[2020-04-04T14:46:35+08:00][sql] SELECT id,image,store_name,cate_id,price,unit_name,IFNULL(sales,0) + IFNULL(ficti,0) as sales FROM `eb_store_product` WHERE  `is_new` = 1  AND `is_del` = 0  AND `mer_id` = 0  AND `stock` > 0  AND `is_show` = 1 ORDER BY `sort` DESC,`id` DESC LIMIT 10 [ RunTime:0.000387s ]
[2020-04-04T14:46:35+08:00][sql] SELECT * FROM `eb_system_config` WHERE  `menu_name` = 'cache_config' LIMIT 1 [ RunTime:0.000602s ]
[2020-04-04T14:46:35+08:00][sql] SELECT `level_id`,`is_forever`,`valid_time`,`id`,`status`,`grade` FROM `eb_user_level` WHERE  `status` = 1  AND `is_del` = 0  AND `uid` = 0 ORDER BY `grade` DESC LIMIT 1 [ RunTime:0.000367s ]
[2020-04-04T14:46:35+08:00][sql] SELECT `discount` FROM `eb_system_user_level` WHERE  `is_show` = 1  AND `is_del` = 0 ORDER BY `grade` ASC LIMIT 1 [ RunTime:0.000373s ]
[2020-04-04T14:46:35+08:00][sql] SELECT * FROM `eb_system_config` WHERE  `menu_name` = 'cache_config' LIMIT 1 [ RunTime:0.000309s ]
[2020-04-04T14:46:35+08:00][sql] SELECT `id`,`image`,`store_name`,`cate_id`,`price`,`ot_price`,`stock`,`unit_name` FROM `eb_store_product` WHERE  `is_benefit` = 1  AND `is_del` = 0  AND `mer_id` = 0  AND `stock` > 0  AND `is_show` = 1 ORDER BY `sort` DESC,`id` DESC LIMIT 3 [ RunTime:0.000355s ]
[2020-04-04T14:46:35+08:00][sql] SELECT * FROM `eb_system_config` WHERE  `menu_name` = 'cache_config' LIMIT 1 [ RunTime:0.000317s ]
[2020-04-04T14:46:35+08:00][sql] SELECT `id`,`image`,`store_name`,`cate_id`,`price`,`unit_name` FROM `eb_store_product` WHERE  `is_hot` = 1  AND `is_del` = 0  AND `mer_id` = 0  AND `stock` > 0  AND `is_show` = 1 ORDER BY `sort` DESC,`id` DESC LIMIT 3 [ RunTime:0.000387s ]
[2020-04-04T14:46:35+08:00][sql] SELECT * FROM `eb_system_config` WHERE  `menu_name` = 'cache_config' LIMIT 1 [ RunTime:0.000319s ]
[2020-04-04T14:46:35+08:00][sql] SELECT `level_id`,`is_forever`,`valid_time`,`id`,`status`,`grade` FROM `eb_user_level` WHERE  `status` = 1  AND `is_del` = 0  AND `uid` = 0 ORDER BY `grade` DESC LIMIT 1 [ RunTime:0.000225s ]
[2020-04-04T14:46:35+08:00][sql] SELECT `discount` FROM `eb_system_user_level` WHERE  `is_show` = 1  AND `is_del` = 0 ORDER BY `grade` ASC LIMIT 1 [ RunTime:0.000195s ]
[2020-04-04T14:46:35+08:00][sql] SHOW FULL COLUMNS FROM `eb_store_coupon_issue` [ RunTime:0.000613s ]
[2020-04-04T14:46:35+08:00][sql] SELECT `A`.*,`B`.`coupon_price`,`B`.`use_min_price` FROM `eb_store_coupon_issue` `A` INNER JOIN `eb_store_coupon` `B` ON `A`.`cid`=`B`.`id` WHERE  `A`.`status` = 1  AND (  (  `A`.`start_time` < 1585982795  AND `A`.`end_time` > 1585982795 ) OR (  `A`.`start_time` = 0  AND `A`.`end_time` = 0 ) )  AND `A`.`is_del` = 0  AND ( A.remain_count > 0 OR A.is_permanent = 1 ) ORDER BY `B`.`sort` DESC,`A`.`id` DESC LIMIT 3 [ RunTime:0.000387s ]
[2020-04-04T14:46:35+08:00][sql] SHOW FULL COLUMNS FROM `eb_wechat_user` [ RunTime:0.000696s ]
[2020-04-04T14:46:35+08:00][sql] SELECT `subscribe` FROM `eb_wechat_user` WHERE  `uid` = 0 LIMIT 1 [ RunTime:0.000169s ]
[2020-04-04T14:46:35+08:00][sql] SELECT * FROM `eb_system_config` WHERE  `menu_name` = 'cache_config' LIMIT 1 [ RunTime:0.000296s ]
[2020-04-04T14:47:05+08:00][info] [ VIEW ] /www/wwwroot/mini.xunmirensheng.com/public/index.html [ array (
) ]
[2020-04-04T14:47:17+08:00][info] [ VIEW ] /www/wwwroot/mini.xunmirensheng.com/public/index.html [ array (
) ]
[2020-04-04T14:47:18+08:00][sql] CONNECT:[ UseTime:0.000508s ] mysql:host=localhost;port=3306;dbname=crmeb;charset=utf8
[2020-04-04T14:47:18+08:00][sql] SHOW FULL COLUMNS FROM `eb_user_token` [ RunTime:0.001041s ]
[2020-04-04T14:47:18+08:00][sql] SELECT * FROM `eb_user_token` WHERE  `token` IS NULL LIMIT 1 [ RunTime:0.000245s ]
[2020-04-04T14:47:18+08:00][sql] SHOW FULL COLUMNS FROM `eb_system_config` [ RunTime:0.000905s ]
[2020-04-04T14:47:18+08:00][sql] SELECT * FROM `eb_system_config` WHERE  `menu_name` = 'cache_config' LIMIT 1 [ RunTime:0.000529s ]
[2020-04-04T14:47:18+08:00][sql] SELECT * FROM `eb_system_config` WHERE  `menu_name` = 'cache_config' LIMIT 1 [ RunTime:0.000502s ]
[2020-04-04T14:47:18+08:00][sql] CONNECT:[ UseTime:0.000191s ] mysql:host=localhost;port=3306;dbname=crmeb;charset=utf8
[2020-04-04T14:47:18+08:00][sql] SHOW FULL COLUMNS FROM `eb_user_token` [ RunTime:0.000835s ]
[2020-04-04T14:47:18+08:00][sql] SELECT * FROM `eb_user_token` WHERE  `token` IS NULL LIMIT 1 [ RunTime:0.000213s ]
[2020-04-04T14:47:18+08:00][sql] SHOW FULL COLUMNS FROM `eb_system_config` [ RunTime:0.001128s ]
[2020-04-04T14:47:18+08:00][sql] SELECT * FROM `eb_system_config` WHERE  `menu_name` = 'cache_config' LIMIT 1 [ RunTime:0.000470s ]
[2020-04-04T14:47:18+08:00][sql] SELECT * FROM `eb_system_config` WHERE  `menu_name` = 'cache_config' LIMIT 1 [ RunTime:0.000584s ]
[2020-04-04T14:47:18+08:00][sql] SELECT * FROM `eb_system_config` WHERE  `menu_name` = 'cache_config' LIMIT 1 [ RunTime:0.000470s ]
[2020-04-04T14:47:18+08:00][sql] SELECT * FROM `eb_system_config` WHERE  `menu_name` = 'cache_config' LIMIT 1 [ RunTime:0.000495s ]
[2020-04-04T14:47:18+08:00][sql] SELECT * FROM `eb_system_config` WHERE  `menu_name` = 'cache_config' LIMIT 1 [ RunTime:0.000439s ]
[2020-04-04T14:47:18+08:00][sql] SELECT * FROM `eb_system_config` WHERE  `menu_name` = 'cache_config' LIMIT 1 [ RunTime:0.000455s ]
[2020-04-04T14:47:18+08:00][sql] SELECT * FROM `eb_system_config` WHERE  `menu_name` = 'cache_config' LIMIT 1 [ RunTime:0.000364s ]
[2020-04-04T14:47:18+08:00][sql] SHOW FULL COLUMNS FROM `eb_store_category` [ RunTime:0.000666s ]
[2020-04-04T14:47:18+08:00][sql] SELECT `id`,`cate_name`,`pid`,`pic` FROM `eb_store_category` WHERE  `pid` > 0  AND `is_show` = 1 ORDER BY `sort` DESC LIMIT 10 [ RunTime:0.000320s ]
[2020-04-04T14:47:18+08:00][sql] SHOW FULL COLUMNS FROM `eb_store_product` [ RunTime:0.000837s ]
[2020-04-04T14:47:18+08:00][sql] SELECT id,image,store_name,cate_id,price,ot_price,IFNULL(sales,0) + IFNULL(ficti,0) as sales,unit_name FROM `eb_store_product` WHERE  `is_best` = 1  AND `is_del` = 0  AND `mer_id` = 0  AND `stock` > 0  AND `is_show` = 1 ORDER BY `sort` DESC,`id` DESC LIMIT 10 [ RunTime:0.000431s ]
[2020-04-04T14:47:18+08:00][sql] SELECT * FROM `eb_system_config` WHERE  `menu_name` = 'cache_config' LIMIT 1 [ RunTime:0.000336s ]
[2020-04-04T14:47:18+08:00][sql] SHOW FULL COLUMNS FROM `eb_user_level` [ RunTime:0.000651s ]
[2020-04-04T14:47:18+08:00][sql] SELECT `level_id`,`is_forever`,`valid_time`,`id`,`status`,`grade` FROM `eb_user_level` WHERE  `status` = 1  AND `is_del` = 0  AND `uid` = 0 ORDER BY `grade` DESC LIMIT 1 [ RunTime:0.000230s ]
[2020-04-04T14:47:18+08:00][sql] SHOW FULL COLUMNS FROM `eb_system_user_level` [ RunTime:0.000612s ]
[2020-04-04T14:47:18+08:00][sql] SELECT `discount` FROM `eb_system_user_level` WHERE  `is_show` = 1  AND `is_del` = 0 ORDER BY `grade` ASC LIMIT 1 [ RunTime:0.000226s ]
[2020-04-04T14:47:18+08:00][sql] SELECT id,image,store_name,cate_id,price,unit_name,IFNULL(sales,0) + IFNULL(ficti,0) as sales FROM `eb_store_product` WHERE  `is_new` = 1  AND `is_del` = 0  AND `mer_id` = 0  AND `stock` > 0  AND `is_show` = 1 ORDER BY `sort` DESC,`id` DESC LIMIT 10 [ RunTime:0.000358s ]
[2020-04-04T14:47:18+08:00][sql] SELECT * FROM `eb_system_config` WHERE  `menu_name` = 'cache_config' LIMIT 1 [ RunTime:0.000333s ]
[2020-04-04T14:47:18+08:00][sql] SELECT `level_id`,`is_forever`,`valid_time`,`id`,`status`,`grade` FROM `eb_user_level` WHERE  `status` = 1  AND `is_del` = 0  AND `uid` = 0 ORDER BY `grade` DESC LIMIT 1 [ RunTime:0.000223s ]
[2020-04-04T14:47:18+08:00][sql] SELECT `discount` FROM `eb_system_user_level` WHERE  `is_show` = 1  AND `is_del` = 0 ORDER BY `grade` ASC LIMIT 1 [ RunTime:0.000216s ]
[2020-04-04T14:47:18+08:00][sql] SELECT * FROM `eb_system_config` WHERE  `menu_name` = 'cache_config' LIMIT 1 [ RunTime:0.000305s ]
[2020-04-04T14:47:18+08:00][sql] SELECT `id`,`image`,`store_name`,`cate_id`,`price`,`ot_price`,`stock`,`unit_name` FROM `eb_store_product` WHERE  `is_benefit` = 1  AND `is_del` = 0  AND `mer_id` = 0  AND `stock` > 0  AND `is_show` = 1 ORDER BY `sort` DESC,`id` DESC LIMIT 3 [ RunTime:0.000370s ]
[2020-04-04T14:47:18+08:00][sql] SELECT * FROM `eb_system_config` WHERE  `menu_name` = 'cache_config' LIMIT 1 [ RunTime:0.000399s ]
[2020-04-04T14:47:18+08:00][sql] SELECT `id`,`image`,`store_name`,`cate_id`,`price`,`unit_name` FROM `eb_store_product` WHERE  `is_hot` = 1  AND `is_del` = 0  AND `mer_id` = 0  AND `stock` > 0  AND `is_show` = 1 ORDER BY `sort` DESC,`id` DESC LIMIT 3 [ RunTime:0.000379s ]
[2020-04-04T14:47:18+08:00][sql] SELECT * FROM `eb_system_config` WHERE  `menu_name` = 'cache_config' LIMIT 1 [ RunTime:0.000318s ]
[2020-04-04T14:47:18+08:00][sql] SELECT `level_id`,`is_forever`,`valid_time`,`id`,`status`,`grade` FROM `eb_user_level` WHERE  `status` = 1  AND `is_del` = 0  AND `uid` = 0 ORDER BY `grade` DESC LIMIT 1 [ RunTime:0.000231s ]
[2020-04-04T14:47:18+08:00][sql] SELECT `discount` FROM `eb_system_user_level` WHERE  `is_show` = 1  AND `is_del` = 0 ORDER BY `grade` ASC LIMIT 1 [ RunTime:0.000199s ]
[2020-04-04T14:47:18+08:00][sql] SHOW FULL COLUMNS FROM `eb_store_coupon_issue` [ RunTime:0.000601s ]
[2020-04-04T14:47:18+08:00][sql] SELECT `A`.*,`B`.`coupon_price`,`B`.`use_min_price` FROM `eb_store_coupon_issue` `A` INNER JOIN `eb_store_coupon` `B` ON `A`.`cid`=`B`.`id` WHERE  `A`.`status` = 1  AND (  (  `A`.`start_time` < 1585982838  AND `A`.`end_time` > 1585982838 ) OR (  `A`.`start_time` = 0  AND `A`.`end_time` = 0 ) )  AND `A`.`is_del` = 0  AND ( A.remain_count > 0 OR A.is_permanent = 1 ) ORDER BY `B`.`sort` DESC,`A`.`id` DESC LIMIT 3 [ RunTime:0.000400s ]
[2020-04-04T14:47:18+08:00][sql] SHOW FULL COLUMNS FROM `eb_wechat_user` [ RunTime:0.000711s ]
[2020-04-04T14:47:18+08:00][sql] SELECT `subscribe` FROM `eb_wechat_user` WHERE  `uid` = 0 LIMIT 1 [ RunTime:0.000170s ]
[2020-04-04T14:47:18+08:00][sql] SELECT * FROM `eb_system_config` WHERE  `menu_name` = 'cache_config' LIMIT 1 [ RunTime:0.000292s ]
