[2020-04-05T19:52:51+08:00][info] [ VIEW ] F:\GIT\CRMEB_DT_v3.1.4\app\admin\view\login\index.php [ array (
) ]
[2020-04-05T19:53:14+08:00][sql] CONNECT:[ UseTime:0.003260s ] mysql:host=localhost;port=3306;dbname=crmeb2;charset=utf8
[2020-04-05T19:53:14+08:00][sql] SHOW FULL COLUMNS FROM `eb_system_admin` [ RunTime:0.006937s ]
[2020-04-05T19:53:14+08:00][sql] SELECT * FROM `eb_system_admin` WHERE  `id` = 1 LIMIT 1 [ RunTime:0.011715s ]
[2020-04-05T19:53:14+08:00][sql] SHOW FULL COLUMNS FROM `eb_system_menus` [ RunTime:0.014609s ]
[2020-04-05T19:53:14+08:00][sql] SELECT `module`,`controller`,`action`,`params` FROM `eb_system_menus` WHERE  ( `controller` <> '' OR `action` <> '' ) [ RunTime:0.016387s ]
[2020-04-05T19:53:14+08:00][sql] SHOW FULL COLUMNS FROM `eb_system_config` [ RunTime:0.029940s ]
[2020-04-05T19:53:14+08:00][sql] SELECT * FROM `eb_system_config` WHERE  `menu_name` = 'site_logo' LIMIT 1 [ RunTime:0.000800s ]
[2020-04-05T19:53:14+08:00][sql] SELECT * FROM `eb_system_menus` WHERE  `is_show` = 1  AND `access` = 1 ORDER BY `sort` DESC [ RunTime:0.032045s ]
[2020-04-05T19:53:14+08:00][sql] SELECT * FROM `eb_system_config` WHERE  `menu_name` = 'cache_config' LIMIT 1 [ RunTime:0.001108s ]
[2020-04-05T19:53:14+08:00][sql] SELECT `menu_name`,`value` FROM `eb_system_config` [ RunTime:0.000552s ]
[2020-04-05T19:53:14+08:00][sql] SHOW FULL COLUMNS FROM `eb_system_role` [ RunTime:0.008608s ]
[2020-04-05T19:53:14+08:00][sql] SELECT `role_name` FROM `eb_system_role` WHERE  `id` = 1 LIMIT 1 [ RunTime:0.000384s ]
[2020-04-05T19:53:14+08:00][info] [ VIEW ] F:\GIT\CRMEB_DT_v3.1.4\app\admin\view\index\index.php [ array (
  0 => '_admin',
  1 => 'menuList',
  2 => 'site_logo',
  3 => 'new_order_audio_link',
  4 => 'role_name',
  5 => 'workermanPort',
) ]
[2020-04-05T19:53:15+08:00][sql] CONNECT:[ UseTime:0.002106s ] mysql:host=localhost;port=3306;dbname=crmeb2;charset=utf8
[2020-04-05T19:53:15+08:00][sql] SHOW FULL COLUMNS FROM `eb_system_admin` [ RunTime:0.004793s ]
[2020-04-05T19:53:15+08:00][sql] SELECT * FROM `eb_system_admin` WHERE  `id` = 1 LIMIT 1 [ RunTime:0.000491s ]
[2020-04-05T19:53:15+08:00][sql] SHOW FULL COLUMNS FROM `eb_system_menus` [ RunTime:0.006413s ]
[2020-04-05T19:53:15+08:00][sql] SELECT `module`,`controller`,`action`,`params` FROM `eb_system_menus` WHERE  ( `controller` <> '' OR `action` <> '' ) [ RunTime:0.000671s ]
[2020-04-05T19:53:15+08:00][sql] SHOW FULL COLUMNS FROM `eb_store_order` [ RunTime:0.024335s ]
[2020-04-05T19:53:15+08:00][sql] SELECT COUNT(*) AS think_count FROM `eb_store_order` WHERE  `status` = 0  AND `paid` = 1  AND `refund_status` = 0 [ RunTime:0.026672s ]
[2020-04-05T19:53:15+08:00][sql] SELECT COUNT(*) AS think_count FROM `eb_store_order` WHERE  `paid` = 1  AND `refund_status` = 1 [ RunTime:0.000613s ]
[2020-04-05T19:53:15+08:00][sql] SHOW FULL COLUMNS FROM `eb_system_config` [ RunTime:0.007149s ]
[2020-04-05T19:53:15+08:00][sql] SELECT * FROM `eb_system_config` WHERE  `menu_name` = 'store_stock' LIMIT 1 [ RunTime:0.000765s ]
[2020-04-05T19:53:15+08:00][sql] SELECT * FROM `eb_system_config` WHERE  `menu_name` = 'store_stock' LIMIT 1 [ RunTime:0.000616s ]
[2020-04-05T19:53:15+08:00][sql] SHOW FULL COLUMNS FROM `eb_store_product` [ RunTime:0.022581s ]
[2020-04-05T19:53:15+08:00][sql] SELECT COUNT(*) AS think_count FROM `eb_store_product` WHERE  `stock` <= 2  AND `is_show` = 1  AND `is_del` = 0 [ RunTime:0.002105s ]
[2020-04-05T19:53:15+08:00][sql] SHOW FULL COLUMNS FROM `eb_user_extract` [ RunTime:0.031704s ]
[2020-04-05T19:53:15+08:00][sql] SELECT COUNT(*) AS think_count FROM `eb_user_extract` WHERE  `status` = 0 [ RunTime:0.001022s ]
[2020-04-05T19:53:15+08:00][sql] SELECT COUNT(*) AS think_count FROM `eb_store_order` WHERE  `paid` = 1  AND `pay_time` BETWEEN 1585929600 AND 1586015999 [ RunTime:0.004229s ]
[2020-04-05T19:53:15+08:00][sql] SELECT COUNT(*) AS think_count FROM `eb_store_order` WHERE  `paid` = 1  AND `pay_time` > 1585929600  AND `pay_time` < 1586016000 [ RunTime:0.000580s ]
[2020-04-05T19:53:15+08:00][sql] SELECT SUM(`pay_price`) AS think_sum FROM `eb_store_order` WHERE  `paid` = 1  AND `pay_time` BETWEEN 1585929600 AND 1586015999 [ RunTime:0.000506s ]
[2020-04-05T19:53:15+08:00][sql] SELECT SUM(`pay_price`) AS think_sum FROM `eb_store_order` WHERE  `paid` = 1  AND `pay_time` > 1585843200  AND `pay_time` < 1585929600 [ RunTime:0.000428s ]
[2020-04-05T19:53:15+08:00][sql] SELECT SUM(`pay_price`) AS think_sum FROM `eb_store_order` WHERE  `paid` = 1  AND `pay_time` BETWEEN 1585670400 AND 1588262399 [ RunTime:0.000494s ]
[2020-04-05T19:53:15+08:00][sql] SELECT sum(pay_price) FROM `eb_store_order` WHERE  `paid` = 1  AND `pay_time` > 1582992000  AND `pay_time` < 1585670400 LIMIT 1 [ RunTime:0.000683s ]
[2020-04-05T19:53:15+08:00][sql] SHOW FULL COLUMNS FROM `eb_user` [ RunTime:0.008769s ]
[2020-04-05T19:53:15+08:00][sql] SELECT COUNT(*) AS think_count FROM `eb_user` WHERE  `add_time` > 1586016000 [ RunTime:0.000417s ]
[2020-04-05T19:53:15+08:00][sql] SELECT COUNT(*) AS think_count FROM `eb_user` WHERE  `add_time` > 1585929600  AND `add_time` < 1586016000 [ RunTime:0.000375s ]
[2020-04-05T19:53:15+08:00][sql] SELECT COUNT(*) AS think_count FROM `eb_user` WHERE  `add_time` > 1585670400 [ RunTime:0.000351s ]
[2020-04-05T19:53:15+08:00][sql] SELECT COUNT(*) AS think_count FROM `eb_user` WHERE  `add_time` > 1582992000  AND `add_time` < 1585670400 [ RunTime:0.000369s ]
[2020-04-05T19:53:15+08:00][sql] SELECT COUNT(*) AS think_count FROM `eb_store_order` WHERE  `add_time` > 1585670400 [ RunTime:0.000619s ]
[2020-04-05T19:53:15+08:00][sql] SELECT COUNT(*) AS think_count FROM `eb_store_order` WHERE  `add_time` > 1582992000  AND `add_time` < 1585670400 [ RunTime:0.000385s ]
[2020-04-05T19:53:15+08:00][sql] SELECT COUNT(*) AS think_count FROM `eb_store_order` WHERE  `add_time` > 1582992000  AND `add_time` < 1585670400 [ RunTime:0.000313s ]
[2020-04-05T19:53:15+08:00][sql] SELECT COUNT(*) AS think_count FROM `eb_store_order` WHERE  `add_time` > 1580486400  AND `add_time` < 1582992000 [ RunTime:0.000536s ]
[2020-04-05T19:53:15+08:00][info] [ VIEW ] F:\GIT\CRMEB_DT_v3.1.4\app\admin\view\index\main.php [ array (
  0 => '_admin',
  1 => 'first_line',
  2 => 'second_line',
  3 => 'topData',
) ]
[2020-04-05T19:53:15+08:00][sql] CONNECT:[ UseTime:0.012898s ] mysql:host=localhost;port=3306;dbname=crmeb2;charset=utf8
[2020-04-05T19:53:15+08:00][sql] SHOW FULL COLUMNS FROM `eb_system_admin` [ RunTime:0.006803s ]
[2020-04-05T19:53:15+08:00][sql] SELECT * FROM `eb_system_admin` WHERE  `id` = 1 LIMIT 1 [ RunTime:0.000467s ]
[2020-04-05T19:53:15+08:00][sql] SHOW FULL COLUMNS FROM `eb_system_menus` [ RunTime:0.005410s ]
[2020-04-05T19:53:15+08:00][sql] SELECT `module`,`controller`,`action`,`params` FROM `eb_system_menus` WHERE  ( `controller` <> '' OR `action` <> '' ) [ RunTime:0.001023s ]
[2020-04-05T19:53:15+08:00][sql] SHOW FULL COLUMNS FROM `eb_store_order` [ RunTime:0.004911s ]
[2020-04-05T19:53:15+08:00][sql] SELECT COUNT(*) AS think_count FROM `eb_store_order` WHERE  `paid` = 1  AND `status` = 0  AND `shipping_type` = 1  AND `refund_status` = 0  AND `is_del` = 0 [ RunTime:0.000777s ]
[2020-04-05T19:53:15+08:00][sql] SHOW FULL COLUMNS FROM `eb_system_config` [ RunTime:0.005209s ]
[2020-04-05T19:53:15+08:00][sql] SELECT * FROM `eb_system_config` WHERE  `menu_name` = 'store_stock' LIMIT 1 [ RunTime:0.000668s ]
[2020-04-05T19:53:15+08:00][sql] SELECT * FROM `eb_system_config` WHERE  `menu_name` = 'store_stock' LIMIT 1 [ RunTime:0.000632s ]
[2020-04-05T19:53:15+08:00][sql] SHOW FULL COLUMNS FROM `eb_store_product` [ RunTime:0.004827s ]
[2020-04-05T19:53:15+08:00][sql] SELECT COUNT(*) AS think_count FROM `eb_store_product` WHERE  `stock` <= 2  AND `is_show` = 1  AND `is_del` = 0 [ RunTime:0.000663s ]
[2020-04-05T19:53:15+08:00][sql] SHOW FULL COLUMNS FROM `eb_store_product_reply` [ RunTime:0.016786s ]
[2020-04-05T19:53:15+08:00][sql] SELECT COUNT(*) AS think_count FROM `eb_store_product_reply` WHERE  `is_reply` = 0 [ RunTime:0.000551s ]
[2020-04-05T19:53:15+08:00][sql] SHOW FULL COLUMNS FROM `eb_user_extract` [ RunTime:0.007061s ]
[2020-04-05T19:53:15+08:00][sql] SELECT COUNT(*) AS think_count FROM `eb_user_extract` WHERE  `status` = 0 [ RunTime:0.000513s ]
[2020-04-05T19:53:15+08:00][sql] SELECT `id`,`order_id` FROM `eb_store_order` WHERE  `paid` = 1  AND `status` = 0  AND `shipping_type` = 1  AND `refund_status` = 0  AND `is_del` = 0  AND `is_remind` = 0 [ RunTime:0.000528s ]
[2020-04-05T19:53:15+08:00][sql] CONNECT:[ UseTime:0.002877s ] mysql:host=localhost;port=3306;dbname=crmeb2;charset=utf8
[2020-04-05T19:53:15+08:00][sql] SHOW FULL COLUMNS FROM `eb_system_admin` [ RunTime:0.006549s ]
[2020-04-05T19:53:15+08:00][sql] SELECT * FROM `eb_system_admin` WHERE  `id` = 1 LIMIT 1 [ RunTime:0.000651s ]
[2020-04-05T19:53:15+08:00][sql] SHOW FULL COLUMNS FROM `eb_system_menus` [ RunTime:0.006633s ]
[2020-04-05T19:53:15+08:00][sql] SELECT `module`,`controller`,`action`,`params` FROM `eb_system_menus` WHERE  ( `controller` <> '' OR `action` <> '' ) [ RunTime:0.000820s ]
[2020-04-05T19:53:15+08:00][sql] SHOW FULL COLUMNS FROM `eb_user` [ RunTime:0.006743s ]
[2020-04-05T19:53:15+08:00][sql] SELECT FROM_UNIXTIME(add_time,'%m-%e') as day,count(*) as count FROM `eb_user` WHERE  `add_time` BETWEEN 1583424000 AND 1586016000 GROUP BY FROM_UNIXTIME(add_time,'%Y%m%e') ORDER BY `add_time` ASC [ RunTime:0.020148s ]
[2020-04-05T19:53:16+08:00][sql] CONNECT:[ UseTime:0.011245s ] mysql:host=localhost;port=3306;dbname=crmeb2;charset=utf8
[2020-04-05T19:53:16+08:00][sql] SHOW FULL COLUMNS FROM `eb_system_admin` [ RunTime:0.005992s ]
[2020-04-05T19:53:16+08:00][sql] SELECT * FROM `eb_system_admin` WHERE  `id` = 1 LIMIT 1 [ RunTime:0.000398s ]
[2020-04-05T19:53:16+08:00][sql] SHOW FULL COLUMNS FROM `eb_system_menus` [ RunTime:0.006403s ]
[2020-04-05T19:53:16+08:00][sql] SELECT `module`,`controller`,`action`,`params` FROM `eb_system_menus` WHERE  ( `controller` <> '' OR `action` <> '' ) [ RunTime:0.000661s ]
[2020-04-05T19:53:16+08:00][sql] SHOW FULL COLUMNS FROM `eb_store_order` [ RunTime:0.009420s ]
[2020-04-05T19:53:16+08:00][sql] SELECT FROM_UNIXTIME(add_time,'%m-%d') as day,count(*) as count,sum(pay_price) as price FROM `eb_store_order` WHERE  `add_time` BETWEEN 1583424000 AND 1586016000 GROUP BY FROM_UNIXTIME(add_time,'%Y%m%d') ORDER BY `add_time` ASC [ RunTime:0.001129s ]
[2020-04-05T20:03:27+08:00][info] [ VIEW ] F:\GIT\CRMEB_DT_v3.1.4\public\index.html [ array (
) ]
[2020-04-05T20:03:28+08:00][sql] CONNECT:[ UseTime:0.007625s ] mysql:host=localhost;port=3306;dbname=crmeb2;charset=utf8
[2020-04-05T20:03:28+08:00][sql] SHOW FULL COLUMNS FROM `eb_user_token` [ RunTime:0.002192s ]
[2020-04-05T20:03:28+08:00][sql] SELECT * FROM `eb_user_token` WHERE  `token` IS NULL LIMIT 1 [ RunTime:0.000673s ]
[2020-04-05T20:03:28+08:00][sql] SHOW FULL COLUMNS FROM `eb_system_config` [ RunTime:0.005862s ]
[2020-04-05T20:03:28+08:00][sql] SELECT * FROM `eb_system_config` WHERE  `menu_name` = 'cache_config' LIMIT 1 [ RunTime:0.000811s ]
[2020-04-05T20:03:28+08:00][sql] SELECT * FROM `eb_system_config` WHERE  `menu_name` = 'cache_config' LIMIT 1 [ RunTime:0.000454s ]
[2020-04-05T20:03:28+08:00][sql] CONNECT:[ UseTime:0.002494s ] mysql:host=localhost;port=3306;dbname=crmeb2;charset=utf8
[2020-04-05T20:03:28+08:00][sql] SHOW FULL COLUMNS FROM `eb_user_token` [ RunTime:0.024161s ]
[2020-04-05T20:03:28+08:00][sql] SELECT * FROM `eb_user_token` WHERE  `token` IS NULL LIMIT 1 [ RunTime:0.000460s ]
[2020-04-05T20:03:28+08:00][sql] SHOW FULL COLUMNS FROM `eb_system_config` [ RunTime:0.005484s ]
[2020-04-05T20:03:28+08:00][sql] SELECT * FROM `eb_system_config` WHERE  `menu_name` = 'cache_config' LIMIT 1 [ RunTime:0.000984s ]
[2020-04-05T20:03:28+08:00][sql] SHOW FULL COLUMNS FROM `eb_system_group_data` [ RunTime:0.021083s ]
[2020-04-05T20:03:28+08:00][sql] SELECT `a`.*,`b`.`config_name` FROM `eb_system_group_data` `a` INNER JOIN `eb_system_group` `b` ON `a`.`gid`=`b`.`id` WHERE  `b`.`config_name` = 'routine_home_banner'  AND `a`.`status` = 1 ORDER BY `sort` DESC,`id` ASC [ RunTime:0.030480s ]
[2020-04-05T20:03:28+08:00][sql] SELECT * FROM `eb_system_config` WHERE  `menu_name` = 'cache_config' LIMIT 1 [ RunTime:0.000690s ]
[2020-04-05T20:03:28+08:00][sql] SELECT `a`.*,`b`.`config_name` FROM `eb_system_group_data` `a` INNER JOIN `eb_system_group` `b` ON `a`.`gid`=`b`.`id` WHERE  `b`.`config_name` = 'routine_home_menus'  AND `a`.`status` = 1 ORDER BY `sort` DESC,`id` ASC [ RunTime:0.000792s ]
[2020-04-05T20:03:28+08:00][sql] SELECT * FROM `eb_system_config` WHERE  `menu_name` = 'cache_config' LIMIT 1 [ RunTime:0.000916s ]
[2020-04-05T20:03:28+08:00][sql] SELECT `a`.*,`b`.`config_name` FROM `eb_system_group_data` `a` INNER JOIN `eb_system_group` `b` ON `a`.`gid`=`b`.`id` WHERE  `b`.`config_name` = 'routine_home_roll_news'  AND `a`.`status` = 1 ORDER BY `sort` DESC,`id` ASC [ RunTime:0.000574s ]
[2020-04-05T20:03:28+08:00][sql] SELECT * FROM `eb_system_config` WHERE  `menu_name` = 'cache_config' LIMIT 1 [ RunTime:0.000518s ]
[2020-04-05T20:03:28+08:00][sql] SELECT `a`.*,`b`.`config_name` FROM `eb_system_group_data` `a` INNER JOIN `eb_system_group` `b` ON `a`.`gid`=`b`.`id` WHERE  `b`.`config_name` = 'routine_home_activity'  AND `a`.`status` = 1 ORDER BY `sort` DESC,`id` ASC LIMIT 3 [ RunTime:0.000609s ]
[2020-04-05T20:03:28+08:00][sql] SELECT * FROM `eb_system_config` WHERE  `menu_name` = 'cache_config' LIMIT 1 [ RunTime:0.000616s ]
[2020-04-05T20:03:28+08:00][sql] SELECT * FROM `eb_system_config` WHERE  `menu_name` = 'cache_config' LIMIT 1 [ RunTime:0.000949s ]
[2020-04-05T20:03:28+08:00][sql] SELECT `a`.*,`b`.`config_name` FROM `eb_system_group_data` `a` INNER JOIN `eb_system_group` `b` ON `a`.`gid`=`b`.`id` WHERE  `b`.`config_name` = 'routine_index_page'  AND `a`.`status` = 1 ORDER BY `sort` DESC,`id` ASC [ RunTime:0.000573s ]
[2020-04-05T20:03:28+08:00][sql] SELECT * FROM `eb_system_config` WHERE  `menu_name` = 'cache_config' LIMIT 1 [ RunTime:0.000555s ]
[2020-04-05T20:03:28+08:00][sql] SHOW FULL COLUMNS FROM `eb_store_category` [ RunTime:0.045391s ]
[2020-04-05T20:03:28+08:00][sql] SELECT `id`,`cate_name`,`pid`,`pic` FROM `eb_store_category` WHERE  `pid` > 0  AND `is_show` = 1 ORDER BY `sort` DESC LIMIT 10 [ RunTime:0.001462s ]
[2020-04-05T20:03:28+08:00][sql] SHOW FULL COLUMNS FROM `eb_store_product` [ RunTime:0.007787s ]
[2020-04-05T20:03:28+08:00][sql] SELECT id,image,store_name,cate_id,price,ot_price,IFNULL(sales,0) + IFNULL(ficti,0) as sales,unit_name FROM `eb_store_product` WHERE  `is_best` = 1  AND `is_del` = 0  AND `mer_id` = 0  AND `stock` > 0  AND `is_show` = 1 ORDER BY `sort` DESC,`id` DESC LIMIT 10 [ RunTime:0.025900s ]
[2020-04-05T20:03:28+08:00][sql] SELECT * FROM `eb_system_config` WHERE  `menu_name` = 'cache_config' LIMIT 1 [ RunTime:0.000656s ]
[2020-04-05T20:03:28+08:00][sql] SHOW FULL COLUMNS FROM `eb_user_level` [ RunTime:0.018275s ]
[2020-04-05T20:03:28+08:00][sql] SELECT `level_id`,`is_forever`,`valid_time`,`id`,`status`,`grade` FROM `eb_user_level` WHERE  `status` = 1  AND `is_del` = 0  AND `uid` = 0 ORDER BY `grade` DESC LIMIT 1 [ RunTime:0.000793s ]
[2020-04-05T20:03:28+08:00][sql] SHOW FULL COLUMNS FROM `eb_system_user_level` [ RunTime:0.020365s ]
[2020-04-05T20:03:28+08:00][sql] SELECT `discount` FROM `eb_system_user_level` WHERE  `is_show` = 1  AND `is_del` = 0 ORDER BY `grade` ASC LIMIT 1 [ RunTime:0.000387s ]
[2020-04-05T20:03:28+08:00][sql] SELECT id,image,store_name,cate_id,price,unit_name,IFNULL(sales,0) + IFNULL(ficti,0) as sales FROM `eb_store_product` WHERE  `is_new` = 1  AND `is_del` = 0  AND `mer_id` = 0  AND `stock` > 0  AND `is_show` = 1 ORDER BY `sort` DESC,`id` DESC LIMIT 10 [ RunTime:0.000768s ]
[2020-04-05T20:03:28+08:00][sql] SELECT * FROM `eb_system_config` WHERE  `menu_name` = 'cache_config' LIMIT 1 [ RunTime:0.000442s ]
[2020-04-05T20:03:28+08:00][sql] SELECT `level_id`,`is_forever`,`valid_time`,`id`,`status`,`grade` FROM `eb_user_level` WHERE  `status` = 1  AND `is_del` = 0  AND `uid` = 0 ORDER BY `grade` DESC LIMIT 1 [ RunTime:0.000459s ]
[2020-04-05T20:03:28+08:00][sql] SELECT `discount` FROM `eb_system_user_level` WHERE  `is_show` = 1  AND `is_del` = 0 ORDER BY `grade` ASC LIMIT 1 [ RunTime:0.000415s ]
[2020-04-05T20:03:28+08:00][sql] SELECT * FROM `eb_system_config` WHERE  `menu_name` = 'cache_config' LIMIT 1 [ RunTime:0.000492s ]
[2020-04-05T20:03:28+08:00][sql] SELECT `a`.*,`b`.`config_name` FROM `eb_system_group_data` `a` INNER JOIN `eb_system_group` `b` ON `a`.`gid`=`b`.`id` WHERE  `b`.`config_name` = 'routine_home_bast_banner'  AND `a`.`status` = 1 ORDER BY `sort` DESC,`id` ASC [ RunTime:0.000556s ]
[2020-04-05T20:03:28+08:00][sql] SELECT `id`,`image`,`store_name`,`cate_id`,`price`,`ot_price`,`stock`,`unit_name` FROM `eb_store_product` WHERE  `is_benefit` = 1  AND `is_del` = 0  AND `mer_id` = 0  AND `stock` > 0  AND `is_show` = 1 ORDER BY `sort` DESC,`id` DESC LIMIT 3 [ RunTime:0.001131s ]
[2020-04-05T20:03:28+08:00][sql] SELECT * FROM `eb_system_config` WHERE  `menu_name` = 'cache_config' LIMIT 1 [ RunTime:0.000551s ]
[2020-04-05T20:03:28+08:00][sql] SELECT `a`.*,`b`.`config_name` FROM `eb_system_group_data` `a` INNER JOIN `eb_system_group` `b` ON `a`.`gid`=`b`.`id` WHERE  `b`.`config_name` = 'routine_home_new_banner'  AND `a`.`status` = 1 ORDER BY `sort` DESC,`id` ASC [ RunTime:0.000609s ]
[2020-04-05T20:03:28+08:00][sql] SELECT `id`,`image`,`store_name`,`cate_id`,`price`,`unit_name` FROM `eb_store_product` WHERE  `is_hot` = 1  AND `is_del` = 0  AND `mer_id` = 0  AND `stock` > 0  AND `is_show` = 1 ORDER BY `sort` DESC,`id` DESC LIMIT 3 [ RunTime:0.001173s ]
[2020-04-05T20:03:28+08:00][sql] SELECT * FROM `eb_system_config` WHERE  `menu_name` = 'cache_config' LIMIT 1 [ RunTime:0.000517s ]
[2020-04-05T20:03:28+08:00][sql] SELECT `level_id`,`is_forever`,`valid_time`,`id`,`status`,`grade` FROM `eb_user_level` WHERE  `status` = 1  AND `is_del` = 0  AND `uid` = 0 ORDER BY `grade` DESC LIMIT 1 [ RunTime:0.000458s ]
[2020-04-05T20:03:28+08:00][sql] SELECT `discount` FROM `eb_system_user_level` WHERE  `is_show` = 1  AND `is_del` = 0 ORDER BY `grade` ASC LIMIT 1 [ RunTime:0.000446s ]
[2020-04-05T20:03:28+08:00][sql] SHOW FULL COLUMNS FROM `eb_store_coupon_issue` [ RunTime:0.019988s ]
[2020-04-05T20:03:28+08:00][sql] SELECT `A`.*,`B`.`coupon_price`,`B`.`use_min_price` FROM `eb_store_coupon_issue` `A` INNER JOIN `eb_store_coupon` `B` ON `A`.`cid`=`B`.`id` WHERE  `A`.`status` = 1  AND (  (  `A`.`start_time` < 1586088208  AND `A`.`end_time` > 1586088208 ) OR (  `A`.`start_time` = 0  AND `A`.`end_time` = 0 ) )  AND `A`.`is_del` = 0  AND ( A.remain_count > 0 OR A.is_permanent = 1 ) ORDER BY `B`.`sort` DESC,`A`.`id` DESC LIMIT 3 [ RunTime:0.020415s ]
[2020-04-05T20:03:28+08:00][sql] SHOW FULL COLUMNS FROM `eb_wechat_user` [ RunTime:0.031593s ]
[2020-04-05T20:03:28+08:00][sql] SELECT `subscribe` FROM `eb_wechat_user` WHERE  `uid` = 0 LIMIT 1 [ RunTime:0.000319s ]
[2020-04-05T20:03:28+08:00][sql] SELECT * FROM `eb_system_config` WHERE  `menu_name` = 'cache_config' LIMIT 1 [ RunTime:0.000558s ]
[2020-04-05T20:54:29+08:00][info] [ VIEW ] F:\GIT\CRMEB_DT_v3.1.4\public\index.html [ array (
) ]
[2020-04-05T20:54:51+08:00][info] [ VIEW ] F:\GIT\CRMEB_DT_v3.1.4\public\index.html [ array (
) ]
[2020-04-05T20:54:53+08:00][sql] CONNECT:[ UseTime:0.007207s ] mysql:host=localhost;port=3306;dbname=crmeb2;charset=utf8
[2020-04-05T20:54:53+08:00][sql] SHOW FULL COLUMNS FROM `eb_user_token` [ RunTime:0.001107s ]
[2020-04-05T20:54:53+08:00][sql] SELECT * FROM `eb_user_token` WHERE  `token` IS NULL LIMIT 1 [ RunTime:0.000345s ]
[2020-04-05T20:54:53+08:00][sql] SHOW FULL COLUMNS FROM `eb_system_config` [ RunTime:0.008243s ]
[2020-04-05T20:54:53+08:00][sql] SELECT * FROM `eb_system_config` WHERE  `menu_name` = 'cache_config' LIMIT 1 [ RunTime:0.000546s ]
[2020-04-05T20:54:53+08:00][sql] SELECT * FROM `eb_system_config` WHERE  `menu_name` = 'cache_config' LIMIT 1 [ RunTime:0.000575s ]
[2020-04-05T20:54:53+08:00][sql] CONNECT:[ UseTime:0.012373s ] mysql:host=localhost;port=3306;dbname=crmeb2;charset=utf8
[2020-04-05T20:54:53+08:00][sql] SHOW FULL COLUMNS FROM `eb_user_token` [ RunTime:0.008582s ]
[2020-04-05T20:54:53+08:00][sql] SELECT * FROM `eb_user_token` WHERE  `token` IS NULL LIMIT 1 [ RunTime:0.000337s ]
[2020-04-05T20:54:53+08:00][sql] SHOW FULL COLUMNS FROM `eb_system_config` [ RunTime:0.016595s ]
[2020-04-05T20:54:53+08:00][sql] SELECT * FROM `eb_system_config` WHERE  `menu_name` = 'cache_config' LIMIT 1 [ RunTime:0.001001s ]
[2020-04-05T20:54:53+08:00][sql] SELECT * FROM `eb_system_config` WHERE  `menu_name` = 'cache_config' LIMIT 1 [ RunTime:0.000568s ]
[2020-04-05T20:54:53+08:00][sql] SELECT * FROM `eb_system_config` WHERE  `menu_name` = 'cache_config' LIMIT 1 [ RunTime:0.000777s ]
[2020-04-05T20:54:53+08:00][sql] SELECT * FROM `eb_system_config` WHERE  `menu_name` = 'cache_config' LIMIT 1 [ RunTime:0.000644s ]
[2020-04-05T20:54:53+08:00][sql] SELECT * FROM `eb_system_config` WHERE  `menu_name` = 'cache_config' LIMIT 1 [ RunTime:0.000987s ]
[2020-04-05T20:54:53+08:00][sql] SELECT * FROM `eb_system_config` WHERE  `menu_name` = 'cache_config' LIMIT 1 [ RunTime:0.000840s ]
[2020-04-05T20:54:53+08:00][sql] SELECT * FROM `eb_system_config` WHERE  `menu_name` = 'cache_config' LIMIT 1 [ RunTime:0.001063s ]
[2020-04-05T20:54:53+08:00][sql] SHOW FULL COLUMNS FROM `eb_store_category` [ RunTime:0.032504s ]
[2020-04-05T20:54:53+08:00][sql] SELECT `id`,`cate_name`,`pid`,`pic` FROM `eb_store_category` WHERE  `pid` > 0  AND `is_show` = 1 ORDER BY `sort` DESC LIMIT 10 [ RunTime:0.001603s ]
[2020-04-05T20:54:53+08:00][sql] SHOW FULL COLUMNS FROM `eb_store_product` [ RunTime:0.015412s ]
[2020-04-05T20:54:53+08:00][sql] SELECT id,image,store_name,cate_id,price,ot_price,IFNULL(sales,0) + IFNULL(ficti,0) as sales,unit_name FROM `eb_store_product` WHERE  `is_best` = 1  AND `is_del` = 0  AND `mer_id` = 0  AND `stock` > 0  AND `is_show` = 1 ORDER BY `sort` DESC,`id` DESC LIMIT 10 [ RunTime:0.002322s ]
[2020-04-05T20:54:53+08:00][sql] SELECT * FROM `eb_system_config` WHERE  `menu_name` = 'cache_config' LIMIT 1 [ RunTime:0.000704s ]
[2020-04-05T20:54:53+08:00][sql] SHOW FULL COLUMNS FROM `eb_user_level` [ RunTime:0.014410s ]
[2020-04-05T20:54:53+08:00][sql] SELECT `level_id`,`is_forever`,`valid_time`,`id`,`status`,`grade` FROM `eb_user_level` WHERE  `status` = 1  AND `is_del` = 0  AND `uid` = 0 ORDER BY `grade` DESC LIMIT 1 [ RunTime:0.000577s ]
[2020-04-05T20:54:53+08:00][sql] SHOW FULL COLUMNS FROM `eb_system_user_level` [ RunTime:0.008042s ]
[2020-04-05T20:54:53+08:00][sql] SELECT `discount` FROM `eb_system_user_level` WHERE  `is_show` = 1  AND `is_del` = 0 ORDER BY `grade` ASC LIMIT 1 [ RunTime:0.000488s ]
[2020-04-05T20:54:53+08:00][sql] SELECT id,image,store_name,cate_id,price,unit_name,IFNULL(sales,0) + IFNULL(ficti,0) as sales FROM `eb_store_product` WHERE  `is_new` = 1  AND `is_del` = 0  AND `mer_id` = 0  AND `stock` > 0  AND `is_show` = 1 ORDER BY `sort` DESC,`id` DESC LIMIT 10 [ RunTime:0.000836s ]
[2020-04-05T20:54:53+08:00][sql] SELECT * FROM `eb_system_config` WHERE  `menu_name` = 'cache_config' LIMIT 1 [ RunTime:0.000891s ]
[2020-04-05T20:54:53+08:00][sql] SELECT `level_id`,`is_forever`,`valid_time`,`id`,`status`,`grade` FROM `eb_user_level` WHERE  `status` = 1  AND `is_del` = 0  AND `uid` = 0 ORDER BY `grade` DESC LIMIT 1 [ RunTime:0.000513s ]
[2020-04-05T20:54:53+08:00][sql] SELECT `discount` FROM `eb_system_user_level` WHERE  `is_show` = 1  AND `is_del` = 0 ORDER BY `grade` ASC LIMIT 1 [ RunTime:0.000513s ]
[2020-04-05T20:54:53+08:00][sql] SELECT * FROM `eb_system_config` WHERE  `menu_name` = 'cache_config' LIMIT 1 [ RunTime:0.000783s ]
[2020-04-05T20:54:53+08:00][sql] SELECT `id`,`image`,`store_name`,`cate_id`,`price`,`ot_price`,`stock`,`unit_name` FROM `eb_store_product` WHERE  `is_benefit` = 1  AND `is_del` = 0  AND `mer_id` = 0  AND `stock` > 0  AND `is_show` = 1 ORDER BY `sort` DESC,`id` DESC LIMIT 3 [ RunTime:0.000949s ]
[2020-04-05T20:54:53+08:00][sql] SELECT * FROM `eb_system_config` WHERE  `menu_name` = 'cache_config' LIMIT 1 [ RunTime:0.000874s ]
[2020-04-05T20:54:53+08:00][sql] SELECT `id`,`image`,`store_name`,`cate_id`,`price`,`unit_name` FROM `eb_store_product` WHERE  `is_hot` = 1  AND `is_del` = 0  AND `mer_id` = 0  AND `stock` > 0  AND `is_show` = 1 ORDER BY `sort` DESC,`id` DESC LIMIT 3 [ RunTime:0.001154s ]
[2020-04-05T20:54:53+08:00][sql] SELECT * FROM `eb_system_config` WHERE  `menu_name` = 'cache_config' LIMIT 1 [ RunTime:0.000485s ]
[2020-04-05T20:54:53+08:00][sql] SELECT `level_id`,`is_forever`,`valid_time`,`id`,`status`,`grade` FROM `eb_user_level` WHERE  `status` = 1  AND `is_del` = 0  AND `uid` = 0 ORDER BY `grade` DESC LIMIT 1 [ RunTime:0.000397s ]
[2020-04-05T20:54:53+08:00][sql] SELECT `discount` FROM `eb_system_user_level` WHERE  `is_show` = 1  AND `is_del` = 0 ORDER BY `grade` ASC LIMIT 1 [ RunTime:0.000298s ]
[2020-04-05T20:54:53+08:00][sql] SHOW FULL COLUMNS FROM `eb_store_coupon_issue` [ RunTime:0.009233s ]
[2020-04-05T20:54:53+08:00][sql] SELECT `A`.*,`B`.`coupon_price`,`B`.`use_min_price` FROM `eb_store_coupon_issue` `A` INNER JOIN `eb_store_coupon` `B` ON `A`.`cid`=`B`.`id` WHERE  `A`.`status` = 1  AND (  (  `A`.`start_time` < 1586091293  AND `A`.`end_time` > 1586091293 ) OR (  `A`.`start_time` = 0  AND `A`.`end_time` = 0 ) )  AND `A`.`is_del` = 0  AND ( A.remain_count > 0 OR A.is_permanent = 1 ) ORDER BY `B`.`sort` DESC,`A`.`id` DESC LIMIT 3 [ RunTime:0.009671s ]
[2020-04-05T20:54:53+08:00][sql] SHOW FULL COLUMNS FROM `eb_wechat_user` [ RunTime:0.007801s ]
[2020-04-05T20:54:53+08:00][sql] SELECT `subscribe` FROM `eb_wechat_user` WHERE  `uid` = 0 LIMIT 1 [ RunTime:0.000674s ]
[2020-04-05T20:54:53+08:00][sql] SELECT * FROM `eb_system_config` WHERE  `menu_name` = 'cache_config' LIMIT 1 [ RunTime:0.000523s ]
[2020-04-05T20:55:16+08:00][info] [ VIEW ] F:\GIT\CRMEB_DT_v3.1.4\public\index.html [ array (
) ]
[2020-04-05T21:15:01+08:00][info] [ VIEW ] F:\GIT\CRMEB_DT_v3.1.4\public\index.html [ array (
) ]
[2020-04-05T21:15:03+08:00][sql] CONNECT:[ UseTime:0.002293s ] mysql:host=localhost;port=3306;dbname=crmeb2;charset=utf8
[2020-04-05T21:15:03+08:00][sql] SHOW FULL COLUMNS FROM `eb_user_token` [ RunTime:0.001993s ]
[2020-04-05T21:15:03+08:00][sql] SELECT * FROM `eb_user_token` WHERE  `token` IS NULL LIMIT 1 [ RunTime:0.000451s ]
[2020-04-05T21:15:03+08:00][sql] SHOW FULL COLUMNS FROM `eb_system_config` [ RunTime:0.003891s ]
[2020-04-05T21:15:03+08:00][sql] SELECT * FROM `eb_system_config` WHERE  `menu_name` = 'cache_config' LIMIT 1 [ RunTime:0.001172s ]
[2020-04-05T21:15:03+08:00][sql] SELECT * FROM `eb_system_config` WHERE  `menu_name` = 'cache_config' LIMIT 1 [ RunTime:0.001019s ]
[2020-04-05T21:15:04+08:00][sql] CONNECT:[ UseTime:0.004041s ] mysql:host=localhost;port=3306;dbname=crmeb2;charset=utf8
[2020-04-05T21:15:04+08:00][sql] SHOW FULL COLUMNS FROM `eb_user_token` [ RunTime:0.002634s ]
[2020-04-05T21:15:04+08:00][sql] SELECT * FROM `eb_user_token` WHERE  `token` IS NULL LIMIT 1 [ RunTime:0.001950s ]
[2020-04-05T21:15:04+08:00][sql] SHOW FULL COLUMNS FROM `eb_system_config` [ RunTime:0.004356s ]
[2020-04-05T21:15:04+08:00][sql] SELECT * FROM `eb_system_config` WHERE  `menu_name` = 'cache_config' LIMIT 1 [ RunTime:0.000906s ]
[2020-04-05T21:15:04+08:00][sql] SELECT * FROM `eb_system_config` WHERE  `menu_name` = 'cache_config' LIMIT 1 [ RunTime:0.000827s ]
[2020-04-05T21:15:04+08:00][sql] SELECT * FROM `eb_system_config` WHERE  `menu_name` = 'cache_config' LIMIT 1 [ RunTime:0.000773s ]
[2020-04-05T21:15:04+08:00][sql] SELECT * FROM `eb_system_config` WHERE  `menu_name` = 'cache_config' LIMIT 1 [ RunTime:0.000881s ]
[2020-04-05T21:15:04+08:00][sql] SELECT * FROM `eb_system_config` WHERE  `menu_name` = 'cache_config' LIMIT 1 [ RunTime:0.000726s ]
[2020-04-05T21:15:04+08:00][sql] SELECT * FROM `eb_system_config` WHERE  `menu_name` = 'cache_config' LIMIT 1 [ RunTime:0.000860s ]
[2020-04-05T21:15:04+08:00][sql] SELECT * FROM `eb_system_config` WHERE  `menu_name` = 'cache_config' LIMIT 1 [ RunTime:0.001174s ]
[2020-04-05T21:15:04+08:00][sql] SHOW FULL COLUMNS FROM `eb_store_category` [ RunTime:0.004359s ]
[2020-04-05T21:15:04+08:00][sql] SELECT `id`,`cate_name`,`pid`,`pic` FROM `eb_store_category` WHERE  `pid` > 0  AND `is_show` = 1 ORDER BY `sort` DESC LIMIT 10 [ RunTime:0.000963s ]
[2020-04-05T21:15:04+08:00][sql] SHOW FULL COLUMNS FROM `eb_store_product` [ RunTime:0.003875s ]
[2020-04-05T21:15:04+08:00][sql] SELECT id,image,store_name,cate_id,price,ot_price,IFNULL(sales,0) + IFNULL(ficti,0) as sales,unit_name FROM `eb_store_product` WHERE  `is_best` = 1  AND `is_del` = 0  AND `mer_id` = 0  AND `stock` > 0  AND `is_show` = 1 ORDER BY `sort` DESC,`id` DESC LIMIT 10 [ RunTime:0.001265s ]
[2020-04-05T21:15:04+08:00][sql] SELECT * FROM `eb_system_config` WHERE  `menu_name` = 'cache_config' LIMIT 1 [ RunTime:0.000931s ]
[2020-04-05T21:15:04+08:00][sql] SHOW FULL COLUMNS FROM `eb_user_level` [ RunTime:0.003884s ]
[2020-04-05T21:15:04+08:00][sql] SELECT `level_id`,`is_forever`,`valid_time`,`id`,`status`,`grade` FROM `eb_user_level` WHERE  `status` = 1  AND `is_del` = 0  AND `uid` = 0 ORDER BY `grade` DESC LIMIT 1 [ RunTime:0.000879s ]
[2020-04-05T21:15:04+08:00][sql] SHOW FULL COLUMNS FROM `eb_system_user_level` [ RunTime:0.004539s ]
[2020-04-05T21:15:04+08:00][sql] SELECT `discount` FROM `eb_system_user_level` WHERE  `is_show` = 1  AND `is_del` = 0 ORDER BY `grade` ASC LIMIT 1 [ RunTime:0.000813s ]
[2020-04-05T21:15:04+08:00][sql] SELECT id,image,store_name,cate_id,price,unit_name,IFNULL(sales,0) + IFNULL(ficti,0) as sales FROM `eb_store_product` WHERE  `is_new` = 1  AND `is_del` = 0  AND `mer_id` = 0  AND `stock` > 0  AND `is_show` = 1 ORDER BY `sort` DESC,`id` DESC LIMIT 10 [ RunTime:0.001168s ]
[2020-04-05T21:15:04+08:00][sql] SELECT * FROM `eb_system_config` WHERE  `menu_name` = 'cache_config' LIMIT 1 [ RunTime:0.000728s ]
[2020-04-05T21:15:04+08:00][sql] SELECT `level_id`,`is_forever`,`valid_time`,`id`,`status`,`grade` FROM `eb_user_level` WHERE  `status` = 1  AND `is_del` = 0  AND `uid` = 0 ORDER BY `grade` DESC LIMIT 1 [ RunTime:0.000830s ]
[2020-04-05T21:15:04+08:00][sql] SELECT `discount` FROM `eb_system_user_level` WHERE  `is_show` = 1  AND `is_del` = 0 ORDER BY `grade` ASC LIMIT 1 [ RunTime:0.000695s ]
[2020-04-05T21:15:04+08:00][sql] SELECT * FROM `eb_system_config` WHERE  `menu_name` = 'cache_config' LIMIT 1 [ RunTime:0.000809s ]
[2020-04-05T21:15:04+08:00][sql] SELECT `id`,`image`,`store_name`,`cate_id`,`price`,`ot_price`,`stock`,`unit_name` FROM `eb_store_product` WHERE  `is_benefit` = 1  AND `is_del` = 0  AND `mer_id` = 0  AND `stock` > 0  AND `is_show` = 1 ORDER BY `sort` DESC,`id` DESC LIMIT 3 [ RunTime:0.001333s ]
[2020-04-05T21:15:04+08:00][sql] SELECT * FROM `eb_system_config` WHERE  `menu_name` = 'cache_config' LIMIT 1 [ RunTime:0.000993s ]
[2020-04-05T21:15:04+08:00][sql] SELECT `id`,`image`,`store_name`,`cate_id`,`price`,`unit_name` FROM `eb_store_product` WHERE  `is_hot` = 1  AND `is_del` = 0  AND `mer_id` = 0  AND `stock` > 0  AND `is_show` = 1 ORDER BY `sort` DESC,`id` DESC LIMIT 3 [ RunTime:0.001137s ]
[2020-04-05T21:15:04+08:00][sql] SELECT * FROM `eb_system_config` WHERE  `menu_name` = 'cache_config' LIMIT 1 [ RunTime:0.000826s ]
[2020-04-05T21:15:04+08:00][sql] SELECT `level_id`,`is_forever`,`valid_time`,`id`,`status`,`grade` FROM `eb_user_level` WHERE  `status` = 1  AND `is_del` = 0  AND `uid` = 0 ORDER BY `grade` DESC LIMIT 1 [ RunTime:0.000932s ]
[2020-04-05T21:15:04+08:00][sql] SELECT `discount` FROM `eb_system_user_level` WHERE  `is_show` = 1  AND `is_del` = 0 ORDER BY `grade` ASC LIMIT 1 [ RunTime:0.001033s ]
[2020-04-05T21:15:04+08:00][sql] SHOW FULL COLUMNS FROM `eb_store_coupon_issue` [ RunTime:0.004081s ]
[2020-04-05T21:15:04+08:00][sql] SELECT `A`.*,`B`.`coupon_price`,`B`.`use_min_price` FROM `eb_store_coupon_issue` `A` INNER JOIN `eb_store_coupon` `B` ON `A`.`cid`=`B`.`id` WHERE  `A`.`status` = 1  AND (  (  `A`.`start_time` < 1586092504  AND `A`.`end_time` > 1586092504 ) OR (  `A`.`start_time` = 0  AND `A`.`end_time` = 0 ) )  AND `A`.`is_del` = 0  AND ( A.remain_count > 0 OR A.is_permanent = 1 ) ORDER BY `B`.`sort` DESC,`A`.`id` DESC LIMIT 3 [ RunTime:0.004604s ]
[2020-04-05T21:15:04+08:00][sql] SHOW FULL COLUMNS FROM `eb_wechat_user` [ RunTime:0.004482s ]
[2020-04-05T21:15:04+08:00][sql] SELECT `subscribe` FROM `eb_wechat_user` WHERE  `uid` = 0 LIMIT 1 [ RunTime:0.000618s ]
[2020-04-05T21:15:04+08:00][sql] SELECT * FROM `eb_system_config` WHERE  `menu_name` = 'cache_config' LIMIT 1 [ RunTime:0.000790s ]
[2020-04-05T21:16:47+08:00][info] [ VIEW ] F:\GIT\CRMEB_DT_v3.1.4\public\index.html [ array (
) ]
[2020-04-05T21:17:35+08:00][info] [ VIEW ] F:\GIT\CRMEB_DT_v3.1.4\public\index.html [ array (
) ]
[2020-04-05T21:17:37+08:00][sql] CONNECT:[ UseTime:0.011631s ] mysql:host=localhost;port=3306;dbname=crmeb2;charset=utf8
[2020-04-05T21:17:37+08:00][sql] SHOW FULL COLUMNS FROM `eb_user_token` [ RunTime:0.001520s ]
[2020-04-05T21:17:37+08:00][sql] SELECT * FROM `eb_user_token` WHERE  `token` IS NULL LIMIT 1 [ RunTime:0.000719s ]
[2020-04-05T21:17:37+08:00][sql] SHOW FULL COLUMNS FROM `eb_system_config` [ RunTime:0.007030s ]
[2020-04-05T21:17:37+08:00][sql] SELECT * FROM `eb_system_config` WHERE  `menu_name` = 'cache_config' LIMIT 1 [ RunTime:0.000875s ]
[2020-04-05T21:17:37+08:00][sql] SELECT * FROM `eb_system_config` WHERE  `menu_name` = 'cache_config' LIMIT 1 [ RunTime:0.000810s ]
[2020-04-05T21:17:38+08:00][sql] CONNECT:[ UseTime:0.002156s ] mysql:host=localhost;port=3306;dbname=crmeb2;charset=utf8
[2020-04-05T21:17:38+08:00][sql] SHOW FULL COLUMNS FROM `eb_user_token` [ RunTime:0.001294s ]
[2020-04-05T21:17:38+08:00][sql] SELECT * FROM `eb_user_token` WHERE  `token` IS NULL LIMIT 1 [ RunTime:0.000710s ]
[2020-04-05T21:17:38+08:00][sql] SHOW FULL COLUMNS FROM `eb_system_config` [ RunTime:0.004565s ]
[2020-04-05T21:17:38+08:00][sql] SELECT * FROM `eb_system_config` WHERE  `menu_name` = 'cache_config' LIMIT 1 [ RunTime:0.001021s ]
[2020-04-05T21:17:38+08:00][sql] SELECT * FROM `eb_system_config` WHERE  `menu_name` = 'cache_config' LIMIT 1 [ RunTime:0.000944s ]
[2020-04-05T21:17:38+08:00][sql] SELECT * FROM `eb_system_config` WHERE  `menu_name` = 'cache_config' LIMIT 1 [ RunTime:0.000907s ]
[2020-04-05T21:17:38+08:00][sql] SELECT * FROM `eb_system_config` WHERE  `menu_name` = 'cache_config' LIMIT 1 [ RunTime:0.000852s ]
[2020-04-05T21:17:38+08:00][sql] SELECT * FROM `eb_system_config` WHERE  `menu_name` = 'cache_config' LIMIT 1 [ RunTime:0.001340s ]
[2020-04-05T21:17:38+08:00][sql] SELECT * FROM `eb_system_config` WHERE  `menu_name` = 'cache_config' LIMIT 1 [ RunTime:0.000848s ]
[2020-04-05T21:17:38+08:00][sql] SELECT * FROM `eb_system_config` WHERE  `menu_name` = 'cache_config' LIMIT 1 [ RunTime:0.000860s ]
[2020-04-05T21:17:38+08:00][sql] SHOW FULL COLUMNS FROM `eb_store_category` [ RunTime:0.004588s ]
[2020-04-05T21:17:38+08:00][sql] SELECT `id`,`cate_name`,`pid`,`pic` FROM `eb_store_category` WHERE  `pid` > 0  AND `is_show` = 1 ORDER BY `sort` DESC LIMIT 10 [ RunTime:0.001027s ]
[2020-04-05T21:17:38+08:00][sql] SHOW FULL COLUMNS FROM `eb_store_product` [ RunTime:0.004261s ]
[2020-04-05T21:17:38+08:00][sql] SELECT id,image,store_name,cate_id,price,ot_price,IFNULL(sales,0) + IFNULL(ficti,0) as sales,unit_name FROM `eb_store_product` WHERE  `is_best` = 1  AND `is_del` = 0  AND `mer_id` = 0  AND `stock` > 0  AND `is_show` = 1 ORDER BY `sort` DESC,`id` DESC LIMIT 10 [ RunTime:0.001525s ]
[2020-04-05T21:17:38+08:00][sql] SELECT * FROM `eb_system_config` WHERE  `menu_name` = 'cache_config' LIMIT 1 [ RunTime:0.000769s ]
[2020-04-05T21:17:38+08:00][sql] SHOW FULL COLUMNS FROM `eb_user_level` [ RunTime:0.004542s ]
[2020-04-05T21:17:38+08:00][sql] SELECT `level_id`,`is_forever`,`valid_time`,`id`,`status`,`grade` FROM `eb_user_level` WHERE  `status` = 1  AND `is_del` = 0  AND `uid` = 0 ORDER BY `grade` DESC LIMIT 1 [ RunTime:0.001093s ]
[2020-04-05T21:17:38+08:00][sql] SHOW FULL COLUMNS FROM `eb_system_user_level` [ RunTime:0.004564s ]
[2020-04-05T21:17:38+08:00][sql] SELECT `discount` FROM `eb_system_user_level` WHERE  `is_show` = 1  AND `is_del` = 0 ORDER BY `grade` ASC LIMIT 1 [ RunTime:0.001029s ]
[2020-04-05T21:17:38+08:00][sql] SELECT id,image,store_name,cate_id,price,unit_name,IFNULL(sales,0) + IFNULL(ficti,0) as sales FROM `eb_store_product` WHERE  `is_new` = 1  AND `is_del` = 0  AND `mer_id` = 0  AND `stock` > 0  AND `is_show` = 1 ORDER BY `sort` DESC,`id` DESC LIMIT 10 [ RunTime:0.001879s ]
[2020-04-05T21:17:38+08:00][sql] SELECT * FROM `eb_system_config` WHERE  `menu_name` = 'cache_config' LIMIT 1 [ RunTime:0.001050s ]
[2020-04-05T21:17:38+08:00][sql] SELECT `level_id`,`is_forever`,`valid_time`,`id`,`status`,`grade` FROM `eb_user_level` WHERE  `status` = 1  AND `is_del` = 0  AND `uid` = 0 ORDER BY `grade` DESC LIMIT 1 [ RunTime:0.000895s ]
[2020-04-05T21:17:38+08:00][sql] SELECT `discount` FROM `eb_system_user_level` WHERE  `is_show` = 1  AND `is_del` = 0 ORDER BY `grade` ASC LIMIT 1 [ RunTime:0.000875s ]
[2020-04-05T21:17:38+08:00][sql] SELECT * FROM `eb_system_config` WHERE  `menu_name` = 'cache_config' LIMIT 1 [ RunTime:0.001614s ]
[2020-04-05T21:17:38+08:00][sql] SELECT `id`,`image`,`store_name`,`cate_id`,`price`,`ot_price`,`stock`,`unit_name` FROM `eb_store_product` WHERE  `is_benefit` = 1  AND `is_del` = 0  AND `mer_id` = 0  AND `stock` > 0  AND `is_show` = 1 ORDER BY `sort` DESC,`id` DESC LIMIT 3 [ RunTime:0.001537s ]
[2020-04-05T21:17:38+08:00][sql] SELECT * FROM `eb_system_config` WHERE  `menu_name` = 'cache_config' LIMIT 1 [ RunTime:0.000713s ]
[2020-04-05T21:17:38+08:00][sql] SELECT `id`,`image`,`store_name`,`cate_id`,`price`,`unit_name` FROM `eb_store_product` WHERE  `is_hot` = 1  AND `is_del` = 0  AND `mer_id` = 0  AND `stock` > 0  AND `is_show` = 1 ORDER BY `sort` DESC,`id` DESC LIMIT 3 [ RunTime:0.001741s ]
[2020-04-05T21:17:38+08:00][sql] SELECT * FROM `eb_system_config` WHERE  `menu_name` = 'cache_config' LIMIT 1 [ RunTime:0.000767s ]
[2020-04-05T21:17:38+08:00][sql] SELECT `level_id`,`is_forever`,`valid_time`,`id`,`status`,`grade` FROM `eb_user_level` WHERE  `status` = 1  AND `is_del` = 0  AND `uid` = 0 ORDER BY `grade` DESC LIMIT 1 [ RunTime:0.001246s ]
[2020-04-05T21:17:38+08:00][sql] SELECT `discount` FROM `eb_system_user_level` WHERE  `is_show` = 1  AND `is_del` = 0 ORDER BY `grade` ASC LIMIT 1 [ RunTime:0.001043s ]
[2020-04-05T21:17:38+08:00][sql] SHOW FULL COLUMNS FROM `eb_store_coupon_issue` [ RunTime:0.004568s ]
[2020-04-05T21:17:38+08:00][sql] SELECT `A`.*,`B`.`coupon_price`,`B`.`use_min_price` FROM `eb_store_coupon_issue` `A` INNER JOIN `eb_store_coupon` `B` ON `A`.`cid`=`B`.`id` WHERE  `A`.`status` = 1  AND (  (  `A`.`start_time` < 1586092657  AND `A`.`end_time` > 1586092657 ) OR (  `A`.`start_time` = 0  AND `A`.`end_time` = 0 ) )  AND `A`.`is_del` = 0  AND ( A.remain_count > 0 OR A.is_permanent = 1 ) ORDER BY `B`.`sort` DESC,`A`.`id` DESC LIMIT 3 [ RunTime:0.005883s ]
[2020-04-05T21:17:38+08:00][sql] SHOW FULL COLUMNS FROM `eb_wechat_user` [ RunTime:0.004781s ]
[2020-04-05T21:17:38+08:00][sql] SELECT `subscribe` FROM `eb_wechat_user` WHERE  `uid` = 0 LIMIT 1 [ RunTime:0.000628s ]
[2020-04-05T21:17:38+08:00][sql] SELECT * FROM `eb_system_config` WHERE  `menu_name` = 'cache_config' LIMIT 1 [ RunTime:0.000769s ]
