[2020-04-07T11:07:58+08:00][info] [ VIEW ] F:\GIT\CRMEB_DT_v3.1.4\public\index.html [ array (
) ]
[2020-04-07T11:08:00+08:00][sql] CONNECT:[ UseTime:0.019623s ] mysql:host=localhost;port=3306;dbname=crmeb2;charset=utf8
[2020-04-07T11:08:00+08:00][sql] SHOW FULL COLUMNS FROM `eb_user_token` [ RunTime:0.002115s ]
[2020-04-07T11:08:00+08:00][sql] SELECT * FROM `eb_user_token` WHERE  `token` IS NULL LIMIT 1 [ RunTime:0.001017s ]
[2020-04-07T11:08:00+08:00][sql] SHOW FULL COLUMNS FROM `eb_system_config` [ RunTime:0.026147s ]
[2020-04-07T11:08:00+08:00][sql] SELECT * FROM `eb_system_config` WHERE  `menu_name` = 'cache_config' LIMIT 1 [ RunTime:0.001192s ]
[2020-04-07T11:08:00+08:00][sql] SELECT `menu_name`,`value` FROM `eb_system_config` [ RunTime:0.000698s ]
[2020-04-07T11:08:00+08:00][sql] SELECT * FROM `eb_system_config` WHERE  `menu_name` = 'cache_config' LIMIT 1 [ RunTime:0.001488s ]
[2020-04-07T11:08:02+08:00][sql] CONNECT:[ UseTime:0.008673s ] mysql:host=localhost;port=3306;dbname=crmeb2;charset=utf8
[2020-04-07T11:08:02+08:00][sql] SHOW FULL COLUMNS FROM `eb_user_token` [ RunTime:0.056192s ]
[2020-04-07T11:08:02+08:00][sql] SELECT * FROM `eb_user_token` WHERE  `token` IS NULL LIMIT 1 [ RunTime:0.001496s ]
[2020-04-07T11:08:02+08:00][sql] SHOW FULL COLUMNS FROM `eb_system_config` [ RunTime:0.026375s ]
[2020-04-07T11:08:02+08:00][sql] SELECT * FROM `eb_system_config` WHERE  `menu_name` = 'cache_config' LIMIT 1 [ RunTime:0.001399s ]
[2020-04-07T11:08:02+08:00][sql] SHOW FULL COLUMNS FROM `eb_system_group_data` [ RunTime:0.009000s ]
[2020-04-07T11:08:02+08:00][sql] SELECT `a`.*,`b`.`config_name` FROM `eb_system_group_data` `a` INNER JOIN `eb_system_group` `b` ON `a`.`gid`=`b`.`id` WHERE  `b`.`config_name` = 'routine_home_banner'  AND `a`.`status` = 1 ORDER BY `sort` DESC,`id` ASC [ RunTime:0.022287s ]
[2020-04-07T11:08:02+08:00][sql] SELECT * FROM `eb_system_config` WHERE  `menu_name` = 'cache_config' LIMIT 1 [ RunTime:0.001432s ]
[2020-04-07T11:08:02+08:00][sql] SELECT `a`.*,`b`.`config_name` FROM `eb_system_group_data` `a` INNER JOIN `eb_system_group` `b` ON `a`.`gid`=`b`.`id` WHERE  `b`.`config_name` = 'routine_home_menus'  AND `a`.`status` = 1 ORDER BY `sort` DESC,`id` ASC [ RunTime:0.001663s ]
[2020-04-07T11:08:02+08:00][sql] SELECT * FROM `eb_system_config` WHERE  `menu_name` = 'cache_config' LIMIT 1 [ RunTime:0.001367s ]
[2020-04-07T11:08:02+08:00][sql] SELECT `a`.*,`b`.`config_name` FROM `eb_system_group_data` `a` INNER JOIN `eb_system_group` `b` ON `a`.`gid`=`b`.`id` WHERE  `b`.`config_name` = 'routine_home_roll_news'  AND `a`.`status` = 1 ORDER BY `sort` DESC,`id` ASC [ RunTime:0.001132s ]
[2020-04-07T11:08:02+08:00][sql] SELECT * FROM `eb_system_config` WHERE  `menu_name` = 'cache_config' LIMIT 1 [ RunTime:0.000954s ]
[2020-04-07T11:08:02+08:00][sql] SELECT `a`.*,`b`.`config_name` FROM `eb_system_group_data` `a` INNER JOIN `eb_system_group` `b` ON `a`.`gid`=`b`.`id` WHERE  `b`.`config_name` = 'routine_home_activity'  AND `a`.`status` = 1 ORDER BY `sort` DESC,`id` ASC LIMIT 3 [ RunTime:0.001174s ]
[2020-04-07T11:08:02+08:00][sql] SELECT * FROM `eb_system_config` WHERE  `menu_name` = 'cache_config' LIMIT 1 [ RunTime:0.000945s ]
[2020-04-07T11:08:02+08:00][sql] SELECT * FROM `eb_system_config` WHERE  `menu_name` = 'cache_config' LIMIT 1 [ RunTime:0.000801s ]
[2020-04-07T11:08:02+08:00][sql] SELECT `a`.*,`b`.`config_name` FROM `eb_system_group_data` `a` INNER JOIN `eb_system_group` `b` ON `a`.`gid`=`b`.`id` WHERE  `b`.`config_name` = 'routine_index_page'  AND `a`.`status` = 1 ORDER BY `sort` DESC,`id` ASC [ RunTime:0.000921s ]
[2020-04-07T11:08:02+08:00][sql] SELECT * FROM `eb_system_config` WHERE  `menu_name` = 'cache_config' LIMIT 1 [ RunTime:0.001283s ]
[2020-04-07T11:08:02+08:00][sql] SHOW FULL COLUMNS FROM `eb_store_category` [ RunTime:0.030081s ]
[2020-04-07T11:08:02+08:00][sql] SELECT `id`,`cate_name`,`pid`,`pic` FROM `eb_store_category` WHERE  `pid` > 0  AND `is_show` = 1 ORDER BY `sort` DESC LIMIT 10 [ RunTime:0.001696s ]
[2020-04-07T11:08:02+08:00][sql] SHOW FULL COLUMNS FROM `eb_store_product` [ RunTime:0.017415s ]
[2020-04-07T11:08:02+08:00][sql] SELECT id,image,store_name,cate_id,price,ot_price,IFNULL(sales,0) + IFNULL(ficti,0) as sales,unit_name FROM `eb_store_product` WHERE  `is_best` = 1  AND `is_del` = 0  AND `mer_id` = 0  AND `stock` > 0  AND `is_show` = 1 ORDER BY `sort` DESC,`id` DESC LIMIT 10 [ RunTime:0.042812s ]
[2020-04-07T11:08:02+08:00][sql] SELECT * FROM `eb_system_config` WHERE  `menu_name` = 'cache_config' LIMIT 1 [ RunTime:0.001257s ]
[2020-04-07T11:08:02+08:00][sql] SHOW FULL COLUMNS FROM `eb_user_level` [ RunTime:0.042348s ]
[2020-04-07T11:08:02+08:00][sql] SELECT `level_id`,`is_forever`,`valid_time`,`id`,`status`,`grade` FROM `eb_user_level` WHERE  `status` = 1  AND `is_del` = 0  AND `uid` = 0 ORDER BY `grade` DESC LIMIT 1 [ RunTime:0.001976s ]
[2020-04-07T11:08:02+08:00][sql] SHOW FULL COLUMNS FROM `eb_system_user_level` [ RunTime:0.016410s ]
[2020-04-07T11:08:02+08:00][sql] SELECT `discount` FROM `eb_system_user_level` WHERE  `is_show` = 1  AND `is_del` = 0 ORDER BY `grade` ASC LIMIT 1 [ RunTime:0.001677s ]
[2020-04-07T11:08:02+08:00][sql] SELECT id,image,store_name,cate_id,price,unit_name,IFNULL(sales,0) + IFNULL(ficti,0) as sales FROM `eb_store_product` WHERE  `is_new` = 1  AND `is_del` = 0  AND `mer_id` = 0  AND `stock` > 0  AND `is_show` = 1 ORDER BY `sort` DESC,`id` DESC LIMIT 10 [ RunTime:0.002247s ]
[2020-04-07T11:08:02+08:00][sql] SELECT * FROM `eb_system_config` WHERE  `menu_name` = 'cache_config' LIMIT 1 [ RunTime:0.001253s ]
[2020-04-07T11:08:02+08:00][sql] SELECT `level_id`,`is_forever`,`valid_time`,`id`,`status`,`grade` FROM `eb_user_level` WHERE  `status` = 1  AND `is_del` = 0  AND `uid` = 0 ORDER BY `grade` DESC LIMIT 1 [ RunTime:0.001118s ]
[2020-04-07T11:08:02+08:00][sql] SELECT `discount` FROM `eb_system_user_level` WHERE  `is_show` = 1  AND `is_del` = 0 ORDER BY `grade` ASC LIMIT 1 [ RunTime:0.000869s ]
[2020-04-07T11:08:02+08:00][sql] SELECT * FROM `eb_system_config` WHERE  `menu_name` = 'cache_config' LIMIT 1 [ RunTime:0.001403s ]
[2020-04-07T11:08:02+08:00][sql] SELECT `a`.*,`b`.`config_name` FROM `eb_system_group_data` `a` INNER JOIN `eb_system_group` `b` ON `a`.`gid`=`b`.`id` WHERE  `b`.`config_name` = 'routine_home_bast_banner'  AND `a`.`status` = 1 ORDER BY `sort` DESC,`id` ASC [ RunTime:0.001148s ]
[2020-04-07T11:08:02+08:00][sql] SELECT `id`,`image`,`store_name`,`cate_id`,`price`,`ot_price`,`stock`,`unit_name` FROM `eb_store_product` WHERE  `is_benefit` = 1  AND `is_del` = 0  AND `mer_id` = 0  AND `stock` > 0  AND `is_show` = 1 ORDER BY `sort` DESC,`id` DESC LIMIT 3 [ RunTime:0.001656s ]
[2020-04-07T11:08:02+08:00][sql] SELECT * FROM `eb_system_config` WHERE  `menu_name` = 'cache_config' LIMIT 1 [ RunTime:0.000917s ]
[2020-04-07T11:08:02+08:00][sql] SELECT `a`.*,`b`.`config_name` FROM `eb_system_group_data` `a` INNER JOIN `eb_system_group` `b` ON `a`.`gid`=`b`.`id` WHERE  `b`.`config_name` = 'routine_home_new_banner'  AND `a`.`status` = 1 ORDER BY `sort` DESC,`id` ASC [ RunTime:0.000973s ]
[2020-04-07T11:08:02+08:00][sql] SELECT `id`,`image`,`store_name`,`cate_id`,`price`,`unit_name` FROM `eb_store_product` WHERE  `is_hot` = 1  AND `is_del` = 0  AND `mer_id` = 0  AND `stock` > 0  AND `is_show` = 1 ORDER BY `sort` DESC,`id` DESC LIMIT 3 [ RunTime:0.001689s ]
[2020-04-07T11:08:02+08:00][sql] SELECT * FROM `eb_system_config` WHERE  `menu_name` = 'cache_config' LIMIT 1 [ RunTime:0.000852s ]
[2020-04-07T11:08:02+08:00][sql] SELECT `level_id`,`is_forever`,`valid_time`,`id`,`status`,`grade` FROM `eb_user_level` WHERE  `status` = 1  AND `is_del` = 0  AND `uid` = 0 ORDER BY `grade` DESC LIMIT 1 [ RunTime:0.000953s ]
[2020-04-07T11:08:02+08:00][sql] SELECT `discount` FROM `eb_system_user_level` WHERE  `is_show` = 1  AND `is_del` = 0 ORDER BY `grade` ASC LIMIT 1 [ RunTime:0.000838s ]
[2020-04-07T11:08:02+08:00][sql] SHOW FULL COLUMNS FROM `eb_store_coupon_issue` [ RunTime:0.007283s ]
[2020-04-07T11:08:02+08:00][sql] SELECT `A`.*,`B`.`coupon_price`,`B`.`use_min_price` FROM `eb_store_coupon_issue` `A` INNER JOIN `eb_store_coupon` `B` ON `A`.`cid`=`B`.`id` WHERE  `A`.`status` = 1  AND (  (  `A`.`start_time` < 1586228881  AND `A`.`end_time` > 1586228881 ) OR (  `A`.`start_time` = 0  AND `A`.`end_time` = 0 ) )  AND `A`.`is_del` = 0  AND ( A.remain_count > 0 OR A.is_permanent = 1 ) ORDER BY `B`.`sort` DESC,`A`.`id` DESC LIMIT 3 [ RunTime:0.007437s ]
[2020-04-07T11:08:02+08:00][sql] SHOW FULL COLUMNS FROM `eb_wechat_user` [ RunTime:0.051602s ]
[2020-04-07T11:08:02+08:00][sql] SELECT `subscribe` FROM `eb_wechat_user` WHERE  `uid` = 0 LIMIT 1 [ RunTime:0.000712s ]
[2020-04-07T11:08:02+08:00][sql] SELECT * FROM `eb_system_config` WHERE  `menu_name` = 'cache_config' LIMIT 1 [ RunTime:0.000784s ]
[2020-04-07T11:08:14+08:00][sql] CONNECT:[ UseTime:0.012654s ] mysql:host=localhost;port=3306;dbname=crmeb2;charset=utf8
[2020-04-07T11:08:14+08:00][sql] SHOW FULL COLUMNS FROM `eb_user_token` [ RunTime:0.002194s ]
[2020-04-07T11:08:14+08:00][sql] SELECT * FROM `eb_user_token` WHERE  `token` IS NULL LIMIT 1 [ RunTime:0.001097s ]
[2020-04-07T11:08:14+08:00][sql] SHOW FULL COLUMNS FROM `eb_store_combination` [ RunTime:0.024691s ]
[2020-04-07T11:08:14+08:00][sql] SELECT `c`.*,s.price as product_price FROM `eb_store_combination` `c` INNER JOIN `eb_store_product` `s` ON `s`.`id`=`c`.`product_id` WHERE  `c`.`is_show` = 1  AND `c`.`is_del` = 0  AND `c`.`start_time` < 1586228894  AND `c`.`stop_time` > 1586228894 ORDER BY `c`.`sort` DESC,`c`.`id` DESC LIMIT 0,10 [ RunTime:0.008351s ]
[2020-04-07T11:09:40+08:00][info] [ VIEW ] F:\GIT\CRMEB_DT_v3.1.4\public\index.html [ array (
) ]
[2020-04-07T11:10:39+08:00][sql] CONNECT:[ UseTime:0.003084s ] mysql:host=localhost;port=3306;dbname=crmeb2;charset=utf8
[2020-04-07T11:10:39+08:00][sql] SHOW FULL COLUMNS FROM `eb_user_token` [ RunTime:0.001686s ]
[2020-04-07T11:10:39+08:00][sql] SELECT * FROM `eb_user_token` WHERE  `token` IS NULL LIMIT 1 [ RunTime:0.001004s ]
[2020-04-07T11:10:39+08:00][sql] SHOW FULL COLUMNS FROM `eb_store_combination` [ RunTime:0.007441s ]
[2020-04-07T11:10:39+08:00][sql] SELECT `c`.*,s.price as product_price FROM `eb_store_combination` `c` INNER JOIN `eb_store_product` `s` ON `s`.`id`=`c`.`product_id` WHERE  `c`.`is_show` = 1  AND `c`.`is_del` = 0  AND `c`.`start_time` < 1586229039  AND `c`.`stop_time` > 1586229039 ORDER BY `c`.`sort` DESC,`c`.`id` DESC LIMIT 0,10 [ RunTime:0.007130s ]
