[2020-04-08T11:25:17+08:00][info] [ VIEW ] F:\GIT\CRMEB_DT_v3.1.4\public\index.html [ array (
) ]
[2020-04-08T11:25:20+08:00][sql] CONNECT:[ UseTime:0.025778s ] mysql:host=localhost;port=3306;dbname=crmeb2;charset=utf8
[2020-04-08T11:25:20+08:00][sql] SHOW FULL COLUMNS FROM `eb_user_token` [ RunTime:0.098579s ]
[2020-04-08T11:25:20+08:00][sql] SELECT * FROM `eb_user_token` WHERE  `token` IS NULL LIMIT 1 [ RunTime:0.015267s ]
[2020-04-08T11:25:20+08:00][sql] SHOW FULL COLUMNS FROM `eb_system_config` [ RunTime:0.038291s ]
[2020-04-08T11:25:20+08:00][sql] SELECT * FROM `eb_system_config` WHERE  `menu_name` = 'cache_config' LIMIT 1 [ RunTime:0.009505s ]
[2020-04-08T11:25:20+08:00][sql] SELECT `menu_name`,`value` FROM `eb_system_config` [ RunTime:0.001821s ]
[2020-04-08T11:25:20+08:00][sql] SELECT * FROM `eb_system_config` WHERE  `menu_name` = 'cache_config' LIMIT 1 [ RunTime:0.001915s ]
[2020-04-08T11:25:22+08:00][sql] CONNECT:[ UseTime:0.036737s ] mysql:host=localhost;port=3306;dbname=crmeb2;charset=utf8
[2020-04-08T11:25:22+08:00][sql] SHOW FULL COLUMNS FROM `eb_user_token` [ RunTime:0.097910s ]
[2020-04-08T11:25:22+08:00][sql] SELECT * FROM `eb_user_token` WHERE  `token` IS NULL LIMIT 1 [ RunTime:0.014566s ]
[2020-04-08T11:25:22+08:00][sql] SHOW FULL COLUMNS FROM `eb_system_config` [ RunTime:0.034904s ]
[2020-04-08T11:25:22+08:00][sql] SELECT * FROM `eb_system_config` WHERE  `menu_name` = 'cache_config' LIMIT 1 [ RunTime:0.004049s ]
[2020-04-08T11:25:22+08:00][sql] SHOW FULL COLUMNS FROM `eb_system_group_data` [ RunTime:0.014518s ]
[2020-04-08T11:25:22+08:00][sql] SELECT `a`.*,`b`.`config_name` FROM `eb_system_group_data` `a` INNER JOIN `eb_system_group` `b` ON `a`.`gid`=`b`.`id` WHERE  `b`.`config_name` = 'routine_home_banner'  AND `a`.`status` = 1 ORDER BY `sort` DESC,`id` ASC [ RunTime:0.029193s ]
[2020-04-08T11:25:22+08:00][sql] SELECT * FROM `eb_system_config` WHERE  `menu_name` = 'cache_config' LIMIT 1 [ RunTime:0.001350s ]
[2020-04-08T11:25:22+08:00][sql] SELECT `a`.*,`b`.`config_name` FROM `eb_system_group_data` `a` INNER JOIN `eb_system_group` `b` ON `a`.`gid`=`b`.`id` WHERE  `b`.`config_name` = 'routine_home_menus'  AND `a`.`status` = 1 ORDER BY `sort` DESC,`id` ASC [ RunTime:0.001260s ]
[2020-04-08T11:25:22+08:00][sql] SELECT * FROM `eb_system_config` WHERE  `menu_name` = 'cache_config' LIMIT 1 [ RunTime:0.001428s ]
[2020-04-08T11:25:22+08:00][sql] SELECT `a`.*,`b`.`config_name` FROM `eb_system_group_data` `a` INNER JOIN `eb_system_group` `b` ON `a`.`gid`=`b`.`id` WHERE  `b`.`config_name` = 'routine_home_roll_news'  AND `a`.`status` = 1 ORDER BY `sort` DESC,`id` ASC [ RunTime:0.001120s ]
[2020-04-08T11:25:22+08:00][sql] SELECT * FROM `eb_system_config` WHERE  `menu_name` = 'cache_config' LIMIT 1 [ RunTime:0.001046s ]
[2020-04-08T11:25:22+08:00][sql] SELECT `a`.*,`b`.`config_name` FROM `eb_system_group_data` `a` INNER JOIN `eb_system_group` `b` ON `a`.`gid`=`b`.`id` WHERE  `b`.`config_name` = 'routine_home_activity'  AND `a`.`status` = 1 ORDER BY `sort` DESC,`id` ASC LIMIT 3 [ RunTime:0.001253s ]
[2020-04-08T11:25:22+08:00][sql] SELECT * FROM `eb_system_config` WHERE  `menu_name` = 'cache_config' LIMIT 1 [ RunTime:0.001147s ]
[2020-04-08T11:25:22+08:00][sql] SELECT * FROM `eb_system_config` WHERE  `menu_name` = 'cache_config' LIMIT 1 [ RunTime:0.000919s ]
[2020-04-08T11:25:22+08:00][sql] SELECT `a`.*,`b`.`config_name` FROM `eb_system_group_data` `a` INNER JOIN `eb_system_group` `b` ON `a`.`gid`=`b`.`id` WHERE  `b`.`config_name` = 'routine_index_page'  AND `a`.`status` = 1 ORDER BY `sort` DESC,`id` ASC [ RunTime:0.001109s ]
[2020-04-08T11:25:22+08:00][sql] SELECT * FROM `eb_system_config` WHERE  `menu_name` = 'cache_config' LIMIT 1 [ RunTime:0.000970s ]
[2020-04-08T11:25:22+08:00][sql] SHOW FULL COLUMNS FROM `eb_store_category` [ RunTime:0.058614s ]
[2020-04-08T11:25:22+08:00][sql] SELECT `id`,`cate_name`,`pid`,`pic` FROM `eb_store_category` WHERE  `pid` > 0  AND `is_show` = 1 ORDER BY `sort` DESC LIMIT 10 [ RunTime:0.005365s ]
[2020-04-08T11:25:22+08:00][sql] SHOW FULL COLUMNS FROM `eb_store_product` [ RunTime:0.016132s ]
[2020-04-08T11:25:22+08:00][sql] SELECT id,image,store_name,cate_id,price,ot_price,IFNULL(sales,0) + IFNULL(ficti,0) as sales,unit_name FROM `eb_store_product` WHERE  `is_best` = 1  AND `is_del` = 0  AND `mer_id` = 0  AND `stock` > 0  AND `is_show` = 1 ORDER BY `sort` DESC,`id` DESC LIMIT 10 [ RunTime:0.030497s ]
[2020-04-08T11:25:22+08:00][sql] SELECT * FROM `eb_system_config` WHERE  `menu_name` = 'cache_config' LIMIT 1 [ RunTime:0.001086s ]
[2020-04-08T11:25:22+08:00][sql] SHOW FULL COLUMNS FROM `eb_user_level` [ RunTime:0.028698s ]
[2020-04-08T11:25:22+08:00][sql] SELECT `level_id`,`is_forever`,`valid_time`,`id`,`status`,`grade` FROM `eb_user_level` WHERE  `status` = 1  AND `is_del` = 0  AND `uid` = 0 ORDER BY `grade` DESC LIMIT 1 [ RunTime:0.001024s ]
[2020-04-08T11:25:22+08:00][sql] SHOW FULL COLUMNS FROM `eb_system_user_level` [ RunTime:0.019753s ]
[2020-04-08T11:25:22+08:00][sql] SELECT `discount` FROM `eb_system_user_level` WHERE  `is_show` = 1  AND `is_del` = 0 ORDER BY `grade` ASC LIMIT 1 [ RunTime:0.002224s ]
[2020-04-08T11:25:22+08:00][sql] SELECT id,image,store_name,cate_id,price,unit_name,IFNULL(sales,0) + IFNULL(ficti,0) as sales FROM `eb_store_product` WHERE  `is_new` = 1  AND `is_del` = 0  AND `mer_id` = 0  AND `stock` > 0  AND `is_show` = 1 ORDER BY `sort` DESC,`id` DESC LIMIT 10 [ RunTime:0.002133s ]
[2020-04-08T11:25:22+08:00][sql] SELECT * FROM `eb_system_config` WHERE  `menu_name` = 'cache_config' LIMIT 1 [ RunTime:0.000988s ]
[2020-04-08T11:25:22+08:00][sql] SELECT `level_id`,`is_forever`,`valid_time`,`id`,`status`,`grade` FROM `eb_user_level` WHERE  `status` = 1  AND `is_del` = 0  AND `uid` = 0 ORDER BY `grade` DESC LIMIT 1 [ RunTime:0.000987s ]
[2020-04-08T11:25:22+08:00][sql] SELECT `discount` FROM `eb_system_user_level` WHERE  `is_show` = 1  AND `is_del` = 0 ORDER BY `grade` ASC LIMIT 1 [ RunTime:0.001779s ]
[2020-04-08T11:25:22+08:00][sql] SELECT * FROM `eb_system_config` WHERE  `menu_name` = 'cache_config' LIMIT 1 [ RunTime:0.002519s ]
[2020-04-08T11:25:22+08:00][sql] SELECT `a`.*,`b`.`config_name` FROM `eb_system_group_data` `a` INNER JOIN `eb_system_group` `b` ON `a`.`gid`=`b`.`id` WHERE  `b`.`config_name` = 'routine_home_bast_banner'  AND `a`.`status` = 1 ORDER BY `sort` DESC,`id` ASC [ RunTime:0.001970s ]
[2020-04-08T11:25:22+08:00][sql] SELECT `id`,`image`,`store_name`,`cate_id`,`price`,`ot_price`,`stock`,`unit_name` FROM `eb_store_product` WHERE  `is_benefit` = 1  AND `is_del` = 0  AND `mer_id` = 0  AND `stock` > 0  AND `is_show` = 1 ORDER BY `sort` DESC,`id` DESC LIMIT 3 [ RunTime:0.002854s ]
[2020-04-08T11:25:22+08:00][sql] SELECT * FROM `eb_system_config` WHERE  `menu_name` = 'cache_config' LIMIT 1 [ RunTime:0.001196s ]
[2020-04-08T11:25:22+08:00][sql] SELECT `a`.*,`b`.`config_name` FROM `eb_system_group_data` `a` INNER JOIN `eb_system_group` `b` ON `a`.`gid`=`b`.`id` WHERE  `b`.`config_name` = 'routine_home_new_banner'  AND `a`.`status` = 1 ORDER BY `sort` DESC,`id` ASC [ RunTime:0.001575s ]
[2020-04-08T11:25:22+08:00][sql] SELECT `id`,`image`,`store_name`,`cate_id`,`price`,`unit_name` FROM `eb_store_product` WHERE  `is_hot` = 1  AND `is_del` = 0  AND `mer_id` = 0  AND `stock` > 0  AND `is_show` = 1 ORDER BY `sort` DESC,`id` DESC LIMIT 3 [ RunTime:0.003893s ]
[2020-04-08T11:25:22+08:00][sql] SELECT * FROM `eb_system_config` WHERE  `menu_name` = 'cache_config' LIMIT 1 [ RunTime:0.001932s ]
[2020-04-08T11:25:22+08:00][sql] SELECT `level_id`,`is_forever`,`valid_time`,`id`,`status`,`grade` FROM `eb_user_level` WHERE  `status` = 1  AND `is_del` = 0  AND `uid` = 0 ORDER BY `grade` DESC LIMIT 1 [ RunTime:0.002064s ]
[2020-04-08T11:25:22+08:00][sql] SELECT `discount` FROM `eb_system_user_level` WHERE  `is_show` = 1  AND `is_del` = 0 ORDER BY `grade` ASC LIMIT 1 [ RunTime:0.001063s ]
[2020-04-08T11:25:22+08:00][sql] SHOW FULL COLUMNS FROM `eb_store_coupon_issue` [ RunTime:0.055663s ]
[2020-04-08T11:25:22+08:00][sql] SELECT `A`.*,`B`.`coupon_price`,`B`.`use_min_price` FROM `eb_store_coupon_issue` `A` INNER JOIN `eb_store_coupon` `B` ON `A`.`cid`=`B`.`id` WHERE  `A`.`status` = 1  AND (  (  `A`.`start_time` < 1586316321  AND `A`.`end_time` > 1586316321 ) OR (  `A`.`start_time` = 0  AND `A`.`end_time` = 0 ) )  AND `A`.`is_del` = 0  AND ( A.remain_count > 0 OR A.is_permanent = 1 ) ORDER BY `B`.`sort` DESC,`A`.`id` DESC LIMIT 3 [ RunTime:0.028606s ]
[2020-04-08T11:25:22+08:00][sql] SHOW FULL COLUMNS FROM `eb_wechat_user` [ RunTime:0.032350s ]
[2020-04-08T11:25:22+08:00][sql] SELECT `subscribe` FROM `eb_wechat_user` WHERE  `uid` = 0 LIMIT 1 [ RunTime:0.001547s ]
[2020-04-08T11:25:22+08:00][sql] SELECT * FROM `eb_system_config` WHERE  `menu_name` = 'cache_config' LIMIT 1 [ RunTime:0.001789s ]
[2020-04-08T11:33:53+08:00][info] [ VIEW ] F:\GIT\CRMEB_DT_v3.1.4\public\index.html [ array (
) ]
[2020-04-08T11:33:55+08:00][sql] CONNECT:[ UseTime:0.012595s ] mysql:host=localhost;port=3306;dbname=crmeb2;charset=utf8
[2020-04-08T11:33:55+08:00][sql] SHOW FULL COLUMNS FROM `eb_user_token` [ RunTime:0.002585s ]
[2020-04-08T11:33:55+08:00][sql] SELECT * FROM `eb_user_token` WHERE  `token` IS NULL LIMIT 1 [ RunTime:0.000573s ]
[2020-04-08T11:33:55+08:00][sql] SHOW FULL COLUMNS FROM `eb_system_config` [ RunTime:0.006189s ]
[2020-04-08T11:33:55+08:00][sql] SELECT * FROM `eb_system_config` WHERE  `menu_name` = 'cache_config' LIMIT 1 [ RunTime:0.001538s ]
[2020-04-08T11:33:55+08:00][sql] SELECT * FROM `eb_system_config` WHERE  `menu_name` = 'cache_config' LIMIT 1 [ RunTime:0.001249s ]
[2020-04-08T11:33:56+08:00][sql] CONNECT:[ UseTime:0.003227s ] mysql:host=localhost;port=3306;dbname=crmeb2;charset=utf8
[2020-04-08T11:33:56+08:00][sql] SHOW FULL COLUMNS FROM `eb_user_token` [ RunTime:0.001764s ]
[2020-04-08T11:33:56+08:00][sql] SELECT * FROM `eb_user_token` WHERE  `token` IS NULL LIMIT 1 [ RunTime:0.000748s ]
[2020-04-08T11:33:56+08:00][sql] SHOW FULL COLUMNS FROM `eb_system_config` [ RunTime:0.007192s ]
[2020-04-08T11:33:56+08:00][sql] SELECT * FROM `eb_system_config` WHERE  `menu_name` = 'cache_config' LIMIT 1 [ RunTime:0.001740s ]
[2020-04-08T11:33:56+08:00][sql] SELECT * FROM `eb_system_config` WHERE  `menu_name` = 'cache_config' LIMIT 1 [ RunTime:0.001489s ]
[2020-04-08T11:33:56+08:00][sql] SELECT * FROM `eb_system_config` WHERE  `menu_name` = 'cache_config' LIMIT 1 [ RunTime:0.001636s ]
[2020-04-08T11:33:56+08:00][sql] SELECT * FROM `eb_system_config` WHERE  `menu_name` = 'cache_config' LIMIT 1 [ RunTime:0.000840s ]
[2020-04-08T11:33:56+08:00][sql] SELECT * FROM `eb_system_config` WHERE  `menu_name` = 'cache_config' LIMIT 1 [ RunTime:0.001059s ]
[2020-04-08T11:33:56+08:00][sql] SELECT * FROM `eb_system_config` WHERE  `menu_name` = 'cache_config' LIMIT 1 [ RunTime:0.001143s ]
[2020-04-08T11:33:56+08:00][sql] SELECT * FROM `eb_system_config` WHERE  `menu_name` = 'cache_config' LIMIT 1 [ RunTime:0.001170s ]
[2020-04-08T11:33:56+08:00][sql] SHOW FULL COLUMNS FROM `eb_store_category` [ RunTime:0.007357s ]
[2020-04-08T11:33:56+08:00][sql] SELECT `id`,`cate_name`,`pid`,`pic` FROM `eb_store_category` WHERE  `pid` > 0  AND `is_show` = 1 ORDER BY `sort` DESC LIMIT 10 [ RunTime:0.002038s ]
[2020-04-08T11:33:56+08:00][sql] SHOW FULL COLUMNS FROM `eb_store_product` [ RunTime:0.007107s ]
[2020-04-08T11:33:56+08:00][sql] SELECT id,image,store_name,cate_id,price,ot_price,IFNULL(sales,0) + IFNULL(ficti,0) as sales,unit_name FROM `eb_store_product` WHERE  `is_best` = 1  AND `is_del` = 0  AND `mer_id` = 0  AND `stock` > 0  AND `is_show` = 1 ORDER BY `sort` DESC,`id` DESC LIMIT 10 [ RunTime:0.001611s ]
[2020-04-08T11:33:56+08:00][sql] SELECT * FROM `eb_system_config` WHERE  `menu_name` = 'cache_config' LIMIT 1 [ RunTime:0.001734s ]
[2020-04-08T11:33:56+08:00][sql] SHOW FULL COLUMNS FROM `eb_user_level` [ RunTime:0.005628s ]
[2020-04-08T11:33:56+08:00][sql] SELECT `level_id`,`is_forever`,`valid_time`,`id`,`status`,`grade` FROM `eb_user_level` WHERE  `status` = 1  AND `is_del` = 0  AND `uid` = 0 ORDER BY `grade` DESC LIMIT 1 [ RunTime:0.001437s ]
[2020-04-08T11:33:56+08:00][sql] SHOW FULL COLUMNS FROM `eb_system_user_level` [ RunTime:0.006734s ]
[2020-04-08T11:33:56+08:00][sql] SELECT `discount` FROM `eb_system_user_level` WHERE  `is_show` = 1  AND `is_del` = 0 ORDER BY `grade` ASC LIMIT 1 [ RunTime:0.000978s ]
[2020-04-08T11:33:56+08:00][sql] SELECT id,image,store_name,cate_id,price,unit_name,IFNULL(sales,0) + IFNULL(ficti,0) as sales FROM `eb_store_product` WHERE  `is_new` = 1  AND `is_del` = 0  AND `mer_id` = 0  AND `stock` > 0  AND `is_show` = 1 ORDER BY `sort` DESC,`id` DESC LIMIT 10 [ RunTime:0.002107s ]
[2020-04-08T11:33:56+08:00][sql] SELECT * FROM `eb_system_config` WHERE  `menu_name` = 'cache_config' LIMIT 1 [ RunTime:0.001162s ]
[2020-04-08T11:33:56+08:00][sql] SELECT `level_id`,`is_forever`,`valid_time`,`id`,`status`,`grade` FROM `eb_user_level` WHERE  `status` = 1  AND `is_del` = 0  AND `uid` = 0 ORDER BY `grade` DESC LIMIT 1 [ RunTime:0.002023s ]
[2020-04-08T11:33:56+08:00][sql] SELECT `discount` FROM `eb_system_user_level` WHERE  `is_show` = 1  AND `is_del` = 0 ORDER BY `grade` ASC LIMIT 1 [ RunTime:0.001640s ]
[2020-04-08T11:33:56+08:00][sql] SELECT * FROM `eb_system_config` WHERE  `menu_name` = 'cache_config' LIMIT 1 [ RunTime:0.001397s ]
[2020-04-08T11:33:56+08:00][sql] SELECT `id`,`image`,`store_name`,`cate_id`,`price`,`ot_price`,`stock`,`unit_name` FROM `eb_store_product` WHERE  `is_benefit` = 1  AND `is_del` = 0  AND `mer_id` = 0  AND `stock` > 0  AND `is_show` = 1 ORDER BY `sort` DESC,`id` DESC LIMIT 3 [ RunTime:0.002447s ]
[2020-04-08T11:33:56+08:00][sql] SELECT * FROM `eb_system_config` WHERE  `menu_name` = 'cache_config' LIMIT 1 [ RunTime:0.001287s ]
[2020-04-08T11:33:56+08:00][sql] SELECT `id`,`image`,`store_name`,`cate_id`,`price`,`unit_name` FROM `eb_store_product` WHERE  `is_hot` = 1  AND `is_del` = 0  AND `mer_id` = 0  AND `stock` > 0  AND `is_show` = 1 ORDER BY `sort` DESC,`id` DESC LIMIT 3 [ RunTime:0.002588s ]
[2020-04-08T11:33:56+08:00][sql] SELECT * FROM `eb_system_config` WHERE  `menu_name` = 'cache_config' LIMIT 1 [ RunTime:0.001193s ]
[2020-04-08T11:33:56+08:00][sql] SELECT `level_id`,`is_forever`,`valid_time`,`id`,`status`,`grade` FROM `eb_user_level` WHERE  `status` = 1  AND `is_del` = 0  AND `uid` = 0 ORDER BY `grade` DESC LIMIT 1 [ RunTime:0.001218s ]
[2020-04-08T11:33:56+08:00][sql] SELECT `discount` FROM `eb_system_user_level` WHERE  `is_show` = 1  AND `is_del` = 0 ORDER BY `grade` ASC LIMIT 1 [ RunTime:0.001807s ]
[2020-04-08T11:33:56+08:00][sql] SHOW FULL COLUMNS FROM `eb_store_coupon_issue` [ RunTime:0.006780s ]
[2020-04-08T11:33:56+08:00][sql] SELECT `A`.*,`B`.`coupon_price`,`B`.`use_min_price` FROM `eb_store_coupon_issue` `A` INNER JOIN `eb_store_coupon` `B` ON `A`.`cid`=`B`.`id` WHERE  `A`.`status` = 1  AND (  (  `A`.`start_time` < 1586316836  AND `A`.`end_time` > 1586316836 ) OR (  `A`.`start_time` = 0  AND `A`.`end_time` = 0 ) )  AND `A`.`is_del` = 0  AND ( A.remain_count > 0 OR A.is_permanent = 1 ) ORDER BY `B`.`sort` DESC,`A`.`id` DESC LIMIT 3 [ RunTime:0.007650s ]
[2020-04-08T11:33:56+08:00][sql] SHOW FULL COLUMNS FROM `eb_wechat_user` [ RunTime:0.006164s ]
[2020-04-08T11:33:56+08:00][sql] SELECT `subscribe` FROM `eb_wechat_user` WHERE  `uid` = 0 LIMIT 1 [ RunTime:0.000769s ]
[2020-04-08T11:33:56+08:00][sql] SELECT * FROM `eb_system_config` WHERE  `menu_name` = 'cache_config' LIMIT 1 [ RunTime:0.001000s ]
[2020-04-08T11:35:52+08:00][info] [ VIEW ] F:\GIT\CRMEB_DT_v3.1.4\public\index.html [ array (
) ]
[2020-04-08T11:35:54+08:00][sql] CONNECT:[ UseTime:0.012149s ] mysql:host=localhost;port=3306;dbname=crmeb2;charset=utf8
[2020-04-08T11:35:54+08:00][sql] SHOW FULL COLUMNS FROM `eb_user_token` [ RunTime:0.002741s ]
[2020-04-08T11:35:54+08:00][sql] SELECT * FROM `eb_user_token` WHERE  `token` IS NULL LIMIT 1 [ RunTime:0.000776s ]
[2020-04-08T11:35:54+08:00][sql] SHOW FULL COLUMNS FROM `eb_system_config` [ RunTime:0.004736s ]
[2020-04-08T11:35:54+08:00][sql] SELECT * FROM `eb_system_config` WHERE  `menu_name` = 'cache_config' LIMIT 1 [ RunTime:0.001141s ]
[2020-04-08T11:35:54+08:00][sql] SELECT * FROM `eb_system_config` WHERE  `menu_name` = 'cache_config' LIMIT 1 [ RunTime:0.001164s ]
[2020-04-08T11:36:19+08:00][sql] CONNECT:[ UseTime:0.002207s ] mysql:host=localhost;port=3306;dbname=crmeb2;charset=utf8
[2020-04-08T11:36:19+08:00][sql] SHOW FULL COLUMNS FROM `eb_user_token` [ RunTime:0.001675s ]
[2020-04-08T11:36:19+08:00][sql] SELECT * FROM `eb_user_token` WHERE  `token` IS NULL LIMIT 1 [ RunTime:0.000900s ]
[2020-04-08T11:36:19+08:00][sql] SHOW FULL COLUMNS FROM `eb_system_config` [ RunTime:0.010464s ]
[2020-04-08T11:36:19+08:00][sql] SELECT * FROM `eb_system_config` WHERE  `menu_name` = 'cache_config' LIMIT 1 [ RunTime:0.002387s ]
[2020-04-08T11:36:19+08:00][sql] SELECT * FROM `eb_system_config` WHERE  `menu_name` = 'cache_config' LIMIT 1 [ RunTime:0.002079s ]
[2020-04-08T11:36:19+08:00][sql] SELECT * FROM `eb_system_config` WHERE  `menu_name` = 'cache_config' LIMIT 1 [ RunTime:0.003027s ]
[2020-04-08T11:36:19+08:00][sql] SELECT * FROM `eb_system_config` WHERE  `menu_name` = 'cache_config' LIMIT 1 [ RunTime:0.001714s ]
[2020-04-08T11:36:19+08:00][sql] SELECT * FROM `eb_system_config` WHERE  `menu_name` = 'cache_config' LIMIT 1 [ RunTime:0.001967s ]
[2020-04-08T11:36:19+08:00][sql] SELECT * FROM `eb_system_config` WHERE  `menu_name` = 'cache_config' LIMIT 1 [ RunTime:0.001014s ]
[2020-04-08T11:36:19+08:00][sql] SELECT * FROM `eb_system_config` WHERE  `menu_name` = 'cache_config' LIMIT 1 [ RunTime:0.001286s ]
[2020-04-08T11:36:19+08:00][sql] SHOW FULL COLUMNS FROM `eb_store_category` [ RunTime:0.006199s ]
[2020-04-08T11:36:19+08:00][sql] SELECT `id`,`cate_name`,`pid`,`pic` FROM `eb_store_category` WHERE  `pid` > 0  AND `is_show` = 1 ORDER BY `sort` DESC LIMIT 10 [ RunTime:0.001516s ]
[2020-04-08T11:36:19+08:00][sql] SHOW FULL COLUMNS FROM `eb_store_product` [ RunTime:0.007405s ]
[2020-04-08T11:36:19+08:00][sql] SELECT id,image,store_name,cate_id,price,ot_price,IFNULL(sales,0) + IFNULL(ficti,0) as sales,unit_name FROM `eb_store_product` WHERE  `is_best` = 1  AND `is_del` = 0  AND `mer_id` = 0  AND `stock` > 0  AND `is_show` = 1 ORDER BY `sort` DESC,`id` DESC LIMIT 10 [ RunTime:0.003029s ]
[2020-04-08T11:36:19+08:00][sql] SELECT * FROM `eb_system_config` WHERE  `menu_name` = 'cache_config' LIMIT 1 [ RunTime:0.001728s ]
[2020-04-08T11:36:19+08:00][sql] SHOW FULL COLUMNS FROM `eb_user_level` [ RunTime:0.007867s ]
[2020-04-08T11:36:19+08:00][sql] SELECT `level_id`,`is_forever`,`valid_time`,`id`,`status`,`grade` FROM `eb_user_level` WHERE  `status` = 1  AND `is_del` = 0  AND `uid` = 0 ORDER BY `grade` DESC LIMIT 1 [ RunTime:0.001272s ]
[2020-04-08T11:36:19+08:00][sql] SHOW FULL COLUMNS FROM `eb_system_user_level` [ RunTime:0.014236s ]
[2020-04-08T11:36:19+08:00][sql] SELECT `discount` FROM `eb_system_user_level` WHERE  `is_show` = 1  AND `is_del` = 0 ORDER BY `grade` ASC LIMIT 1 [ RunTime:0.001852s ]
[2020-04-08T11:36:19+08:00][sql] SELECT id,image,store_name,cate_id,price,unit_name,IFNULL(sales,0) + IFNULL(ficti,0) as sales FROM `eb_store_product` WHERE  `is_new` = 1  AND `is_del` = 0  AND `mer_id` = 0  AND `stock` > 0  AND `is_show` = 1 ORDER BY `sort` DESC,`id` DESC LIMIT 10 [ RunTime:0.001911s ]
[2020-04-08T11:36:19+08:00][sql] SELECT * FROM `eb_system_config` WHERE  `menu_name` = 'cache_config' LIMIT 1 [ RunTime:0.001778s ]
[2020-04-08T11:36:19+08:00][sql] SELECT `level_id`,`is_forever`,`valid_time`,`id`,`status`,`grade` FROM `eb_user_level` WHERE  `status` = 1  AND `is_del` = 0  AND `uid` = 0 ORDER BY `grade` DESC LIMIT 1 [ RunTime:0.001356s ]
[2020-04-08T11:36:19+08:00][sql] SELECT `discount` FROM `eb_system_user_level` WHERE  `is_show` = 1  AND `is_del` = 0 ORDER BY `grade` ASC LIMIT 1 [ RunTime:0.001847s ]
[2020-04-08T11:36:19+08:00][sql] SELECT * FROM `eb_system_config` WHERE  `menu_name` = 'cache_config' LIMIT 1 [ RunTime:0.001952s ]
[2020-04-08T11:36:19+08:00][sql] SELECT `id`,`image`,`store_name`,`cate_id`,`price`,`ot_price`,`stock`,`unit_name` FROM `eb_store_product` WHERE  `is_benefit` = 1  AND `is_del` = 0  AND `mer_id` = 0  AND `stock` > 0  AND `is_show` = 1 ORDER BY `sort` DESC,`id` DESC LIMIT 3 [ RunTime:0.001437s ]
[2020-04-08T11:36:19+08:00][sql] SELECT * FROM `eb_system_config` WHERE  `menu_name` = 'cache_config' LIMIT 1 [ RunTime:0.001056s ]
[2020-04-08T11:36:19+08:00][sql] SELECT `id`,`image`,`store_name`,`cate_id`,`price`,`unit_name` FROM `eb_store_product` WHERE  `is_hot` = 1  AND `is_del` = 0  AND `mer_id` = 0  AND `stock` > 0  AND `is_show` = 1 ORDER BY `sort` DESC,`id` DESC LIMIT 3 [ RunTime:0.002268s ]
[2020-04-08T11:36:19+08:00][sql] SELECT * FROM `eb_system_config` WHERE  `menu_name` = 'cache_config' LIMIT 1 [ RunTime:0.000976s ]
[2020-04-08T11:36:19+08:00][sql] SELECT `level_id`,`is_forever`,`valid_time`,`id`,`status`,`grade` FROM `eb_user_level` WHERE  `status` = 1  AND `is_del` = 0  AND `uid` = 0 ORDER BY `grade` DESC LIMIT 1 [ RunTime:0.001017s ]
[2020-04-08T11:36:19+08:00][sql] SELECT `discount` FROM `eb_system_user_level` WHERE  `is_show` = 1  AND `is_del` = 0 ORDER BY `grade` ASC LIMIT 1 [ RunTime:0.001006s ]
[2020-04-08T11:36:19+08:00][sql] SHOW FULL COLUMNS FROM `eb_store_coupon_issue` [ RunTime:0.004397s ]
[2020-04-08T11:36:19+08:00][sql] SELECT `A`.*,`B`.`coupon_price`,`B`.`use_min_price` FROM `eb_store_coupon_issue` `A` INNER JOIN `eb_store_coupon` `B` ON `A`.`cid`=`B`.`id` WHERE  `A`.`status` = 1  AND (  (  `A`.`start_time` < 1586316979  AND `A`.`end_time` > 1586316979 ) OR (  `A`.`start_time` = 0  AND `A`.`end_time` = 0 ) )  AND `A`.`is_del` = 0  AND ( A.remain_count > 0 OR A.is_permanent = 1 ) ORDER BY `B`.`sort` DESC,`A`.`id` DESC LIMIT 3 [ RunTime:0.005375s ]
[2020-04-08T11:36:19+08:00][sql] SHOW FULL COLUMNS FROM `eb_wechat_user` [ RunTime:0.005097s ]
[2020-04-08T11:36:19+08:00][sql] SELECT `subscribe` FROM `eb_wechat_user` WHERE  `uid` = 0 LIMIT 1 [ RunTime:0.001074s ]
[2020-04-08T11:36:19+08:00][sql] SELECT * FROM `eb_system_config` WHERE  `menu_name` = 'cache_config' LIMIT 1 [ RunTime:0.001156s ]
[2020-04-08T11:37:16+08:00][info] [ VIEW ] F:\GIT\CRMEB_DT_v3.1.4\public\index.html [ array (
) ]
[2020-04-08T11:37:18+08:00][sql] CONNECT:[ UseTime:0.011912s ] mysql:host=localhost;port=3306;dbname=crmeb2;charset=utf8
[2020-04-08T11:37:18+08:00][sql] SHOW FULL COLUMNS FROM `eb_user_token` [ RunTime:0.001793s ]
[2020-04-08T11:37:18+08:00][sql] SELECT * FROM `eb_user_token` WHERE  `token` IS NULL LIMIT 1 [ RunTime:0.000694s ]
[2020-04-08T11:37:18+08:00][sql] SHOW FULL COLUMNS FROM `eb_system_config` [ RunTime:0.005540s ]
[2020-04-08T11:37:18+08:00][sql] SELECT * FROM `eb_system_config` WHERE  `menu_name` = 'cache_config' LIMIT 1 [ RunTime:0.001161s ]
[2020-04-08T11:37:18+08:00][sql] SELECT * FROM `eb_system_config` WHERE  `menu_name` = 'cache_config' LIMIT 1 [ RunTime:0.001126s ]
[2020-04-08T11:38:21+08:00][sql] CONNECT:[ UseTime:0.003000s ] mysql:host=localhost;port=3306;dbname=crmeb2;charset=utf8
[2020-04-08T11:38:21+08:00][sql] SHOW FULL COLUMNS FROM `eb_user_token` [ RunTime:0.001712s ]
[2020-04-08T11:38:21+08:00][sql] SELECT * FROM `eb_user_token` WHERE  `token` IS NULL LIMIT 1 [ RunTime:0.000825s ]
[2020-04-08T11:38:21+08:00][sql] SHOW FULL COLUMNS FROM `eb_system_config` [ RunTime:0.004713s ]
[2020-04-08T11:38:21+08:00][sql] SELECT * FROM `eb_system_config` WHERE  `menu_name` = 'cache_config' LIMIT 1 [ RunTime:0.000957s ]
[2020-04-08T11:38:21+08:00][sql] SELECT * FROM `eb_system_config` WHERE  `menu_name` = 'cache_config' LIMIT 1 [ RunTime:0.003020s ]
[2020-04-08T11:38:21+08:00][sql] SELECT * FROM `eb_system_config` WHERE  `menu_name` = 'cache_config' LIMIT 1 [ RunTime:0.002951s ]
[2020-04-08T11:38:21+08:00][sql] SELECT * FROM `eb_system_config` WHERE  `menu_name` = 'cache_config' LIMIT 1 [ RunTime:0.001327s ]
[2020-04-08T11:38:21+08:00][sql] SELECT * FROM `eb_system_config` WHERE  `menu_name` = 'cache_config' LIMIT 1 [ RunTime:0.000922s ]
[2020-04-08T11:38:21+08:00][sql] SELECT * FROM `eb_system_config` WHERE  `menu_name` = 'cache_config' LIMIT 1 [ RunTime:0.000944s ]
[2020-04-08T11:38:21+08:00][sql] SELECT * FROM `eb_system_config` WHERE  `menu_name` = 'cache_config' LIMIT 1 [ RunTime:0.000933s ]
[2020-04-08T11:38:21+08:00][sql] SHOW FULL COLUMNS FROM `eb_store_category` [ RunTime:0.004443s ]
[2020-04-08T11:38:21+08:00][sql] SELECT `id`,`cate_name`,`pid`,`pic` FROM `eb_store_category` WHERE  `pid` > 0  AND `is_show` = 1 ORDER BY `sort` DESC LIMIT 10 [ RunTime:0.001201s ]
[2020-04-08T11:38:21+08:00][sql] SHOW FULL COLUMNS FROM `eb_store_product` [ RunTime:0.005660s ]
[2020-04-08T11:38:21+08:00][sql] SELECT id,image,store_name,cate_id,price,ot_price,IFNULL(sales,0) + IFNULL(ficti,0) as sales,unit_name FROM `eb_store_product` WHERE  `is_best` = 1  AND `is_del` = 0  AND `mer_id` = 0  AND `stock` > 0  AND `is_show` = 1 ORDER BY `sort` DESC,`id` DESC LIMIT 10 [ RunTime:0.001877s ]
[2020-04-08T11:38:21+08:00][sql] SELECT * FROM `eb_system_config` WHERE  `menu_name` = 'cache_config' LIMIT 1 [ RunTime:0.001712s ]
[2020-04-08T11:38:21+08:00][sql] SHOW FULL COLUMNS FROM `eb_user_level` [ RunTime:0.007075s ]
[2020-04-08T11:38:21+08:00][sql] SELECT `level_id`,`is_forever`,`valid_time`,`id`,`status`,`grade` FROM `eb_user_level` WHERE  `status` = 1  AND `is_del` = 0  AND `uid` = 0 ORDER BY `grade` DESC LIMIT 1 [ RunTime:0.001189s ]
[2020-04-08T11:38:21+08:00][sql] SHOW FULL COLUMNS FROM `eb_system_user_level` [ RunTime:0.006775s ]
[2020-04-08T11:38:21+08:00][sql] SELECT `discount` FROM `eb_system_user_level` WHERE  `is_show` = 1  AND `is_del` = 0 ORDER BY `grade` ASC LIMIT 1 [ RunTime:0.001603s ]
[2020-04-08T11:38:21+08:00][sql] SELECT id,image,store_name,cate_id,price,unit_name,IFNULL(sales,0) + IFNULL(ficti,0) as sales FROM `eb_store_product` WHERE  `is_new` = 1  AND `is_del` = 0  AND `mer_id` = 0  AND `stock` > 0  AND `is_show` = 1 ORDER BY `sort` DESC,`id` DESC LIMIT 10 [ RunTime:0.001848s ]
[2020-04-08T11:38:21+08:00][sql] SELECT * FROM `eb_system_config` WHERE  `menu_name` = 'cache_config' LIMIT 1 [ RunTime:0.001607s ]
[2020-04-08T11:38:21+08:00][sql] SELECT `level_id`,`is_forever`,`valid_time`,`id`,`status`,`grade` FROM `eb_user_level` WHERE  `status` = 1  AND `is_del` = 0  AND `uid` = 0 ORDER BY `grade` DESC LIMIT 1 [ RunTime:0.001607s ]
[2020-04-08T11:38:21+08:00][sql] SELECT `discount` FROM `eb_system_user_level` WHERE  `is_show` = 1  AND `is_del` = 0 ORDER BY `grade` ASC LIMIT 1 [ RunTime:0.001680s ]
[2020-04-08T11:38:21+08:00][sql] SELECT * FROM `eb_system_config` WHERE  `menu_name` = 'cache_config' LIMIT 1 [ RunTime:0.000990s ]
[2020-04-08T11:38:21+08:00][sql] SELECT `id`,`image`,`store_name`,`cate_id`,`price`,`ot_price`,`stock`,`unit_name` FROM `eb_store_product` WHERE  `is_benefit` = 1  AND `is_del` = 0  AND `mer_id` = 0  AND `stock` > 0  AND `is_show` = 1 ORDER BY `sort` DESC,`id` DESC LIMIT 3 [ RunTime:0.002517s ]
[2020-04-08T11:38:21+08:00][sql] SELECT * FROM `eb_system_config` WHERE  `menu_name` = 'cache_config' LIMIT 1 [ RunTime:0.001754s ]
[2020-04-08T11:38:21+08:00][sql] SELECT `id`,`image`,`store_name`,`cate_id`,`price`,`unit_name` FROM `eb_store_product` WHERE  `is_hot` = 1  AND `is_del` = 0  AND `mer_id` = 0  AND `stock` > 0  AND `is_show` = 1 ORDER BY `sort` DESC,`id` DESC LIMIT 3 [ RunTime:0.001740s ]
[2020-04-08T11:38:21+08:00][sql] SELECT * FROM `eb_system_config` WHERE  `menu_name` = 'cache_config' LIMIT 1 [ RunTime:0.001308s ]
[2020-04-08T11:38:21+08:00][sql] SELECT `level_id`,`is_forever`,`valid_time`,`id`,`status`,`grade` FROM `eb_user_level` WHERE  `status` = 1  AND `is_del` = 0  AND `uid` = 0 ORDER BY `grade` DESC LIMIT 1 [ RunTime:0.001239s ]
[2020-04-08T11:38:21+08:00][sql] SELECT `discount` FROM `eb_system_user_level` WHERE  `is_show` = 1  AND `is_del` = 0 ORDER BY `grade` ASC LIMIT 1 [ RunTime:0.001687s ]
[2020-04-08T11:38:21+08:00][sql] SHOW FULL COLUMNS FROM `eb_store_coupon_issue` [ RunTime:0.006547s ]
[2020-04-08T11:38:21+08:00][sql] SELECT `A`.*,`B`.`coupon_price`,`B`.`use_min_price` FROM `eb_store_coupon_issue` `A` INNER JOIN `eb_store_coupon` `B` ON `A`.`cid`=`B`.`id` WHERE  `A`.`status` = 1  AND (  (  `A`.`start_time` < 1586317101  AND `A`.`end_time` > 1586317101 ) OR (  `A`.`start_time` = 0  AND `A`.`end_time` = 0 ) )  AND `A`.`is_del` = 0  AND ( A.remain_count > 0 OR A.is_permanent = 1 ) ORDER BY `B`.`sort` DESC,`A`.`id` DESC LIMIT 3 [ RunTime:0.008603s ]
[2020-04-08T11:38:21+08:00][sql] SHOW FULL COLUMNS FROM `eb_wechat_user` [ RunTime:0.006862s ]
[2020-04-08T11:38:21+08:00][sql] SELECT `subscribe` FROM `eb_wechat_user` WHERE  `uid` = 0 LIMIT 1 [ RunTime:0.000906s ]
[2020-04-08T11:38:21+08:00][sql] SELECT * FROM `eb_system_config` WHERE  `menu_name` = 'cache_config' LIMIT 1 [ RunTime:0.001139s ]
[2020-04-08T11:38:55+08:00][info] [ VIEW ] F:\GIT\CRMEB_DT_v3.1.4\public\index.html [ array (
) ]
[2020-04-08T11:38:57+08:00][sql] CONNECT:[ UseTime:0.012051s ] mysql:host=localhost;port=3306;dbname=crmeb2;charset=utf8
[2020-04-08T11:38:57+08:00][sql] SHOW FULL COLUMNS FROM `eb_user_token` [ RunTime:0.001673s ]
[2020-04-08T11:38:57+08:00][sql] SELECT * FROM `eb_user_token` WHERE  `token` IS NULL LIMIT 1 [ RunTime:0.000733s ]
[2020-04-08T11:38:57+08:00][sql] SHOW FULL COLUMNS FROM `eb_system_config` [ RunTime:0.004368s ]
[2020-04-08T11:38:57+08:00][sql] SELECT * FROM `eb_system_config` WHERE  `menu_name` = 'cache_config' LIMIT 1 [ RunTime:0.001226s ]
[2020-04-08T11:38:57+08:00][sql] SELECT * FROM `eb_system_config` WHERE  `menu_name` = 'cache_config' LIMIT 1 [ RunTime:0.001174s ]
[2020-04-08T11:38:58+08:00][sql] CONNECT:[ UseTime:0.011632s ] mysql:host=localhost;port=3306;dbname=crmeb2;charset=utf8
[2020-04-08T11:38:58+08:00][sql] SHOW FULL COLUMNS FROM `eb_user_token` [ RunTime:0.001593s ]
[2020-04-08T11:38:58+08:00][sql] SELECT * FROM `eb_user_token` WHERE  `token` IS NULL LIMIT 1 [ RunTime:0.000787s ]
[2020-04-08T11:38:58+08:00][sql] SHOW FULL COLUMNS FROM `eb_system_config` [ RunTime:0.005077s ]
[2020-04-08T11:38:58+08:00][sql] SELECT * FROM `eb_system_config` WHERE  `menu_name` = 'cache_config' LIMIT 1 [ RunTime:0.000954s ]
[2020-04-08T11:38:58+08:00][sql] SELECT * FROM `eb_system_config` WHERE  `menu_name` = 'cache_config' LIMIT 1 [ RunTime:0.000939s ]
[2020-04-08T11:38:58+08:00][sql] SELECT * FROM `eb_system_config` WHERE  `menu_name` = 'cache_config' LIMIT 1 [ RunTime:0.000879s ]
[2020-04-08T11:38:58+08:00][sql] SELECT * FROM `eb_system_config` WHERE  `menu_name` = 'cache_config' LIMIT 1 [ RunTime:0.000859s ]
[2020-04-08T11:38:58+08:00][sql] SELECT * FROM `eb_system_config` WHERE  `menu_name` = 'cache_config' LIMIT 1 [ RunTime:0.000771s ]
[2020-04-08T11:38:58+08:00][sql] SELECT * FROM `eb_system_config` WHERE  `menu_name` = 'cache_config' LIMIT 1 [ RunTime:0.000982s ]
[2020-04-08T11:38:58+08:00][sql] SELECT * FROM `eb_system_config` WHERE  `menu_name` = 'cache_config' LIMIT 1 [ RunTime:0.000961s ]
[2020-04-08T11:38:58+08:00][sql] SHOW FULL COLUMNS FROM `eb_store_category` [ RunTime:0.003990s ]
[2020-04-08T11:38:58+08:00][sql] SELECT `id`,`cate_name`,`pid`,`pic` FROM `eb_store_category` WHERE  `pid` > 0  AND `is_show` = 1 ORDER BY `sort` DESC LIMIT 10 [ RunTime:0.001199s ]
[2020-04-08T11:38:58+08:00][sql] SHOW FULL COLUMNS FROM `eb_store_product` [ RunTime:0.005074s ]
[2020-04-08T11:38:58+08:00][sql] SELECT id,image,store_name,cate_id,price,ot_price,IFNULL(sales,0) + IFNULL(ficti,0) as sales,unit_name FROM `eb_store_product` WHERE  `is_best` = 1  AND `is_del` = 0  AND `mer_id` = 0  AND `stock` > 0  AND `is_show` = 1 ORDER BY `sort` DESC,`id` DESC LIMIT 10 [ RunTime:0.001556s ]
[2020-04-08T11:38:58+08:00][sql] SELECT * FROM `eb_system_config` WHERE  `menu_name` = 'cache_config' LIMIT 1 [ RunTime:0.002828s ]
[2020-04-08T11:38:58+08:00][sql] SHOW FULL COLUMNS FROM `eb_user_level` [ RunTime:0.008334s ]
[2020-04-08T11:38:58+08:00][sql] SELECT `level_id`,`is_forever`,`valid_time`,`id`,`status`,`grade` FROM `eb_user_level` WHERE  `status` = 1  AND `is_del` = 0  AND `uid` = 0 ORDER BY `grade` DESC LIMIT 1 [ RunTime:0.001970s ]
[2020-04-08T11:38:58+08:00][sql] SHOW FULL COLUMNS FROM `eb_system_user_level` [ RunTime:0.012362s ]
[2020-04-08T11:38:58+08:00][sql] SELECT `discount` FROM `eb_system_user_level` WHERE  `is_show` = 1  AND `is_del` = 0 ORDER BY `grade` ASC LIMIT 1 [ RunTime:0.002823s ]
[2020-04-08T11:38:58+08:00][sql] SELECT id,image,store_name,cate_id,price,unit_name,IFNULL(sales,0) + IFNULL(ficti,0) as sales FROM `eb_store_product` WHERE  `is_new` = 1  AND `is_del` = 0  AND `mer_id` = 0  AND `stock` > 0  AND `is_show` = 1 ORDER BY `sort` DESC,`id` DESC LIMIT 10 [ RunTime:0.001841s ]
[2020-04-08T11:38:58+08:00][sql] SELECT * FROM `eb_system_config` WHERE  `menu_name` = 'cache_config' LIMIT 1 [ RunTime:0.000914s ]
[2020-04-08T11:38:58+08:00][sql] SELECT `level_id`,`is_forever`,`valid_time`,`id`,`status`,`grade` FROM `eb_user_level` WHERE  `status` = 1  AND `is_del` = 0  AND `uid` = 0 ORDER BY `grade` DESC LIMIT 1 [ RunTime:0.001191s ]
[2020-04-08T11:38:58+08:00][sql] SELECT `discount` FROM `eb_system_user_level` WHERE  `is_show` = 1  AND `is_del` = 0 ORDER BY `grade` ASC LIMIT 1 [ RunTime:0.001216s ]
[2020-04-08T11:38:58+08:00][sql] SELECT * FROM `eb_system_config` WHERE  `menu_name` = 'cache_config' LIMIT 1 [ RunTime:0.002009s ]
[2020-04-08T11:38:58+08:00][sql] SELECT `id`,`image`,`store_name`,`cate_id`,`price`,`ot_price`,`stock`,`unit_name` FROM `eb_store_product` WHERE  `is_benefit` = 1  AND `is_del` = 0  AND `mer_id` = 0  AND `stock` > 0  AND `is_show` = 1 ORDER BY `sort` DESC,`id` DESC LIMIT 3 [ RunTime:0.002036s ]
[2020-04-08T11:38:58+08:00][sql] SELECT * FROM `eb_system_config` WHERE  `menu_name` = 'cache_config' LIMIT 1 [ RunTime:0.001872s ]
[2020-04-08T11:38:58+08:00][sql] SELECT `id`,`image`,`store_name`,`cate_id`,`price`,`unit_name` FROM `eb_store_product` WHERE  `is_hot` = 1  AND `is_del` = 0  AND `mer_id` = 0  AND `stock` > 0  AND `is_show` = 1 ORDER BY `sort` DESC,`id` DESC LIMIT 3 [ RunTime:0.002119s ]
[2020-04-08T11:38:58+08:00][sql] SELECT * FROM `eb_system_config` WHERE  `menu_name` = 'cache_config' LIMIT 1 [ RunTime:0.001504s ]
[2020-04-08T11:38:58+08:00][sql] SELECT `level_id`,`is_forever`,`valid_time`,`id`,`status`,`grade` FROM `eb_user_level` WHERE  `status` = 1  AND `is_del` = 0  AND `uid` = 0 ORDER BY `grade` DESC LIMIT 1 [ RunTime:0.001882s ]
[2020-04-08T11:38:58+08:00][sql] SELECT `discount` FROM `eb_system_user_level` WHERE  `is_show` = 1  AND `is_del` = 0 ORDER BY `grade` ASC LIMIT 1 [ RunTime:0.001189s ]
[2020-04-08T11:38:58+08:00][sql] SHOW FULL COLUMNS FROM `eb_store_coupon_issue` [ RunTime:0.006041s ]
[2020-04-08T11:38:58+08:00][sql] SELECT `A`.*,`B`.`coupon_price`,`B`.`use_min_price` FROM `eb_store_coupon_issue` `A` INNER JOIN `eb_store_coupon` `B` ON `A`.`cid`=`B`.`id` WHERE  `A`.`status` = 1  AND (  (  `A`.`start_time` < 1586317138  AND `A`.`end_time` > 1586317138 ) OR (  `A`.`start_time` = 0  AND `A`.`end_time` = 0 ) )  AND `A`.`is_del` = 0  AND ( A.remain_count > 0 OR A.is_permanent = 1 ) ORDER BY `B`.`sort` DESC,`A`.`id` DESC LIMIT 3 [ RunTime:0.007255s ]
[2020-04-08T11:38:58+08:00][sql] SHOW FULL COLUMNS FROM `eb_wechat_user` [ RunTime:0.007389s ]
[2020-04-08T11:38:58+08:00][sql] SELECT `subscribe` FROM `eb_wechat_user` WHERE  `uid` = 0 LIMIT 1 [ RunTime:0.002368s ]
[2020-04-08T11:38:58+08:00][sql] SELECT * FROM `eb_system_config` WHERE  `menu_name` = 'cache_config' LIMIT 1 [ RunTime:0.001915s ]
[2020-04-08T11:39:40+08:00][info] [ VIEW ] F:\GIT\CRMEB_DT_v3.1.4\public\index.html [ array (
) ]
[2020-04-08T11:39:42+08:00][sql] CONNECT:[ UseTime:0.003218s ] mysql:host=localhost;port=3306;dbname=crmeb2;charset=utf8
[2020-04-08T11:39:42+08:00][sql] SHOW FULL COLUMNS FROM `eb_user_token` [ RunTime:0.002460s ]
[2020-04-08T11:39:42+08:00][sql] SELECT * FROM `eb_user_token` WHERE  `token` IS NULL LIMIT 1 [ RunTime:0.001157s ]
[2020-04-08T11:39:42+08:00][sql] SHOW FULL COLUMNS FROM `eb_system_config` [ RunTime:0.006566s ]
[2020-04-08T11:39:42+08:00][sql] SELECT * FROM `eb_system_config` WHERE  `menu_name` = 'cache_config' LIMIT 1 [ RunTime:0.001651s ]
[2020-04-08T11:39:42+08:00][sql] SELECT * FROM `eb_system_config` WHERE  `menu_name` = 'cache_config' LIMIT 1 [ RunTime:0.001219s ]
[2020-04-08T11:39:43+08:00][sql] CONNECT:[ UseTime:0.003468s ] mysql:host=localhost;port=3306;dbname=crmeb2;charset=utf8
[2020-04-08T11:39:43+08:00][sql] SHOW FULL COLUMNS FROM `eb_user_token` [ RunTime:0.002158s ]
[2020-04-08T11:39:43+08:00][sql] SELECT * FROM `eb_user_token` WHERE  `token` IS NULL LIMIT 1 [ RunTime:0.000855s ]
[2020-04-08T11:39:43+08:00][sql] SHOW FULL COLUMNS FROM `eb_system_config` [ RunTime:0.007041s ]
[2020-04-08T11:39:43+08:00][sql] SELECT * FROM `eb_system_config` WHERE  `menu_name` = 'cache_config' LIMIT 1 [ RunTime:0.001291s ]
[2020-04-08T11:39:43+08:00][sql] SELECT * FROM `eb_system_config` WHERE  `menu_name` = 'cache_config' LIMIT 1 [ RunTime:0.001883s ]
[2020-04-08T11:39:43+08:00][sql] SELECT * FROM `eb_system_config` WHERE  `menu_name` = 'cache_config' LIMIT 1 [ RunTime:0.001929s ]
[2020-04-08T11:39:43+08:00][sql] SELECT * FROM `eb_system_config` WHERE  `menu_name` = 'cache_config' LIMIT 1 [ RunTime:0.001603s ]
[2020-04-08T11:39:43+08:00][sql] SELECT * FROM `eb_system_config` WHERE  `menu_name` = 'cache_config' LIMIT 1 [ RunTime:0.001001s ]
[2020-04-08T11:39:43+08:00][sql] SELECT * FROM `eb_system_config` WHERE  `menu_name` = 'cache_config' LIMIT 1 [ RunTime:0.001063s ]
[2020-04-08T11:39:43+08:00][sql] SELECT * FROM `eb_system_config` WHERE  `menu_name` = 'cache_config' LIMIT 1 [ RunTime:0.001414s ]
[2020-04-08T11:39:43+08:00][sql] SHOW FULL COLUMNS FROM `eb_store_category` [ RunTime:0.005175s ]
[2020-04-08T11:39:43+08:00][sql] SELECT `id`,`cate_name`,`pid`,`pic` FROM `eb_store_category` WHERE  `pid` > 0  AND `is_show` = 1 ORDER BY `sort` DESC LIMIT 10 [ RunTime:0.001052s ]
[2020-04-08T11:39:43+08:00][sql] SHOW FULL COLUMNS FROM `eb_store_product` [ RunTime:0.007359s ]
[2020-04-08T11:39:43+08:00][sql] SELECT id,image,store_name,cate_id,price,ot_price,IFNULL(sales,0) + IFNULL(ficti,0) as sales,unit_name FROM `eb_store_product` WHERE  `is_best` = 1  AND `is_del` = 0  AND `mer_id` = 0  AND `stock` > 0  AND `is_show` = 1 ORDER BY `sort` DESC,`id` DESC LIMIT 10 [ RunTime:0.002060s ]
[2020-04-08T11:39:43+08:00][sql] SELECT * FROM `eb_system_config` WHERE  `menu_name` = 'cache_config' LIMIT 1 [ RunTime:0.001465s ]
[2020-04-08T11:39:43+08:00][sql] SHOW FULL COLUMNS FROM `eb_user_level` [ RunTime:0.007168s ]
[2020-04-08T11:39:43+08:00][sql] SELECT `level_id`,`is_forever`,`valid_time`,`id`,`status`,`grade` FROM `eb_user_level` WHERE  `status` = 1  AND `is_del` = 0  AND `uid` = 0 ORDER BY `grade` DESC LIMIT 1 [ RunTime:0.001325s ]
[2020-04-08T11:39:43+08:00][sql] SHOW FULL COLUMNS FROM `eb_system_user_level` [ RunTime:0.005970s ]
[2020-04-08T11:39:43+08:00][sql] SELECT `discount` FROM `eb_system_user_level` WHERE  `is_show` = 1  AND `is_del` = 0 ORDER BY `grade` ASC LIMIT 1 [ RunTime:0.000992s ]
[2020-04-08T11:39:43+08:00][sql] SELECT id,image,store_name,cate_id,price,unit_name,IFNULL(sales,0) + IFNULL(ficti,0) as sales FROM `eb_store_product` WHERE  `is_new` = 1  AND `is_del` = 0  AND `mer_id` = 0  AND `stock` > 0  AND `is_show` = 1 ORDER BY `sort` DESC,`id` DESC LIMIT 10 [ RunTime:0.001464s ]
[2020-04-08T11:39:43+08:00][sql] SELECT * FROM `eb_system_config` WHERE  `menu_name` = 'cache_config' LIMIT 1 [ RunTime:0.001300s ]
[2020-04-08T11:39:43+08:00][sql] SELECT `level_id`,`is_forever`,`valid_time`,`id`,`status`,`grade` FROM `eb_user_level` WHERE  `status` = 1  AND `is_del` = 0  AND `uid` = 0 ORDER BY `grade` DESC LIMIT 1 [ RunTime:0.001171s ]
[2020-04-08T11:39:43+08:00][sql] SELECT `discount` FROM `eb_system_user_level` WHERE  `is_show` = 1  AND `is_del` = 0 ORDER BY `grade` ASC LIMIT 1 [ RunTime:0.001030s ]
[2020-04-08T11:39:43+08:00][sql] SELECT * FROM `eb_system_config` WHERE  `menu_name` = 'cache_config' LIMIT 1 [ RunTime:0.001660s ]
[2020-04-08T11:39:43+08:00][sql] SELECT `id`,`image`,`store_name`,`cate_id`,`price`,`ot_price`,`stock`,`unit_name` FROM `eb_store_product` WHERE  `is_benefit` = 1  AND `is_del` = 0  AND `mer_id` = 0  AND `stock` > 0  AND `is_show` = 1 ORDER BY `sort` DESC,`id` DESC LIMIT 3 [ RunTime:0.002610s ]
[2020-04-08T11:39:43+08:00][sql] SELECT * FROM `eb_system_config` WHERE  `menu_name` = 'cache_config' LIMIT 1 [ RunTime:0.001083s ]
[2020-04-08T11:39:43+08:00][sql] SELECT `id`,`image`,`store_name`,`cate_id`,`price`,`unit_name` FROM `eb_store_product` WHERE  `is_hot` = 1  AND `is_del` = 0  AND `mer_id` = 0  AND `stock` > 0  AND `is_show` = 1 ORDER BY `sort` DESC,`id` DESC LIMIT 3 [ RunTime:0.001549s ]
[2020-04-08T11:39:43+08:00][sql] SELECT * FROM `eb_system_config` WHERE  `menu_name` = 'cache_config' LIMIT 1 [ RunTime:0.001754s ]
[2020-04-08T11:39:43+08:00][sql] SELECT `level_id`,`is_forever`,`valid_time`,`id`,`status`,`grade` FROM `eb_user_level` WHERE  `status` = 1  AND `is_del` = 0  AND `uid` = 0 ORDER BY `grade` DESC LIMIT 1 [ RunTime:0.001383s ]
[2020-04-08T11:39:43+08:00][sql] SELECT `discount` FROM `eb_system_user_level` WHERE  `is_show` = 1  AND `is_del` = 0 ORDER BY `grade` ASC LIMIT 1 [ RunTime:0.001482s ]
[2020-04-08T11:39:43+08:00][sql] SHOW FULL COLUMNS FROM `eb_store_coupon_issue` [ RunTime:0.006181s ]
[2020-04-08T11:39:43+08:00][sql] SELECT `A`.*,`B`.`coupon_price`,`B`.`use_min_price` FROM `eb_store_coupon_issue` `A` INNER JOIN `eb_store_coupon` `B` ON `A`.`cid`=`B`.`id` WHERE  `A`.`status` = 1  AND (  (  `A`.`start_time` < 1586317183  AND `A`.`end_time` > 1586317183 ) OR (  `A`.`start_time` = 0  AND `A`.`end_time` = 0 ) )  AND `A`.`is_del` = 0  AND ( A.remain_count > 0 OR A.is_permanent = 1 ) ORDER BY `B`.`sort` DESC,`A`.`id` DESC LIMIT 3 [ RunTime:0.007550s ]
[2020-04-08T11:39:43+08:00][sql] SHOW FULL COLUMNS FROM `eb_wechat_user` [ RunTime:0.006363s ]
[2020-04-08T11:39:43+08:00][sql] SELECT `subscribe` FROM `eb_wechat_user` WHERE  `uid` = 0 LIMIT 1 [ RunTime:0.001526s ]
[2020-04-08T11:39:43+08:00][sql] SELECT * FROM `eb_system_config` WHERE  `menu_name` = 'cache_config' LIMIT 1 [ RunTime:0.001250s ]
