[2020-04-09T07:18:07+08:00][info] [ VIEW ] F:\GIT\CRMEB_DT_v3.1.4\public\index.html [ array (
) ]
[2020-04-09T07:18:09+08:00][sql] CONNECT:[ UseTime:0.002292s ] mysql:host=localhost;port=3306;dbname=crmeb2;charset=utf8
[2020-04-09T07:18:09+08:00][sql] SHOW FULL COLUMNS FROM `eb_user_token` [ RunTime:0.001336s ]
[2020-04-09T07:18:09+08:00][sql] SELECT * FROM `eb_user_token` WHERE  `token` IS NULL LIMIT 1 [ RunTime:0.000493s ]
[2020-04-09T07:18:09+08:00][sql] SHOW FULL COLUMNS FROM `eb_system_config` [ RunTime:0.004254s ]
[2020-04-09T07:18:09+08:00][sql] SELECT * FROM `eb_system_config` WHERE  `menu_name` = 'cache_config' LIMIT 1 [ RunTime:0.000729s ]
[2020-04-09T07:18:09+08:00][sql] SELECT * FROM `eb_system_config` WHERE  `menu_name` = 'cache_config' LIMIT 1 [ RunTime:0.000781s ]
[2020-04-09T07:18:10+08:00][sql] CONNECT:[ UseTime:0.012172s ] mysql:host=localhost;port=3306;dbname=crmeb2;charset=utf8
[2020-04-09T07:18:10+08:00][sql] SHOW FULL COLUMNS FROM `eb_user_token` [ RunTime:0.006004s ]
[2020-04-09T07:18:10+08:00][sql] SELECT * FROM `eb_user_token` WHERE  `token` IS NULL LIMIT 1 [ RunTime:0.000635s ]
[2020-04-09T07:18:10+08:00][sql] SHOW FULL COLUMNS FROM `eb_system_config` [ RunTime:0.008426s ]
[2020-04-09T07:18:10+08:00][sql] SELECT * FROM `eb_system_config` WHERE  `menu_name` = 'cache_config' LIMIT 1 [ RunTime:0.001220s ]
[2020-04-09T07:18:10+08:00][sql] SELECT * FROM `eb_system_config` WHERE  `menu_name` = 'cache_config' LIMIT 1 [ RunTime:0.000789s ]
[2020-04-09T07:18:10+08:00][sql] SELECT * FROM `eb_system_config` WHERE  `menu_name` = 'cache_config' LIMIT 1 [ RunTime:0.000752s ]
[2020-04-09T07:18:10+08:00][sql] SELECT * FROM `eb_system_config` WHERE  `menu_name` = 'cache_config' LIMIT 1 [ RunTime:0.000741s ]
[2020-04-09T07:18:10+08:00][sql] SELECT * FROM `eb_system_config` WHERE  `menu_name` = 'cache_config' LIMIT 1 [ RunTime:0.000766s ]
[2020-04-09T07:18:10+08:00][sql] SELECT * FROM `eb_system_config` WHERE  `menu_name` = 'cache_config' LIMIT 1 [ RunTime:0.000987s ]
[2020-04-09T07:18:10+08:00][sql] SELECT * FROM `eb_system_config` WHERE  `menu_name` = 'cache_config' LIMIT 1 [ RunTime:0.000880s ]
[2020-04-09T07:18:10+08:00][sql] SHOW FULL COLUMNS FROM `eb_store_category` [ RunTime:0.024252s ]
[2020-04-09T07:18:10+08:00][sql] SELECT `id`,`cate_name`,`pid`,`pic` FROM `eb_store_category` WHERE  `pid` > 0  AND `is_show` = 1 ORDER BY `sort` DESC LIMIT 10 [ RunTime:0.001210s ]
[2020-04-09T07:18:10+08:00][sql] SHOW FULL COLUMNS FROM `eb_store_product` [ RunTime:0.011013s ]
[2020-04-09T07:18:10+08:00][sql] SELECT id,image,store_name,cate_id,price,ot_price,IFNULL(sales,0) + IFNULL(ficti,0) as sales,unit_name FROM `eb_store_product` WHERE  `is_best` = 1  AND `is_del` = 0  AND `mer_id` = 0  AND `stock` > 0  AND `is_show` = 1 ORDER BY `sort` DESC,`id` DESC LIMIT 10 [ RunTime:0.002867s ]
[2020-04-09T07:18:10+08:00][sql] SELECT * FROM `eb_system_config` WHERE  `menu_name` = 'cache_config' LIMIT 1 [ RunTime:0.000774s ]
[2020-04-09T07:18:10+08:00][sql] SHOW FULL COLUMNS FROM `eb_user_level` [ RunTime:0.017793s ]
[2020-04-09T07:18:10+08:00][sql] SELECT `level_id`,`is_forever`,`valid_time`,`id`,`status`,`grade` FROM `eb_user_level` WHERE  `status` = 1  AND `is_del` = 0  AND `uid` = 0 ORDER BY `grade` DESC LIMIT 1 [ RunTime:0.001077s ]
[2020-04-09T07:18:10+08:00][sql] SHOW FULL COLUMNS FROM `eb_system_user_level` [ RunTime:0.004891s ]
[2020-04-09T07:18:10+08:00][sql] SELECT `discount` FROM `eb_system_user_level` WHERE  `is_show` = 1  AND `is_del` = 0 ORDER BY `grade` ASC LIMIT 1 [ RunTime:0.001249s ]
[2020-04-09T07:18:10+08:00][sql] SELECT id,image,store_name,cate_id,price,unit_name,IFNULL(sales,0) + IFNULL(ficti,0) as sales FROM `eb_store_product` WHERE  `is_new` = 1  AND `is_del` = 0  AND `mer_id` = 0  AND `stock` > 0  AND `is_show` = 1 ORDER BY `sort` DESC,`id` DESC LIMIT 10 [ RunTime:0.001583s ]
[2020-04-09T07:18:10+08:00][sql] SELECT * FROM `eb_system_config` WHERE  `menu_name` = 'cache_config' LIMIT 1 [ RunTime:0.001045s ]
[2020-04-09T07:18:10+08:00][sql] SELECT `level_id`,`is_forever`,`valid_time`,`id`,`status`,`grade` FROM `eb_user_level` WHERE  `status` = 1  AND `is_del` = 0  AND `uid` = 0 ORDER BY `grade` DESC LIMIT 1 [ RunTime:0.000884s ]
[2020-04-09T07:18:10+08:00][sql] SELECT `discount` FROM `eb_system_user_level` WHERE  `is_show` = 1  AND `is_del` = 0 ORDER BY `grade` ASC LIMIT 1 [ RunTime:0.001365s ]
[2020-04-09T07:18:10+08:00][sql] SELECT * FROM `eb_system_config` WHERE  `menu_name` = 'cache_config' LIMIT 1 [ RunTime:0.000757s ]
[2020-04-09T07:18:10+08:00][sql] SELECT `id`,`image`,`store_name`,`cate_id`,`price`,`ot_price`,`stock`,`unit_name` FROM `eb_store_product` WHERE  `is_benefit` = 1  AND `is_del` = 0  AND `mer_id` = 0  AND `stock` > 0  AND `is_show` = 1 ORDER BY `sort` DESC,`id` DESC LIMIT 3 [ RunTime:0.001473s ]
[2020-04-09T07:18:10+08:00][sql] SELECT * FROM `eb_system_config` WHERE  `menu_name` = 'cache_config' LIMIT 1 [ RunTime:0.000769s ]
[2020-04-09T07:18:10+08:00][sql] SELECT `id`,`image`,`store_name`,`cate_id`,`price`,`unit_name` FROM `eb_store_product` WHERE  `is_hot` = 1  AND `is_del` = 0  AND `mer_id` = 0  AND `stock` > 0  AND `is_show` = 1 ORDER BY `sort` DESC,`id` DESC LIMIT 3 [ RunTime:0.001693s ]
[2020-04-09T07:18:10+08:00][sql] SELECT * FROM `eb_system_config` WHERE  `menu_name` = 'cache_config' LIMIT 1 [ RunTime:0.000994s ]
[2020-04-09T07:18:10+08:00][sql] SELECT `level_id`,`is_forever`,`valid_time`,`id`,`status`,`grade` FROM `eb_user_level` WHERE  `status` = 1  AND `is_del` = 0  AND `uid` = 0 ORDER BY `grade` DESC LIMIT 1 [ RunTime:0.000850s ]
[2020-04-09T07:18:10+08:00][sql] SELECT `discount` FROM `eb_system_user_level` WHERE  `is_show` = 1  AND `is_del` = 0 ORDER BY `grade` ASC LIMIT 1 [ RunTime:0.001132s ]
[2020-04-09T07:18:10+08:00][sql] SHOW FULL COLUMNS FROM `eb_store_coupon_issue` [ RunTime:0.041632s ]
[2020-04-09T07:18:10+08:00][sql] SELECT `A`.*,`B`.`coupon_price`,`B`.`use_min_price` FROM `eb_store_coupon_issue` `A` INNER JOIN `eb_store_coupon` `B` ON `A`.`cid`=`B`.`id` WHERE  `A`.`status` = 1  AND (  (  `A`.`start_time` < 1586387890  AND `A`.`end_time` > 1586387890 ) OR (  `A`.`start_time` = 0  AND `A`.`end_time` = 0 ) )  AND `A`.`is_del` = 0  AND ( A.remain_count > 0 OR A.is_permanent = 1 ) ORDER BY `B`.`sort` DESC,`A`.`id` DESC LIMIT 3 [ RunTime:0.065516s ]
[2020-04-09T07:18:10+08:00][sql] SHOW FULL COLUMNS FROM `eb_wechat_user` [ RunTime:0.026763s ]
[2020-04-09T07:18:10+08:00][sql] SELECT `subscribe` FROM `eb_wechat_user` WHERE  `uid` = 0 LIMIT 1 [ RunTime:0.001051s ]
[2020-04-09T07:18:10+08:00][sql] SELECT * FROM `eb_system_config` WHERE  `menu_name` = 'cache_config' LIMIT 1 [ RunTime:0.000819s ]
[2020-04-09T07:18:16+08:00][info] [ VIEW ] F:\GIT\CRMEB_DT_v3.1.4\app\admin\view\login\index.php [ array (
) ]
[2020-04-09T07:18:32+08:00][sql] CONNECT:[ UseTime:0.002868s ] mysql:host=localhost;port=3306;dbname=crmeb2;charset=utf8
[2020-04-09T07:18:32+08:00][sql] SHOW FULL COLUMNS FROM `eb_system_admin` [ RunTime:0.005106s ]
[2020-04-09T07:18:32+08:00][sql] SELECT * FROM `eb_system_admin` WHERE  `id` = 1 LIMIT 1 [ RunTime:0.000633s ]
[2020-04-09T07:18:32+08:00][sql] SHOW FULL COLUMNS FROM `eb_system_menus` [ RunTime:0.016113s ]
[2020-04-09T07:18:32+08:00][sql] SELECT `module`,`controller`,`action`,`params` FROM `eb_system_menus` WHERE  ( `controller` <> '' OR `action` <> '' ) [ RunTime:0.001824s ]
[2020-04-09T07:18:32+08:00][sql] SHOW FULL COLUMNS FROM `eb_system_config` [ RunTime:0.004604s ]
[2020-04-09T07:18:32+08:00][sql] SELECT * FROM `eb_system_config` WHERE  `menu_name` = 'site_logo' LIMIT 1 [ RunTime:0.001042s ]
[2020-04-09T07:18:32+08:00][sql] SELECT * FROM `eb_system_menus` WHERE  `is_show` = 1  AND `access` = 1 ORDER BY `sort` DESC [ RunTime:0.012296s ]
[2020-04-09T07:18:32+08:00][sql] SELECT * FROM `eb_system_config` WHERE  `menu_name` = 'cache_config' LIMIT 1 [ RunTime:0.001224s ]
[2020-04-09T07:18:32+08:00][sql] SHOW FULL COLUMNS FROM `eb_system_role` [ RunTime:0.005675s ]
[2020-04-09T07:18:32+08:00][sql] SELECT `role_name` FROM `eb_system_role` WHERE  `id` = 1 LIMIT 1 [ RunTime:0.000764s ]
[2020-04-09T07:18:32+08:00][info] [ VIEW ] F:\GIT\CRMEB_DT_v3.1.4\app\admin\view\index\index.php [ array (
  0 => '_admin',
  1 => 'menuList',
  2 => 'site_logo',
  3 => 'new_order_audio_link',
  4 => 'role_name',
  5 => 'workermanPort',
) ]
[2020-04-09T07:18:35+08:00][sql] CONNECT:[ UseTime:0.011996s ] mysql:host=localhost;port=3306;dbname=crmeb2;charset=utf8
[2020-04-09T07:18:35+08:00][sql] SHOW FULL COLUMNS FROM `eb_system_admin` [ RunTime:0.004214s ]
[2020-04-09T07:18:35+08:00][sql] SELECT * FROM `eb_system_admin` WHERE  `id` = 1 LIMIT 1 [ RunTime:0.000675s ]
[2020-04-09T07:18:35+08:00][sql] SHOW FULL COLUMNS FROM `eb_system_menus` [ RunTime:0.004034s ]
[2020-04-09T07:18:35+08:00][sql] SELECT `module`,`controller`,`action`,`params` FROM `eb_system_menus` WHERE  ( `controller` <> '' OR `action` <> '' ) [ RunTime:0.001048s ]
[2020-04-09T07:18:35+08:00][sql] SHOW FULL COLUMNS FROM `eb_store_order` [ RunTime:0.003828s ]
[2020-04-09T07:18:35+08:00][sql] SELECT COUNT(*) AS think_count FROM `eb_store_order` WHERE  `paid` = 1  AND `status` = 0  AND `shipping_type` = 1  AND `refund_status` = 0  AND `is_del` = 0 [ RunTime:0.001510s ]
[2020-04-09T07:18:35+08:00][sql] SHOW FULL COLUMNS FROM `eb_system_config` [ RunTime:0.003980s ]
[2020-04-09T07:18:35+08:00][sql] SELECT * FROM `eb_system_config` WHERE  `menu_name` = 'store_stock' LIMIT 1 [ RunTime:0.000724s ]
[2020-04-09T07:18:35+08:00][sql] SELECT * FROM `eb_system_config` WHERE  `menu_name` = 'store_stock' LIMIT 1 [ RunTime:0.000717s ]
[2020-04-09T07:18:35+08:00][sql] SHOW FULL COLUMNS FROM `eb_store_product` [ RunTime:0.003652s ]
[2020-04-09T07:18:35+08:00][sql] SELECT COUNT(*) AS think_count FROM `eb_store_product` WHERE  `stock` <= 2  AND `is_show` = 1  AND `is_del` = 0 [ RunTime:0.001174s ]
[2020-04-09T07:18:35+08:00][sql] SHOW FULL COLUMNS FROM `eb_store_product_reply` [ RunTime:0.005913s ]
[2020-04-09T07:18:35+08:00][sql] SELECT COUNT(*) AS think_count FROM `eb_store_product_reply` WHERE  `is_reply` = 0 [ RunTime:0.000925s ]
[2020-04-09T07:18:35+08:00][sql] SHOW FULL COLUMNS FROM `eb_user_extract` [ RunTime:0.003683s ]
[2020-04-09T07:18:35+08:00][sql] SELECT COUNT(*) AS think_count FROM `eb_user_extract` WHERE  `status` = 0 [ RunTime:0.000866s ]
[2020-04-09T07:18:35+08:00][sql] SELECT `id`,`order_id` FROM `eb_store_order` WHERE  `paid` = 1  AND `status` = 0  AND `shipping_type` = 1  AND `refund_status` = 0  AND `is_del` = 0  AND `is_remind` = 0 [ RunTime:0.001834s ]
[2020-04-09T07:18:35+08:00][sql] CONNECT:[ UseTime:0.012113s ] mysql:host=localhost;port=3306;dbname=crmeb2;charset=utf8
[2020-04-09T07:18:35+08:00][sql] SHOW FULL COLUMNS FROM `eb_system_admin` [ RunTime:0.008417s ]
[2020-04-09T07:18:35+08:00][sql] SELECT * FROM `eb_system_admin` WHERE  `id` = 1 LIMIT 1 [ RunTime:0.000822s ]
[2020-04-09T07:18:35+08:00][sql] SHOW FULL COLUMNS FROM `eb_system_menus` [ RunTime:0.054713s ]
[2020-04-09T07:18:35+08:00][sql] SELECT `module`,`controller`,`action`,`params` FROM `eb_system_menus` WHERE  ( `controller` <> '' OR `action` <> '' ) [ RunTime:0.001079s ]
[2020-04-09T07:18:35+08:00][sql] SHOW FULL COLUMNS FROM `eb_store_order` [ RunTime:0.016570s ]
[2020-04-09T07:18:35+08:00][sql] SELECT COUNT(*) AS think_count FROM `eb_store_order` WHERE  `status` = 0  AND `paid` = 1  AND `refund_status` = 0 [ RunTime:0.037472s ]
[2020-04-09T07:18:35+08:00][sql] SELECT COUNT(*) AS think_count FROM `eb_store_order` WHERE  `paid` = 1  AND `refund_status` = 1 [ RunTime:0.000886s ]
[2020-04-09T07:18:35+08:00][sql] SHOW FULL COLUMNS FROM `eb_system_config` [ RunTime:0.004594s ]
[2020-04-09T07:18:35+08:00][sql] SELECT * FROM `eb_system_config` WHERE  `menu_name` = 'store_stock' LIMIT 1 [ RunTime:0.001021s ]
[2020-04-09T07:18:35+08:00][sql] SELECT * FROM `eb_system_config` WHERE  `menu_name` = 'store_stock' LIMIT 1 [ RunTime:0.000975s ]
[2020-04-09T07:18:35+08:00][sql] SHOW FULL COLUMNS FROM `eb_store_product` [ RunTime:0.004019s ]
[2020-04-09T07:18:35+08:00][sql] SELECT COUNT(*) AS think_count FROM `eb_store_product` WHERE  `stock` <= 2  AND `is_show` = 1  AND `is_del` = 0 [ RunTime:0.001030s ]
[2020-04-09T07:18:35+08:00][sql] SHOW FULL COLUMNS FROM `eb_user_extract` [ RunTime:0.029874s ]
[2020-04-09T07:18:35+08:00][sql] SELECT COUNT(*) AS think_count FROM `eb_user_extract` WHERE  `status` = 0 [ RunTime:0.000931s ]
[2020-04-09T07:18:35+08:00][sql] SELECT COUNT(*) AS think_count FROM `eb_store_order` WHERE  `paid` = 1  AND `pay_time` BETWEEN 1586275200 AND 1586361599 [ RunTime:0.011553s ]
[2020-04-09T07:18:35+08:00][sql] SELECT COUNT(*) AS think_count FROM `eb_store_order` WHERE  `paid` = 1  AND `pay_time` > 1586275200  AND `pay_time` < 1586361600 [ RunTime:0.008085s ]
[2020-04-09T07:18:35+08:00][sql] SELECT SUM(`pay_price`) AS think_sum FROM `eb_store_order` WHERE  `paid` = 1  AND `pay_time` BETWEEN 1586275200 AND 1586361599 [ RunTime:0.001682s ]
[2020-04-09T07:18:35+08:00][sql] SELECT SUM(`pay_price`) AS think_sum FROM `eb_store_order` WHERE  `paid` = 1  AND `pay_time` > 1586188800  AND `pay_time` < 1586275200 [ RunTime:0.001058s ]
[2020-04-09T07:18:35+08:00][sql] SELECT SUM(`pay_price`) AS think_sum FROM `eb_store_order` WHERE  `paid` = 1  AND `pay_time` BETWEEN 1585670400 AND 1588262399 [ RunTime:0.000920s ]
[2020-04-09T07:18:35+08:00][sql] SELECT sum(pay_price) FROM `eb_store_order` WHERE  `paid` = 1  AND `pay_time` > 1582992000  AND `pay_time` < 1585670400 LIMIT 1 [ RunTime:0.001120s ]
[2020-04-09T07:18:35+08:00][sql] SHOW FULL COLUMNS FROM `eb_user` [ RunTime:0.011418s ]
[2020-04-09T07:18:35+08:00][sql] SELECT COUNT(*) AS think_count FROM `eb_user` WHERE  `add_time` > 1586361600 [ RunTime:0.000655s ]
[2020-04-09T07:18:35+08:00][sql] SELECT COUNT(*) AS think_count FROM `eb_user` WHERE  `add_time` > 1586275200  AND `add_time` < 1586361600 [ RunTime:0.001272s ]
[2020-04-09T07:18:35+08:00][sql] SELECT COUNT(*) AS think_count FROM `eb_user` WHERE  `add_time` > 1585670400 [ RunTime:0.000920s ]
[2020-04-09T07:18:35+08:00][sql] SELECT COUNT(*) AS think_count FROM `eb_user` WHERE  `add_time` > 1582992000  AND `add_time` < 1585670400 [ RunTime:0.000920s ]
[2020-04-09T07:18:35+08:00][sql] SELECT COUNT(*) AS think_count FROM `eb_store_order` WHERE  `add_time` > 1585670400 [ RunTime:0.001036s ]
[2020-04-09T07:18:35+08:00][sql] SELECT COUNT(*) AS think_count FROM `eb_store_order` WHERE  `add_time` > 1582992000  AND `add_time` < 1585670400 [ RunTime:0.000684s ]
[2020-04-09T07:18:35+08:00][sql] SELECT COUNT(*) AS think_count FROM `eb_store_order` WHERE  `add_time` > 1582992000  AND `add_time` < 1585670400 [ RunTime:0.000714s ]
[2020-04-09T07:18:35+08:00][sql] SELECT COUNT(*) AS think_count FROM `eb_store_order` WHERE  `add_time` > 1580486400  AND `add_time` < 1582992000 [ RunTime:0.000793s ]
[2020-04-09T07:18:35+08:00][info] [ VIEW ] F:\GIT\CRMEB_DT_v3.1.4\app\admin\view\index\main.php [ array (
  0 => '_admin',
  1 => 'first_line',
  2 => 'second_line',
  3 => 'topData',
) ]
[2020-04-09T07:18:37+08:00][sql] CONNECT:[ UseTime:0.002252s ] mysql:host=localhost;port=3306;dbname=crmeb2;charset=utf8
[2020-04-09T07:18:37+08:00][sql] SHOW FULL COLUMNS FROM `eb_system_admin` [ RunTime:0.004140s ]
[2020-04-09T07:18:37+08:00][sql] SELECT * FROM `eb_system_admin` WHERE  `id` = 1 LIMIT 1 [ RunTime:0.000710s ]
[2020-04-09T07:18:37+08:00][sql] SHOW FULL COLUMNS FROM `eb_system_menus` [ RunTime:0.003600s ]
[2020-04-09T07:18:37+08:00][sql] SELECT `module`,`controller`,`action`,`params` FROM `eb_system_menus` WHERE  ( `controller` <> '' OR `action` <> '' ) [ RunTime:0.001060s ]
[2020-04-09T07:18:37+08:00][sql] SHOW FULL COLUMNS FROM `eb_user` [ RunTime:0.004142s ]
[2020-04-09T07:18:37+08:00][sql] SELECT FROM_UNIXTIME(add_time,'%m-%e') as day,count(*) as count FROM `eb_user` WHERE  `add_time` BETWEEN 1583769600 AND 1586361600 GROUP BY FROM_UNIXTIME(add_time,'%Y%m%e') ORDER BY `add_time` ASC [ RunTime:0.071868s ]
[2020-04-09T07:18:37+08:00][sql] CONNECT:[ UseTime:0.002294s ] mysql:host=localhost;port=3306;dbname=crmeb2;charset=utf8
[2020-04-09T07:18:37+08:00][sql] SHOW FULL COLUMNS FROM `eb_system_admin` [ RunTime:0.003856s ]
[2020-04-09T07:18:37+08:00][sql] SELECT * FROM `eb_system_admin` WHERE  `id` = 1 LIMIT 1 [ RunTime:0.000727s ]
[2020-04-09T07:18:37+08:00][sql] SHOW FULL COLUMNS FROM `eb_system_menus` [ RunTime:0.004625s ]
[2020-04-09T07:18:37+08:00][sql] SELECT `module`,`controller`,`action`,`params` FROM `eb_system_menus` WHERE  ( `controller` <> '' OR `action` <> '' ) [ RunTime:0.001342s ]
[2020-04-09T07:18:37+08:00][sql] SHOW FULL COLUMNS FROM `eb_store_order` [ RunTime:0.004238s ]
[2020-04-09T07:18:37+08:00][sql] SELECT FROM_UNIXTIME(add_time,'%m-%d') as day,count(*) as count,sum(pay_price) as price FROM `eb_store_order` WHERE  `add_time` BETWEEN 1583769600 AND 1586361600 GROUP BY FROM_UNIXTIME(add_time,'%Y%m%d') ORDER BY `add_time` ASC [ RunTime:0.001040s ]
[2020-04-09T07:18:40+08:00][sql] CONNECT:[ UseTime:0.010493s ] mysql:host=localhost;port=3306;dbname=crmeb2;charset=utf8
[2020-04-09T07:18:40+08:00][sql] SHOW FULL COLUMNS FROM `eb_system_admin` [ RunTime:0.003481s ]
[2020-04-09T07:18:40+08:00][sql] SELECT * FROM `eb_system_admin` WHERE  `id` = 1 LIMIT 1 [ RunTime:0.000652s ]
[2020-04-09T07:18:40+08:00][sql] SHOW FULL COLUMNS FROM `eb_system_menus` [ RunTime:0.003946s ]
[2020-04-09T07:18:40+08:00][sql] SELECT `module`,`controller`,`action`,`params` FROM `eb_system_menus` WHERE  ( `controller` <> '' OR `action` <> '' ) [ RunTime:0.000921s ]
[2020-04-09T07:18:40+08:00][sql] SELECT `menu_name` FROM `eb_system_menus` WHERE  `action` = 'index'  AND `controller` = 'setting.SystemConfig'  AND `module` = 'admin'  AND `params` = '[]'  AND ( params = '[]' OR params = '[]' ) ORDER BY `id` DESC LIMIT 1 [ RunTime:0.001252s ]
[2020-04-09T07:18:40+08:00][sql] SHOW FULL COLUMNS FROM `eb_system_log` [ RunTime:0.028824s ]
[2020-04-09T07:18:40+08:00][sql] INSERT INTO `eb_system_log` SET `method` = 'admin' , `admin_id` = 1 , `add_time` = 1586387920 , `admin_name` = 'admin' , `path` = 'admin/setting.systemconfig/index/' , `page` = '未知' , `ip` = '127.0.0.1' , `type` = 'system' [ RunTime:0.002632s ]
[2020-04-09T07:18:40+08:00][sql] SHOW FULL COLUMNS FROM `eb_system_config` [ RunTime:0.003672s ]
[2020-04-09T07:18:40+08:00][sql] SELECT * FROM `eb_system_config` WHERE  `config_tab_id` = 2  AND `status` = 1 ORDER BY `sort` DESC,`id` ASC [ RunTime:0.000853s ]
[2020-04-09T07:18:40+08:00][sql] SHOW FULL COLUMNS FROM `eb_system_config_tab` [ RunTime:0.036256s ]
[2020-04-09T07:18:40+08:00][sql] SELECT * FROM `eb_system_config_tab` WHERE  `status` = 1  AND `type` = 1 [ RunTime:0.000883s ]
[2020-04-09T07:18:40+08:00][sql] SELECT * FROM `eb_system_config` WHERE  `config_tab_id` = 2  AND `status` = 1 ORDER BY `sort` DESC,`id` ASC [ RunTime:0.000867s ]
[2020-04-09T07:18:40+08:00][sql] SELECT * FROM `eb_system_config` WHERE  `config_tab_id` = 7  AND `status` = 1 ORDER BY `sort` DESC,`id` ASC [ RunTime:0.000821s ]
[2020-04-09T07:18:40+08:00][info] [ VIEW ] F:\GIT\CRMEB_DT_v3.1.4\app\admin\view\setting\system_config\index.php [ array (
  0 => '_admin',
  1 => 'tab_id',
  2 => 'form',
  3 => 'config_tab',
  4 => 'list',
) ]
[2020-04-09T07:18:45+08:00][sql] CONNECT:[ UseTime:0.002004s ] mysql:host=localhost;port=3306;dbname=crmeb2;charset=utf8
[2020-04-09T07:18:45+08:00][sql] SHOW FULL COLUMNS FROM `eb_system_admin` [ RunTime:0.004139s ]
[2020-04-09T07:18:45+08:00][sql] SELECT * FROM `eb_system_admin` WHERE  `id` = 1 LIMIT 1 [ RunTime:0.000698s ]
[2020-04-09T07:18:45+08:00][sql] SHOW FULL COLUMNS FROM `eb_system_menus` [ RunTime:0.004265s ]
[2020-04-09T07:18:45+08:00][sql] SELECT `module`,`controller`,`action`,`params` FROM `eb_system_menus` WHERE  ( `controller` <> '' OR `action` <> '' ) [ RunTime:0.000976s ]
[2020-04-09T07:18:45+08:00][sql] SELECT `menu_name` FROM `eb_system_menus` WHERE  `action` = 'index'  AND `controller` = 'setting.SystemConfig'  AND `module` = 'admin'  AND `params` = '[]'  AND ( params = '[]' OR params = '[]' ) ORDER BY `id` DESC LIMIT 1 [ RunTime:0.001304s ]
[2020-04-09T07:18:45+08:00][sql] SHOW FULL COLUMNS FROM `eb_system_log` [ RunTime:0.003849s ]
[2020-04-09T07:18:45+08:00][sql] INSERT INTO `eb_system_log` SET `method` = 'admin' , `admin_id` = 1 , `add_time` = 1586387925 , `admin_name` = 'admin' , `path` = 'admin/setting.systemconfig/index/' , `page` = '未知' , `ip` = '127.0.0.1' , `type` = 'system' [ RunTime:0.001655s ]
[2020-04-09T07:18:45+08:00][sql] SHOW FULL COLUMNS FROM `eb_system_config` [ RunTime:0.005308s ]
[2020-04-09T07:18:45+08:00][sql] SELECT * FROM `eb_system_config` WHERE  `config_tab_id` = 7  AND `status` = 1 ORDER BY `sort` DESC,`id` ASC [ RunTime:0.000847s ]
[2020-04-09T07:18:45+08:00][sql] SHOW FULL COLUMNS FROM `eb_system_config_tab` [ RunTime:0.003395s ]
[2020-04-09T07:18:45+08:00][sql] SELECT * FROM `eb_system_config_tab` WHERE  `status` = 1  AND `type` = 1 [ RunTime:0.000765s ]
[2020-04-09T07:18:45+08:00][sql] SELECT * FROM `eb_system_config` WHERE  `config_tab_id` = 2  AND `status` = 1 ORDER BY `sort` DESC,`id` ASC [ RunTime:0.000820s ]
[2020-04-09T07:18:45+08:00][sql] SELECT * FROM `eb_system_config` WHERE  `config_tab_id` = 7  AND `status` = 1 ORDER BY `sort` DESC,`id` ASC [ RunTime:0.000811s ]
[2020-04-09T07:18:45+08:00][info] [ VIEW ] F:\GIT\CRMEB_DT_v3.1.4\app\admin\view\setting\system_config\index.php [ array (
  0 => '_admin',
  1 => 'tab_id',
  2 => 'form',
  3 => 'config_tab',
  4 => 'list',
) ]
[2020-04-09T07:18:57+08:00][sql] CONNECT:[ UseTime:0.011927s ] mysql:host=localhost;port=3306;dbname=crmeb2;charset=utf8
[2020-04-09T07:18:57+08:00][sql] SHOW FULL COLUMNS FROM `eb_system_admin` [ RunTime:0.004066s ]
[2020-04-09T07:18:57+08:00][sql] SELECT * FROM `eb_system_admin` WHERE  `id` = 1 LIMIT 1 [ RunTime:0.000708s ]
[2020-04-09T07:18:57+08:00][sql] SHOW FULL COLUMNS FROM `eb_system_menus` [ RunTime:0.003938s ]
[2020-04-09T07:18:57+08:00][sql] SELECT `module`,`controller`,`action`,`params` FROM `eb_system_menus` WHERE  ( `controller` <> '' OR `action` <> '' ) [ RunTime:0.001139s ]
[2020-04-09T07:18:57+08:00][sql] SELECT `menu_name` FROM `eb_system_menus` WHERE  `action` = 'index'  AND `controller` = 'widget.Images'  AND `module` = 'admin'  AND `params` = '[]'  AND ( params = '[]' OR params = '[]' ) ORDER BY `id` DESC LIMIT 1 [ RunTime:0.001509s ]
[2020-04-09T07:18:57+08:00][sql] SHOW FULL COLUMNS FROM `eb_system_log` [ RunTime:0.003563s ]
[2020-04-09T07:18:57+08:00][sql] INSERT INTO `eb_system_log` SET `method` = 'admin' , `admin_id` = 1 , `add_time` = 1586387936 , `admin_name` = 'admin' , `path` = 'admin/widget.images/index/' , `page` = '未知' , `ip` = '127.0.0.1' , `type` = 'system' [ RunTime:0.001321s ]
[2020-04-09T07:18:57+08:00][info] [ VIEW ] F:\GIT\CRMEB_DT_v3.1.4\app\admin\view\widget\images.php [ array (
  0 => '_admin',
  1 => 'pid',
) ]
[2020-04-09T07:19:20+08:00][sql] CONNECT:[ UseTime:0.011475s ] mysql:host=localhost;port=3306;dbname=crmeb2;charset=utf8
[2020-04-09T07:19:20+08:00][sql] SHOW FULL COLUMNS FROM `eb_system_admin` [ RunTime:0.003950s ]
[2020-04-09T07:19:20+08:00][sql] SELECT * FROM `eb_system_admin` WHERE  `id` = 1 LIMIT 1 [ RunTime:0.000729s ]
[2020-04-09T07:19:20+08:00][sql] SHOW FULL COLUMNS FROM `eb_system_menus` [ RunTime:0.004113s ]
[2020-04-09T07:19:20+08:00][sql] SELECT `module`,`controller`,`action`,`params` FROM `eb_system_menus` WHERE  ( `controller` <> '' OR `action` <> '' ) [ RunTime:0.001188s ]
[2020-04-09T07:19:20+08:00][sql] SELECT `menu_name` FROM `eb_system_menus` WHERE  `action` = 'index'  AND `controller` = 'setting.SystemConfig'  AND `module` = 'admin'  AND `params` = '[]'  AND ( params = '[]' OR params = '[]' ) ORDER BY `id` DESC LIMIT 1 [ RunTime:0.001149s ]
[2020-04-09T07:19:20+08:00][sql] SHOW FULL COLUMNS FROM `eb_system_log` [ RunTime:0.057757s ]
[2020-04-09T07:19:20+08:00][sql] INSERT INTO `eb_system_log` SET `method` = 'admin' , `admin_id` = 1 , `add_time` = 1586387959 , `admin_name` = 'admin' , `path` = 'admin/setting.systemconfig/index/' , `page` = '未知' , `ip` = '127.0.0.1' , `type` = 'system' [ RunTime:0.001656s ]
[2020-04-09T07:19:20+08:00][sql] SHOW FULL COLUMNS FROM `eb_system_config` [ RunTime:0.004306s ]
[2020-04-09T07:19:20+08:00][sql] SELECT * FROM `eb_system_config` WHERE  `config_tab_id` = 7  AND `status` = 1 ORDER BY `sort` DESC,`id` ASC [ RunTime:0.001246s ]
[2020-04-09T07:19:20+08:00][sql] SHOW FULL COLUMNS FROM `eb_system_config_tab` [ RunTime:0.004490s ]
[2020-04-09T07:19:20+08:00][sql] SELECT * FROM `eb_system_config_tab` WHERE  `status` = 1  AND `type` = 1 [ RunTime:0.001163s ]
[2020-04-09T07:19:20+08:00][sql] SELECT * FROM `eb_system_config` WHERE  `config_tab_id` = 2  AND `status` = 1 ORDER BY `sort` DESC,`id` ASC [ RunTime:0.001170s ]
[2020-04-09T07:19:20+08:00][sql] SELECT * FROM `eb_system_config` WHERE  `config_tab_id` = 7  AND `status` = 1 ORDER BY `sort` DESC,`id` ASC [ RunTime:0.001186s ]
[2020-04-09T07:19:20+08:00][info] [ VIEW ] F:\GIT\CRMEB_DT_v3.1.4\app\admin\view\setting\system_config\index.php [ array (
  0 => '_admin',
  1 => 'tab_id',
  2 => 'form',
  3 => 'config_tab',
  4 => 'list',
) ]
[2020-04-09T07:20:18+08:00][sql] CONNECT:[ UseTime:0.012235s ] mysql:host=localhost;port=3306;dbname=crmeb2;charset=utf8
[2020-04-09T07:20:18+08:00][sql] SHOW FULL COLUMNS FROM `eb_system_admin` [ RunTime:0.003977s ]
[2020-04-09T07:20:18+08:00][sql] SELECT * FROM `eb_system_admin` WHERE  `id` = 1 LIMIT 1 [ RunTime:0.000676s ]
[2020-04-09T07:20:18+08:00][sql] SHOW FULL COLUMNS FROM `eb_system_menus` [ RunTime:0.003445s ]
[2020-04-09T07:20:18+08:00][sql] SELECT `module`,`controller`,`action`,`params` FROM `eb_system_menus` WHERE  ( `controller` <> '' OR `action` <> '' ) [ RunTime:0.001036s ]
[2020-04-09T07:20:18+08:00][sql] SELECT `menu_name` FROM `eb_system_menus` WHERE  `action` = 'index'  AND `controller` = 'setting.SystemConfig'  AND `module` = 'admin'  AND `params` = '[]'  AND ( params = '[]' OR params = '[]' ) ORDER BY `id` DESC LIMIT 1 [ RunTime:0.001284s ]
[2020-04-09T07:20:18+08:00][sql] SHOW FULL COLUMNS FROM `eb_system_log` [ RunTime:0.004115s ]
[2020-04-09T07:20:18+08:00][sql] INSERT INTO `eb_system_log` SET `method` = 'admin' , `admin_id` = 1 , `add_time` = 1586388017 , `admin_name` = 'admin' , `path` = 'admin/setting.systemconfig/index/' , `page` = '未知' , `ip` = '127.0.0.1' , `type` = 'system' [ RunTime:0.001312s ]
[2020-04-09T07:20:18+08:00][sql] SHOW FULL COLUMNS FROM `eb_system_config` [ RunTime:0.005684s ]
[2020-04-09T07:20:18+08:00][sql] SELECT * FROM `eb_system_config` WHERE  `config_tab_id` = 2  AND `status` = 1 ORDER BY `sort` DESC,`id` ASC [ RunTime:0.000901s ]
[2020-04-09T07:20:18+08:00][sql] SHOW FULL COLUMNS FROM `eb_system_config_tab` [ RunTime:0.003502s ]
[2020-04-09T07:20:18+08:00][sql] SELECT * FROM `eb_system_config_tab` WHERE  `status` = 1  AND `type` = 1 [ RunTime:0.000737s ]
[2020-04-09T07:20:18+08:00][sql] SELECT * FROM `eb_system_config` WHERE  `config_tab_id` = 2  AND `status` = 1 ORDER BY `sort` DESC,`id` ASC [ RunTime:0.000850s ]
[2020-04-09T07:20:18+08:00][sql] SELECT * FROM `eb_system_config` WHERE  `config_tab_id` = 7  AND `status` = 1 ORDER BY `sort` DESC,`id` ASC [ RunTime:0.000990s ]
[2020-04-09T07:20:18+08:00][info] [ VIEW ] F:\GIT\CRMEB_DT_v3.1.4\app\admin\view\setting\system_config\index.php [ array (
  0 => '_admin',
  1 => 'tab_id',
  2 => 'form',
  3 => 'config_tab',
  4 => 'list',
) ]
[2020-04-09T07:20:22+08:00][sql] CONNECT:[ UseTime:0.011564s ] mysql:host=localhost;port=3306;dbname=crmeb2;charset=utf8
[2020-04-09T07:20:22+08:00][sql] SHOW FULL COLUMNS FROM `eb_system_admin` [ RunTime:0.003815s ]
[2020-04-09T07:20:22+08:00][sql] SELECT * FROM `eb_system_admin` WHERE  `id` = 1 LIMIT 1 [ RunTime:0.000730s ]
[2020-04-09T07:20:22+08:00][sql] SHOW FULL COLUMNS FROM `eb_system_menus` [ RunTime:0.004215s ]
[2020-04-09T07:20:22+08:00][sql] SELECT `module`,`controller`,`action`,`params` FROM `eb_system_menus` WHERE  ( `controller` <> '' OR `action` <> '' ) [ RunTime:0.001024s ]
[2020-04-09T07:20:22+08:00][sql] SELECT `menu_name` FROM `eb_system_menus` WHERE  `action` = 'index'  AND `controller` = 'setting.SystemConfig'  AND `module` = 'admin'  AND `params` = '[]'  AND ( params = '[]' OR params = '[]' ) ORDER BY `id` DESC LIMIT 1 [ RunTime:0.001624s ]
[2020-04-09T07:20:22+08:00][sql] SHOW FULL COLUMNS FROM `eb_system_log` [ RunTime:0.003507s ]
[2020-04-09T07:20:22+08:00][sql] INSERT INTO `eb_system_log` SET `method` = 'admin' , `admin_id` = 1 , `add_time` = 1586388022 , `admin_name` = 'admin' , `path` = 'admin/setting.systemconfig/index/' , `page` = '未知' , `ip` = '127.0.0.1' , `type` = 'system' [ RunTime:0.001286s ]
[2020-04-09T07:20:22+08:00][sql] SHOW FULL COLUMNS FROM `eb_system_config` [ RunTime:0.001310s ]
[2020-04-09T07:20:22+08:00][sql] SELECT * FROM `eb_system_config` WHERE  `config_tab_id` = 7  AND `status` = 1 ORDER BY `sort` DESC,`id` ASC [ RunTime:0.001238s ]
[2020-04-09T07:20:22+08:00][sql] SHOW FULL COLUMNS FROM `eb_system_config_tab` [ RunTime:0.003775s ]
[2020-04-09T07:20:22+08:00][sql] SELECT * FROM `eb_system_config_tab` WHERE  `status` = 1  AND `type` = 1 [ RunTime:0.000792s ]
[2020-04-09T07:20:22+08:00][sql] SELECT * FROM `eb_system_config` WHERE  `config_tab_id` = 2  AND `status` = 1 ORDER BY `sort` DESC,`id` ASC [ RunTime:0.000873s ]
[2020-04-09T07:20:22+08:00][sql] SELECT * FROM `eb_system_config` WHERE  `config_tab_id` = 7  AND `status` = 1 ORDER BY `sort` DESC,`id` ASC [ RunTime:0.000882s ]
[2020-04-09T07:20:22+08:00][info] [ VIEW ] F:\GIT\CRMEB_DT_v3.1.4\app\admin\view\setting\system_config\index.php [ array (
  0 => '_admin',
  1 => 'tab_id',
  2 => 'form',
  3 => 'config_tab',
  4 => 'list',
) ]
[2020-04-09T07:22:17+08:00][info] [ VIEW ] F:\GIT\CRMEB_DT_v3.1.4\public\index.html [ array (
) ]
[2020-04-09T07:22:17+08:00][info] [ VIEW ] F:\GIT\CRMEB_DT_v3.1.4\public\index.html [ array (
) ]
[2020-04-09T07:22:17+08:00][info] [ VIEW ] F:\GIT\CRMEB_DT_v3.1.4\public\index.html [ array (
) ]
[2020-04-09T07:22:18+08:00][info] [ VIEW ] F:\GIT\CRMEB_DT_v3.1.4\public\index.html [ array (
) ]
[2020-04-09T07:22:18+08:00][info] [ VIEW ] F:\GIT\CRMEB_DT_v3.1.4\public\index.html [ array (
) ]
[2020-04-09T07:22:30+08:00][sql] CONNECT:[ UseTime:0.011326s ] mysql:host=localhost;port=3306;dbname=crmeb2;charset=utf8
[2020-04-09T07:22:30+08:00][sql] SHOW FULL COLUMNS FROM `eb_system_admin` [ RunTime:0.000930s ]
[2020-04-09T07:22:30+08:00][sql] SELECT * FROM `eb_system_admin` WHERE  `id` = 1 LIMIT 1 [ RunTime:0.000874s ]
[2020-04-09T07:22:30+08:00][sql] SHOW FULL COLUMNS FROM `eb_system_menus` [ RunTime:0.003718s ]
[2020-04-09T07:22:30+08:00][sql] SELECT `module`,`controller`,`action`,`params` FROM `eb_system_menus` WHERE  ( `controller` <> '' OR `action` <> '' ) [ RunTime:0.000990s ]
[2020-04-09T07:22:30+08:00][sql] SELECT `menu_name` FROM `eb_system_menus` WHERE  `action` = 'index'  AND `controller` = 'setting.SystemConfig'  AND `module` = 'admin'  AND `params` = '[]'  AND ( params = '[]' OR params = '[]' ) ORDER BY `id` DESC LIMIT 1 [ RunTime:0.001193s ]
[2020-04-09T07:22:30+08:00][sql] SHOW FULL COLUMNS FROM `eb_system_log` [ RunTime:0.004513s ]
[2020-04-09T07:22:30+08:00][sql] INSERT INTO `eb_system_log` SET `method` = 'admin' , `admin_id` = 1 , `add_time` = 1586388150 , `admin_name` = 'admin' , `path` = 'admin/setting.systemconfig/index/' , `page` = '未知' , `ip` = '127.0.0.1' , `type` = 'system' [ RunTime:0.001380s ]
[2020-04-09T07:22:30+08:00][sql] SHOW FULL COLUMNS FROM `eb_system_config` [ RunTime:0.004967s ]
[2020-04-09T07:22:30+08:00][sql] SELECT * FROM `eb_system_config` WHERE  `config_tab_id` = 7  AND `status` = 1 ORDER BY `sort` DESC,`id` ASC [ RunTime:0.001005s ]
[2020-04-09T07:22:30+08:00][sql] SHOW FULL COLUMNS FROM `eb_system_config_tab` [ RunTime:0.003948s ]
[2020-04-09T07:22:30+08:00][sql] SELECT * FROM `eb_system_config_tab` WHERE  `status` = 1  AND `type` = 1 [ RunTime:0.000805s ]
[2020-04-09T07:22:30+08:00][sql] SELECT * FROM `eb_system_config` WHERE  `config_tab_id` = 2  AND `status` = 1 ORDER BY `sort` DESC,`id` ASC [ RunTime:0.000940s ]
[2020-04-09T07:22:30+08:00][sql] SELECT * FROM `eb_system_config` WHERE  `config_tab_id` = 7  AND `status` = 1 ORDER BY `sort` DESC,`id` ASC [ RunTime:0.001156s ]
[2020-04-09T07:22:30+08:00][info] [ VIEW ] F:\GIT\CRMEB_DT_v3.1.4\app\admin\view\setting\system_config\index.php [ array (
  0 => '_admin',
  1 => 'tab_id',
  2 => 'form',
  3 => 'config_tab',
  4 => 'list',
) ]
[2020-04-09T07:22:31+08:00][info] [ VIEW ] F:\GIT\CRMEB_DT_v3.1.4\public\index.html [ array (
) ]
[2020-04-09T07:22:31+08:00][info] [ VIEW ] F:\GIT\CRMEB_DT_v3.1.4\public\index.html [ array (
) ]
[2020-04-09T07:24:12+08:00][sql] CONNECT:[ UseTime:0.003185s ] mysql:host=localhost;port=3306;dbname=crmeb2;charset=utf8
[2020-04-09T07:24:12+08:00][sql] SHOW FULL COLUMNS FROM `eb_system_admin` [ RunTime:0.001125s ]
[2020-04-09T07:24:12+08:00][sql] SELECT * FROM `eb_system_admin` WHERE  `id` = 1 LIMIT 1 [ RunTime:0.000834s ]
[2020-04-09T07:24:12+08:00][sql] SHOW FULL COLUMNS FROM `eb_system_menus` [ RunTime:0.001151s ]
[2020-04-09T07:24:12+08:00][sql] SELECT `module`,`controller`,`action`,`params` FROM `eb_system_menus` WHERE  ( `controller` <> '' OR `action` <> '' ) [ RunTime:0.000901s ]
[2020-04-09T07:24:12+08:00][sql] SELECT `menu_name` FROM `eb_system_menus` WHERE  `action` = 'error'  AND `controller` = 'setting.SystemConfig'  AND `module` = 'admin'  AND `params` = '[]'  AND ( params = '[]' OR params = '[]' ) ORDER BY `id` DESC LIMIT 1 [ RunTime:0.001719s ]
[2020-04-09T07:24:12+08:00][sql] SHOW FULL COLUMNS FROM `eb_system_log` [ RunTime:0.004567s ]
[2020-04-09T07:24:12+08:00][sql] INSERT INTO `eb_system_log` SET `method` = 'admin' , `admin_id` = 1 , `add_time` = 1586388251 , `admin_name` = 'admin' , `path` = 'admin/setting.systemconfig/error/' , `page` = '未知' , `ip` = '127.0.0.1' , `type` = 'system' [ RunTime:0.001254s ]
[2020-04-09T07:36:42+08:00][info] [ VIEW ] F:\GIT\CRMEB_DT_v3.1.4\public\index.html [ array (
) ]
[2020-04-09T07:36:44+08:00][sql] CONNECT:[ UseTime:0.007153s ] mysql:host=localhost;port=3306;dbname=crmeb2;charset=utf8
[2020-04-09T07:36:44+08:00][sql] SHOW FULL COLUMNS FROM `eb_user_token` [ RunTime:0.001911s ]
[2020-04-09T07:36:44+08:00][sql] SELECT * FROM `eb_user_token` WHERE  `token` IS NULL LIMIT 1 [ RunTime:0.000641s ]
[2020-04-09T07:36:44+08:00][sql] SHOW FULL COLUMNS FROM `eb_system_config` [ RunTime:0.015325s ]
[2020-04-09T07:36:44+08:00][sql] SELECT * FROM `eb_system_config` WHERE  `menu_name` = 'cache_config' LIMIT 1 [ RunTime:0.000736s ]
[2020-04-09T07:36:44+08:00][sql] SELECT `menu_name`,`value` FROM `eb_system_config` [ RunTime:0.000664s ]
[2020-04-09T07:36:44+08:00][sql] SELECT * FROM `eb_system_config` WHERE  `menu_name` = 'cache_config' LIMIT 1 [ RunTime:0.000824s ]
[2020-04-09T07:36:44+08:00][sql] CONNECT:[ UseTime:0.006795s ] mysql:host=localhost;port=3306;dbname=crmeb2;charset=utf8
[2020-04-09T07:36:44+08:00][sql] SHOW FULL COLUMNS FROM `eb_user_token` [ RunTime:0.003044s ]
[2020-04-09T07:36:44+08:00][sql] SELECT * FROM `eb_user_token` WHERE  `token` IS NULL LIMIT 1 [ RunTime:0.000611s ]
[2020-04-09T07:36:44+08:00][sql] SHOW FULL COLUMNS FROM `eb_system_config` [ RunTime:0.016463s ]
[2020-04-09T07:36:44+08:00][sql] SELECT * FROM `eb_system_config` WHERE  `menu_name` = 'cache_config' LIMIT 1 [ RunTime:0.000886s ]
[2020-04-09T07:36:44+08:00][sql] SELECT * FROM `eb_system_config` WHERE  `menu_name` = 'cache_config' LIMIT 1 [ RunTime:0.000783s ]
[2020-04-09T07:36:44+08:00][sql] SELECT * FROM `eb_system_config` WHERE  `menu_name` = 'cache_config' LIMIT 1 [ RunTime:0.001042s ]
[2020-04-09T07:36:44+08:00][sql] SELECT * FROM `eb_system_config` WHERE  `menu_name` = 'cache_config' LIMIT 1 [ RunTime:0.000877s ]
[2020-04-09T07:36:44+08:00][sql] SELECT * FROM `eb_system_config` WHERE  `menu_name` = 'cache_config' LIMIT 1 [ RunTime:0.000906s ]
[2020-04-09T07:36:44+08:00][sql] SELECT * FROM `eb_system_config` WHERE  `menu_name` = 'cache_config' LIMIT 1 [ RunTime:0.000768s ]
[2020-04-09T07:36:44+08:00][sql] SELECT * FROM `eb_system_config` WHERE  `menu_name` = 'cache_config' LIMIT 1 [ RunTime:0.000969s ]
[2020-04-09T07:36:44+08:00][sql] SHOW FULL COLUMNS FROM `eb_store_category` [ RunTime:0.014472s ]
[2020-04-09T07:36:44+08:00][sql] SELECT `id`,`cate_name`,`pid`,`pic` FROM `eb_store_category` WHERE  `pid` > 0  AND `is_show` = 1 ORDER BY `sort` DESC LIMIT 10 [ RunTime:0.000836s ]
[2020-04-09T07:36:44+08:00][sql] SHOW FULL COLUMNS FROM `eb_store_product` [ RunTime:0.014899s ]
[2020-04-09T07:36:44+08:00][sql] SELECT id,image,store_name,cate_id,price,ot_price,IFNULL(sales,0) + IFNULL(ficti,0) as sales,unit_name FROM `eb_store_product` WHERE  `is_best` = 1  AND `is_del` = 0  AND `mer_id` = 0  AND `stock` > 0  AND `is_show` = 1 ORDER BY `sort` DESC,`id` DESC LIMIT 10 [ RunTime:0.001296s ]
[2020-04-09T07:36:44+08:00][sql] SELECT * FROM `eb_system_config` WHERE  `menu_name` = 'cache_config' LIMIT 1 [ RunTime:0.000821s ]
[2020-04-09T07:36:44+08:00][sql] SHOW FULL COLUMNS FROM `eb_user_level` [ RunTime:0.014465s ]
[2020-04-09T07:36:44+08:00][sql] SELECT `level_id`,`is_forever`,`valid_time`,`id`,`status`,`grade` FROM `eb_user_level` WHERE  `status` = 1  AND `is_del` = 0  AND `uid` = 0 ORDER BY `grade` DESC LIMIT 1 [ RunTime:0.000928s ]
[2020-04-09T07:36:44+08:00][sql] SHOW FULL COLUMNS FROM `eb_system_user_level` [ RunTime:0.014976s ]
[2020-04-09T07:36:44+08:00][sql] SELECT `discount` FROM `eb_system_user_level` WHERE  `is_show` = 1  AND `is_del` = 0 ORDER BY `grade` ASC LIMIT 1 [ RunTime:0.000806s ]
[2020-04-09T07:36:44+08:00][sql] SELECT id,image,store_name,cate_id,price,unit_name,IFNULL(sales,0) + IFNULL(ficti,0) as sales FROM `eb_store_product` WHERE  `is_new` = 1  AND `is_del` = 0  AND `mer_id` = 0  AND `stock` > 0  AND `is_show` = 1 ORDER BY `sort` DESC,`id` DESC LIMIT 10 [ RunTime:0.001201s ]
[2020-04-09T07:36:44+08:00][sql] SELECT * FROM `eb_system_config` WHERE  `menu_name` = 'cache_config' LIMIT 1 [ RunTime:0.000767s ]
[2020-04-09T07:36:44+08:00][sql] SELECT `level_id`,`is_forever`,`valid_time`,`id`,`status`,`grade` FROM `eb_user_level` WHERE  `status` = 1  AND `is_del` = 0  AND `uid` = 0 ORDER BY `grade` DESC LIMIT 1 [ RunTime:0.000881s ]
[2020-04-09T07:36:44+08:00][sql] SELECT `discount` FROM `eb_system_user_level` WHERE  `is_show` = 1  AND `is_del` = 0 ORDER BY `grade` ASC LIMIT 1 [ RunTime:0.000673s ]
[2020-04-09T07:36:44+08:00][sql] SELECT * FROM `eb_system_config` WHERE  `menu_name` = 'cache_config' LIMIT 1 [ RunTime:0.000743s ]
[2020-04-09T07:36:44+08:00][sql] SELECT `id`,`image`,`store_name`,`cate_id`,`price`,`ot_price`,`stock`,`unit_name` FROM `eb_store_product` WHERE  `is_benefit` = 1  AND `is_del` = 0  AND `mer_id` = 0  AND `stock` > 0  AND `is_show` = 1 ORDER BY `sort` DESC,`id` DESC LIMIT 3 [ RunTime:0.001086s ]
[2020-04-09T07:36:44+08:00][sql] SELECT * FROM `eb_system_config` WHERE  `menu_name` = 'cache_config' LIMIT 1 [ RunTime:0.000777s ]
[2020-04-09T07:36:44+08:00][sql] SELECT `id`,`image`,`store_name`,`cate_id`,`price`,`unit_name` FROM `eb_store_product` WHERE  `is_hot` = 1  AND `is_del` = 0  AND `mer_id` = 0  AND `stock` > 0  AND `is_show` = 1 ORDER BY `sort` DESC,`id` DESC LIMIT 3 [ RunTime:0.001036s ]
[2020-04-09T07:36:44+08:00][sql] SELECT * FROM `eb_system_config` WHERE  `menu_name` = 'cache_config' LIMIT 1 [ RunTime:0.000803s ]
[2020-04-09T07:36:44+08:00][sql] SELECT `level_id`,`is_forever`,`valid_time`,`id`,`status`,`grade` FROM `eb_user_level` WHERE  `status` = 1  AND `is_del` = 0  AND `uid` = 0 ORDER BY `grade` DESC LIMIT 1 [ RunTime:0.001062s ]
[2020-04-09T07:36:44+08:00][sql] SELECT `discount` FROM `eb_system_user_level` WHERE  `is_show` = 1  AND `is_del` = 0 ORDER BY `grade` ASC LIMIT 1 [ RunTime:0.000718s ]
[2020-04-09T07:36:44+08:00][sql] SHOW FULL COLUMNS FROM `eb_store_coupon_issue` [ RunTime:0.015620s ]
[2020-04-09T07:36:44+08:00][sql] SELECT `A`.*,`B`.`coupon_price`,`B`.`use_min_price` FROM `eb_store_coupon_issue` `A` INNER JOIN `eb_store_coupon` `B` ON `A`.`cid`=`B`.`id` WHERE  `A`.`status` = 1  AND (  (  `A`.`start_time` < 1586389004  AND `A`.`end_time` > 1586389004 ) OR (  `A`.`start_time` = 0  AND `A`.`end_time` = 0 ) )  AND `A`.`is_del` = 0  AND ( A.remain_count > 0 OR A.is_permanent = 1 ) ORDER BY `B`.`sort` DESC,`A`.`id` DESC LIMIT 3 [ RunTime:0.016260s ]
[2020-04-09T07:36:44+08:00][sql] SHOW FULL COLUMNS FROM `eb_wechat_user` [ RunTime:0.014550s ]
[2020-04-09T07:36:44+08:00][sql] SELECT `subscribe` FROM `eb_wechat_user` WHERE  `uid` = 0 LIMIT 1 [ RunTime:0.000601s ]
[2020-04-09T07:36:44+08:00][sql] SELECT * FROM `eb_system_config` WHERE  `menu_name` = 'cache_config' LIMIT 1 [ RunTime:0.000833s ]
[2020-04-09T07:43:09+08:00][sql] CONNECT:[ UseTime:0.010739s ] mysql:host=localhost;port=3306;dbname=crmeb2;charset=utf8
[2020-04-09T07:43:09+08:00][sql] SHOW FULL COLUMNS FROM `eb_system_admin` [ RunTime:0.001200s ]
[2020-04-09T07:43:09+08:00][sql] SELECT * FROM `eb_system_admin` WHERE  `id` = 1 LIMIT 1 [ RunTime:0.000706s ]
[2020-04-09T07:43:09+08:00][sql] SHOW FULL COLUMNS FROM `eb_system_menus` [ RunTime:0.000923s ]
[2020-04-09T07:43:09+08:00][sql] SELECT `module`,`controller`,`action`,`params` FROM `eb_system_menus` WHERE  ( `controller` <> '' OR `action` <> '' ) [ RunTime:0.001056s ]
[2020-04-09T07:43:09+08:00][sql] SELECT `menu_name` FROM `eb_system_menus` WHERE  `action` = 'error'  AND `controller` = 'setting.SystemConfig'  AND `module` = 'admin'  AND `params` = '[]'  AND ( params = '[]' OR params = '[]' ) ORDER BY `id` DESC LIMIT 1 [ RunTime:0.001351s ]
[2020-04-09T07:43:09+08:00][sql] SHOW FULL COLUMNS FROM `eb_system_log` [ RunTime:0.001001s ]
[2020-04-09T07:43:09+08:00][sql] INSERT INTO `eb_system_log` SET `method` = 'admin' , `admin_id` = 1 , `add_time` = 1586389389 , `admin_name` = 'admin' , `path` = 'admin/setting.systemconfig/error/' , `page` = '未知' , `ip` = '127.0.0.1' , `type` = 'system' [ RunTime:0.001612s ]
[2020-04-09T17:57:09+08:00][info] [ VIEW ] F:\GIT\CRMEB_DT_v3.1.4\public\index.html [ array (
) ]
[2020-04-09T17:57:11+08:00][sql] CONNECT:[ UseTime:0.002461s ] mysql:host=localhost;port=3306;dbname=crmeb2;charset=utf8
[2020-04-09T17:57:11+08:00][sql] SHOW FULL COLUMNS FROM `eb_user_token` [ RunTime:0.001550s ]
[2020-04-09T17:57:11+08:00][sql] SELECT * FROM `eb_user_token` WHERE  `token` IS NULL LIMIT 1 [ RunTime:0.000584s ]
[2020-04-09T17:57:11+08:00][sql] SHOW FULL COLUMNS FROM `eb_system_config` [ RunTime:0.002028s ]
[2020-04-09T17:57:11+08:00][sql] SELECT * FROM `eb_system_config` WHERE  `menu_name` = 'cache_config' LIMIT 1 [ RunTime:0.001097s ]
[2020-04-09T17:57:11+08:00][sql] SELECT * FROM `eb_system_config` WHERE  `menu_name` = 'cache_config' LIMIT 1 [ RunTime:0.000956s ]
[2020-04-09T17:57:12+08:00][sql] CONNECT:[ UseTime:0.012384s ] mysql:host=localhost;port=3306;dbname=crmeb2;charset=utf8
[2020-04-09T17:57:12+08:00][sql] SHOW FULL COLUMNS FROM `eb_user_token` [ RunTime:0.004505s ]
[2020-04-09T17:57:12+08:00][sql] SELECT * FROM `eb_user_token` WHERE  `token` IS NULL LIMIT 1 [ RunTime:0.000663s ]
[2020-04-09T17:57:12+08:00][sql] SHOW FULL COLUMNS FROM `eb_system_config` [ RunTime:0.001228s ]
[2020-04-09T17:57:12+08:00][sql] SELECT * FROM `eb_system_config` WHERE  `menu_name` = 'cache_config' LIMIT 1 [ RunTime:0.001398s ]
[2020-04-09T17:57:12+08:00][sql] SHOW FULL COLUMNS FROM `eb_system_group_data` [ RunTime:0.004571s ]
[2020-04-09T17:57:12+08:00][sql] SELECT `a`.*,`b`.`config_name` FROM `eb_system_group_data` `a` INNER JOIN `eb_system_group` `b` ON `a`.`gid`=`b`.`id` WHERE  `b`.`config_name` = 'routine_home_banner'  AND `a`.`status` = 1 ORDER BY `sort` DESC,`id` ASC [ RunTime:0.012598s ]
[2020-04-09T17:57:12+08:00][sql] SELECT * FROM `eb_system_config` WHERE  `menu_name` = 'cache_config' LIMIT 1 [ RunTime:0.000866s ]
[2020-04-09T17:57:12+08:00][sql] SELECT `a`.*,`b`.`config_name` FROM `eb_system_group_data` `a` INNER JOIN `eb_system_group` `b` ON `a`.`gid`=`b`.`id` WHERE  `b`.`config_name` = 'routine_home_menus'  AND `a`.`status` = 1 ORDER BY `sort` DESC,`id` ASC [ RunTime:0.000946s ]
[2020-04-09T17:57:12+08:00][sql] SELECT * FROM `eb_system_config` WHERE  `menu_name` = 'cache_config' LIMIT 1 [ RunTime:0.000915s ]
[2020-04-09T17:57:12+08:00][sql] SELECT `a`.*,`b`.`config_name` FROM `eb_system_group_data` `a` INNER JOIN `eb_system_group` `b` ON `a`.`gid`=`b`.`id` WHERE  `b`.`config_name` = 'routine_home_roll_news'  AND `a`.`status` = 1 ORDER BY `sort` DESC,`id` ASC [ RunTime:0.001248s ]
[2020-04-09T17:57:12+08:00][sql] SELECT * FROM `eb_system_config` WHERE  `menu_name` = 'cache_config' LIMIT 1 [ RunTime:0.000909s ]
[2020-04-09T17:57:12+08:00][sql] SELECT `a`.*,`b`.`config_name` FROM `eb_system_group_data` `a` INNER JOIN `eb_system_group` `b` ON `a`.`gid`=`b`.`id` WHERE  `b`.`config_name` = 'routine_home_activity'  AND `a`.`status` = 1 ORDER BY `sort` DESC,`id` ASC LIMIT 3 [ RunTime:0.001182s ]
[2020-04-09T17:57:12+08:00][sql] SELECT * FROM `eb_system_config` WHERE  `menu_name` = 'cache_config' LIMIT 1 [ RunTime:0.001002s ]
[2020-04-09T17:57:12+08:00][sql] SELECT * FROM `eb_system_config` WHERE  `menu_name` = 'cache_config' LIMIT 1 [ RunTime:0.000778s ]
[2020-04-09T17:57:12+08:00][sql] SELECT `a`.*,`b`.`config_name` FROM `eb_system_group_data` `a` INNER JOIN `eb_system_group` `b` ON `a`.`gid`=`b`.`id` WHERE  `b`.`config_name` = 'routine_index_page'  AND `a`.`status` = 1 ORDER BY `sort` DESC,`id` ASC [ RunTime:0.001281s ]
[2020-04-09T17:57:12+08:00][sql] SELECT * FROM `eb_system_config` WHERE  `menu_name` = 'cache_config' LIMIT 1 [ RunTime:0.000748s ]
[2020-04-09T17:57:12+08:00][sql] SHOW FULL COLUMNS FROM `eb_store_category` [ RunTime:0.004257s ]
[2020-04-09T17:57:12+08:00][sql] SELECT `id`,`cate_name`,`pid`,`pic` FROM `eb_store_category` WHERE  `pid` > 0  AND `is_show` = 1 ORDER BY `sort` DESC LIMIT 10 [ RunTime:0.001044s ]
[2020-04-09T17:57:12+08:00][sql] SHOW FULL COLUMNS FROM `eb_store_product` [ RunTime:0.005437s ]
[2020-04-09T17:57:12+08:00][sql] SELECT id,image,store_name,cate_id,price,ot_price,IFNULL(sales,0) + IFNULL(ficti,0) as sales,unit_name FROM `eb_store_product` WHERE  `is_best` = 1  AND `is_del` = 0  AND `mer_id` = 0  AND `stock` > 0  AND `is_show` = 1 ORDER BY `sort` DESC,`id` DESC LIMIT 10 [ RunTime:0.002352s ]
[2020-04-09T17:57:12+08:00][sql] SELECT * FROM `eb_system_config` WHERE  `menu_name` = 'cache_config' LIMIT 1 [ RunTime:0.000980s ]
[2020-04-09T17:57:12+08:00][sql] SHOW FULL COLUMNS FROM `eb_user_level` [ RunTime:0.004208s ]
[2020-04-09T17:57:12+08:00][sql] SELECT `level_id`,`is_forever`,`valid_time`,`id`,`status`,`grade` FROM `eb_user_level` WHERE  `status` = 1  AND `is_del` = 0  AND `uid` = 0 ORDER BY `grade` DESC LIMIT 1 [ RunTime:0.001033s ]
[2020-04-09T17:57:12+08:00][sql] SHOW FULL COLUMNS FROM `eb_system_user_level` [ RunTime:0.003955s ]
[2020-04-09T17:57:12+08:00][sql] SELECT `discount` FROM `eb_system_user_level` WHERE  `is_show` = 1  AND `is_del` = 0 ORDER BY `grade` ASC LIMIT 1 [ RunTime:0.000871s ]
[2020-04-09T17:57:12+08:00][sql] SELECT id,image,store_name,cate_id,price,unit_name,IFNULL(sales,0) + IFNULL(ficti,0) as sales FROM `eb_store_product` WHERE  `is_new` = 1  AND `is_del` = 0  AND `mer_id` = 0  AND `stock` > 0  AND `is_show` = 1 ORDER BY `sort` DESC,`id` DESC LIMIT 10 [ RunTime:0.001477s ]
[2020-04-09T17:57:12+08:00][sql] SELECT * FROM `eb_system_config` WHERE  `menu_name` = 'cache_config' LIMIT 1 [ RunTime:0.001677s ]
[2020-04-09T17:57:12+08:00][sql] SELECT `level_id`,`is_forever`,`valid_time`,`id`,`status`,`grade` FROM `eb_user_level` WHERE  `status` = 1  AND `is_del` = 0  AND `uid` = 0 ORDER BY `grade` DESC LIMIT 1 [ RunTime:0.001142s ]
[2020-04-09T17:57:12+08:00][sql] SELECT `discount` FROM `eb_system_user_level` WHERE  `is_show` = 1  AND `is_del` = 0 ORDER BY `grade` ASC LIMIT 1 [ RunTime:0.000937s ]
[2020-04-09T17:57:12+08:00][sql] SELECT * FROM `eb_system_config` WHERE  `menu_name` = 'cache_config' LIMIT 1 [ RunTime:0.000819s ]
[2020-04-09T17:57:12+08:00][sql] SELECT `a`.*,`b`.`config_name` FROM `eb_system_group_data` `a` INNER JOIN `eb_system_group` `b` ON `a`.`gid`=`b`.`id` WHERE  `b`.`config_name` = 'routine_home_bast_banner'  AND `a`.`status` = 1 ORDER BY `sort` DESC,`id` ASC [ RunTime:0.001699s ]
[2020-04-09T17:57:12+08:00][sql] SELECT `id`,`image`,`store_name`,`cate_id`,`price`,`ot_price`,`stock`,`unit_name` FROM `eb_store_product` WHERE  `is_benefit` = 1  AND `is_del` = 0  AND `mer_id` = 0  AND `stock` > 0  AND `is_show` = 1 ORDER BY `sort` DESC,`id` DESC LIMIT 3 [ RunTime:0.002503s ]
[2020-04-09T17:57:12+08:00][sql] SELECT * FROM `eb_system_config` WHERE  `menu_name` = 'cache_config' LIMIT 1 [ RunTime:0.001118s ]
[2020-04-09T17:57:12+08:00][sql] SELECT `a`.*,`b`.`config_name` FROM `eb_system_group_data` `a` INNER JOIN `eb_system_group` `b` ON `a`.`gid`=`b`.`id` WHERE  `b`.`config_name` = 'routine_home_new_banner'  AND `a`.`status` = 1 ORDER BY `sort` DESC,`id` ASC [ RunTime:0.001313s ]
[2020-04-09T17:57:12+08:00][sql] SELECT `id`,`image`,`store_name`,`cate_id`,`price`,`unit_name` FROM `eb_store_product` WHERE  `is_hot` = 1  AND `is_del` = 0  AND `mer_id` = 0  AND `stock` > 0  AND `is_show` = 1 ORDER BY `sort` DESC,`id` DESC LIMIT 3 [ RunTime:0.001306s ]
[2020-04-09T17:57:12+08:00][sql] SELECT * FROM `eb_system_config` WHERE  `menu_name` = 'cache_config' LIMIT 1 [ RunTime:0.000810s ]
[2020-04-09T17:57:12+08:00][sql] SELECT `level_id`,`is_forever`,`valid_time`,`id`,`status`,`grade` FROM `eb_user_level` WHERE  `status` = 1  AND `is_del` = 0  AND `uid` = 0 ORDER BY `grade` DESC LIMIT 1 [ RunTime:0.001051s ]
[2020-04-09T17:57:12+08:00][sql] SELECT `discount` FROM `eb_system_user_level` WHERE  `is_show` = 1  AND `is_del` = 0 ORDER BY `grade` ASC LIMIT 1 [ RunTime:0.001016s ]
[2020-04-09T17:57:12+08:00][sql] SHOW FULL COLUMNS FROM `eb_store_coupon_issue` [ RunTime:0.005049s ]
[2020-04-09T17:57:12+08:00][sql] SELECT `A`.*,`B`.`coupon_price`,`B`.`use_min_price` FROM `eb_store_coupon_issue` `A` INNER JOIN `eb_store_coupon` `B` ON `A`.`cid`=`B`.`id` WHERE  `A`.`status` = 1  AND (  (  `A`.`start_time` < 1586426232  AND `A`.`end_time` > 1586426232 ) OR (  `A`.`start_time` = 0  AND `A`.`end_time` = 0 ) )  AND `A`.`is_del` = 0  AND ( A.remain_count > 0 OR A.is_permanent = 1 ) ORDER BY `B`.`sort` DESC,`A`.`id` DESC LIMIT 3 [ RunTime:0.007205s ]
[2020-04-09T17:57:12+08:00][sql] SHOW FULL COLUMNS FROM `eb_wechat_user` [ RunTime:0.005186s ]
[2020-04-09T17:57:12+08:00][sql] SELECT `subscribe` FROM `eb_wechat_user` WHERE  `uid` = 0 LIMIT 1 [ RunTime:0.001034s ]
[2020-04-09T17:57:12+08:00][sql] SELECT * FROM `eb_system_config` WHERE  `menu_name` = 'cache_config' LIMIT 1 [ RunTime:0.001243s ]
[2020-04-09T17:57:19+08:00][info] [ VIEW ] F:\GIT\CRMEB_DT_v3.1.4\public\index.html [ array (
) ]
[2020-04-09T17:57:21+08:00][sql] CONNECT:[ UseTime:0.002106s ] mysql:host=localhost;port=3306;dbname=crmeb2;charset=utf8
[2020-04-09T17:57:21+08:00][sql] SHOW FULL COLUMNS FROM `eb_user_token` [ RunTime:0.001515s ]
[2020-04-09T17:57:21+08:00][sql] SELECT * FROM `eb_user_token` WHERE  `token` IS NULL LIMIT 1 [ RunTime:0.000448s ]
[2020-04-09T17:57:21+08:00][sql] SHOW FULL COLUMNS FROM `eb_system_config` [ RunTime:0.001007s ]
[2020-04-09T17:57:21+08:00][sql] SELECT * FROM `eb_system_config` WHERE  `menu_name` = 'cache_config' LIMIT 1 [ RunTime:0.001208s ]
[2020-04-09T17:57:21+08:00][sql] SELECT * FROM `eb_system_config` WHERE  `menu_name` = 'cache_config' LIMIT 1 [ RunTime:0.000781s ]
[2020-04-09T17:57:22+08:00][sql] CONNECT:[ UseTime:0.002431s ] mysql:host=localhost;port=3306;dbname=crmeb2;charset=utf8
[2020-04-09T17:57:22+08:00][sql] SHOW FULL COLUMNS FROM `eb_user_token` [ RunTime:0.001653s ]
[2020-04-09T17:57:22+08:00][sql] SELECT * FROM `eb_user_token` WHERE  `token` IS NULL LIMIT 1 [ RunTime:0.000493s ]
[2020-04-09T17:57:22+08:00][sql] SHOW FULL COLUMNS FROM `eb_system_config` [ RunTime:0.001365s ]
[2020-04-09T17:57:22+08:00][sql] SELECT * FROM `eb_system_config` WHERE  `menu_name` = 'cache_config' LIMIT 1 [ RunTime:0.001038s ]
[2020-04-09T17:57:22+08:00][sql] SELECT * FROM `eb_system_config` WHERE  `menu_name` = 'cache_config' LIMIT 1 [ RunTime:0.000929s ]
[2020-04-09T17:57:22+08:00][sql] SELECT * FROM `eb_system_config` WHERE  `menu_name` = 'cache_config' LIMIT 1 [ RunTime:0.000769s ]
[2020-04-09T17:57:22+08:00][sql] SELECT * FROM `eb_system_config` WHERE  `menu_name` = 'cache_config' LIMIT 1 [ RunTime:0.000950s ]
[2020-04-09T17:57:22+08:00][sql] SELECT * FROM `eb_system_config` WHERE  `menu_name` = 'cache_config' LIMIT 1 [ RunTime:0.000840s ]
[2020-04-09T17:57:22+08:00][sql] SELECT * FROM `eb_system_config` WHERE  `menu_name` = 'cache_config' LIMIT 1 [ RunTime:0.000822s ]
[2020-04-09T17:57:22+08:00][sql] SELECT * FROM `eb_system_config` WHERE  `menu_name` = 'cache_config' LIMIT 1 [ RunTime:0.000811s ]
[2020-04-09T17:57:22+08:00][sql] SHOW FULL COLUMNS FROM `eb_store_category` [ RunTime:0.004097s ]
[2020-04-09T17:57:22+08:00][sql] SELECT `id`,`cate_name`,`pid`,`pic` FROM `eb_store_category` WHERE  `pid` > 0  AND `is_show` = 1 ORDER BY `sort` DESC LIMIT 10 [ RunTime:0.001032s ]
[2020-04-09T17:57:22+08:00][sql] SHOW FULL COLUMNS FROM `eb_store_product` [ RunTime:0.005225s ]
[2020-04-09T17:57:22+08:00][sql] SELECT id,image,store_name,cate_id,price,ot_price,IFNULL(sales,0) + IFNULL(ficti,0) as sales,unit_name FROM `eb_store_product` WHERE  `is_best` = 1  AND `is_del` = 0  AND `mer_id` = 0  AND `stock` > 0  AND `is_show` = 1 ORDER BY `sort` DESC,`id` DESC LIMIT 10 [ RunTime:0.001384s ]
[2020-04-09T17:57:22+08:00][sql] SELECT * FROM `eb_system_config` WHERE  `menu_name` = 'cache_config' LIMIT 1 [ RunTime:0.000790s ]
[2020-04-09T17:57:22+08:00][sql] SHOW FULL COLUMNS FROM `eb_user_level` [ RunTime:0.003827s ]
[2020-04-09T17:57:22+08:00][sql] SELECT `level_id`,`is_forever`,`valid_time`,`id`,`status`,`grade` FROM `eb_user_level` WHERE  `status` = 1  AND `is_del` = 0  AND `uid` = 0 ORDER BY `grade` DESC LIMIT 1 [ RunTime:0.001063s ]
[2020-04-09T17:57:22+08:00][sql] SHOW FULL COLUMNS FROM `eb_system_user_level` [ RunTime:0.004314s ]
[2020-04-09T17:57:22+08:00][sql] SELECT `discount` FROM `eb_system_user_level` WHERE  `is_show` = 1  AND `is_del` = 0 ORDER BY `grade` ASC LIMIT 1 [ RunTime:0.000768s ]
[2020-04-09T17:57:22+08:00][sql] SELECT id,image,store_name,cate_id,price,unit_name,IFNULL(sales,0) + IFNULL(ficti,0) as sales FROM `eb_store_product` WHERE  `is_new` = 1  AND `is_del` = 0  AND `mer_id` = 0  AND `stock` > 0  AND `is_show` = 1 ORDER BY `sort` DESC,`id` DESC LIMIT 10 [ RunTime:0.002093s ]
[2020-04-09T17:57:22+08:00][sql] SELECT * FROM `eb_system_config` WHERE  `menu_name` = 'cache_config' LIMIT 1 [ RunTime:0.001029s ]
[2020-04-09T17:57:22+08:00][sql] SELECT `level_id`,`is_forever`,`valid_time`,`id`,`status`,`grade` FROM `eb_user_level` WHERE  `status` = 1  AND `is_del` = 0  AND `uid` = 0 ORDER BY `grade` DESC LIMIT 1 [ RunTime:0.001009s ]
[2020-04-09T17:57:22+08:00][sql] SELECT `discount` FROM `eb_system_user_level` WHERE  `is_show` = 1  AND `is_del` = 0 ORDER BY `grade` ASC LIMIT 1 [ RunTime:0.000865s ]
[2020-04-09T17:57:22+08:00][sql] SELECT * FROM `eb_system_config` WHERE  `menu_name` = 'cache_config' LIMIT 1 [ RunTime:0.000809s ]
[2020-04-09T17:57:22+08:00][sql] SELECT `id`,`image`,`store_name`,`cate_id`,`price`,`ot_price`,`stock`,`unit_name` FROM `eb_store_product` WHERE  `is_benefit` = 1  AND `is_del` = 0  AND `mer_id` = 0  AND `stock` > 0  AND `is_show` = 1 ORDER BY `sort` DESC,`id` DESC LIMIT 3 [ RunTime:0.001373s ]
[2020-04-09T17:57:22+08:00][sql] SELECT * FROM `eb_system_config` WHERE  `menu_name` = 'cache_config' LIMIT 1 [ RunTime:0.000816s ]
[2020-04-09T17:57:22+08:00][sql] SELECT `id`,`image`,`store_name`,`cate_id`,`price`,`unit_name` FROM `eb_store_product` WHERE  `is_hot` = 1  AND `is_del` = 0  AND `mer_id` = 0  AND `stock` > 0  AND `is_show` = 1 ORDER BY `sort` DESC,`id` DESC LIMIT 3 [ RunTime:0.001172s ]
[2020-04-09T17:57:22+08:00][sql] SELECT * FROM `eb_system_config` WHERE  `menu_name` = 'cache_config' LIMIT 1 [ RunTime:0.000749s ]
[2020-04-09T17:57:22+08:00][sql] SELECT `level_id`,`is_forever`,`valid_time`,`id`,`status`,`grade` FROM `eb_user_level` WHERE  `status` = 1  AND `is_del` = 0  AND `uid` = 0 ORDER BY `grade` DESC LIMIT 1 [ RunTime:0.000864s ]
[2020-04-09T17:57:22+08:00][sql] SELECT `discount` FROM `eb_system_user_level` WHERE  `is_show` = 1  AND `is_del` = 0 ORDER BY `grade` ASC LIMIT 1 [ RunTime:0.000923s ]
[2020-04-09T17:57:22+08:00][sql] SHOW FULL COLUMNS FROM `eb_store_coupon_issue` [ RunTime:0.003922s ]
[2020-04-09T17:57:22+08:00][sql] SELECT `A`.*,`B`.`coupon_price`,`B`.`use_min_price` FROM `eb_store_coupon_issue` `A` INNER JOIN `eb_store_coupon` `B` ON `A`.`cid`=`B`.`id` WHERE  `A`.`status` = 1  AND (  (  `A`.`start_time` < 1586426242  AND `A`.`end_time` > 1586426242 ) OR (  `A`.`start_time` = 0  AND `A`.`end_time` = 0 ) )  AND `A`.`is_del` = 0  AND ( A.remain_count > 0 OR A.is_permanent = 1 ) ORDER BY `B`.`sort` DESC,`A`.`id` DESC LIMIT 3 [ RunTime:0.004847s ]
[2020-04-09T17:57:22+08:00][sql] SHOW FULL COLUMNS FROM `eb_wechat_user` [ RunTime:0.004839s ]
[2020-04-09T17:57:22+08:00][sql] SELECT `subscribe` FROM `eb_wechat_user` WHERE  `uid` = 0 LIMIT 1 [ RunTime:0.000681s ]
[2020-04-09T17:57:22+08:00][sql] SELECT * FROM `eb_system_config` WHERE  `menu_name` = 'cache_config' LIMIT 1 [ RunTime:0.000906s ]
[2020-04-09T17:57:55+08:00][info] [ VIEW ] F:\GIT\CRMEB_DT_v3.1.4\app\admin\view\login\index.php [ array (
) ]
[2020-04-09T17:58:07+08:00][sql] CONNECT:[ UseTime:0.011032s ] mysql:host=localhost;port=3306;dbname=crmeb2;charset=utf8
[2020-04-09T17:58:07+08:00][sql] SHOW FULL COLUMNS FROM `eb_system_admin` [ RunTime:0.001343s ]
[2020-04-09T17:58:07+08:00][sql] SELECT * FROM `eb_system_admin` WHERE  `id` = 1 LIMIT 1 [ RunTime:0.001165s ]
[2020-04-09T17:58:07+08:00][sql] SHOW FULL COLUMNS FROM `eb_system_menus` [ RunTime:0.001138s ]
[2020-04-09T17:58:07+08:00][sql] SELECT `module`,`controller`,`action`,`params` FROM `eb_system_menus` WHERE  ( `controller` <> '' OR `action` <> '' ) [ RunTime:0.001611s ]
[2020-04-09T17:58:07+08:00][sql] SHOW FULL COLUMNS FROM `eb_system_config` [ RunTime:0.002158s ]
[2020-04-09T17:58:07+08:00][sql] SELECT * FROM `eb_system_config` WHERE  `menu_name` = 'site_logo' LIMIT 1 [ RunTime:0.001075s ]
[2020-04-09T17:58:07+08:00][sql] SELECT * FROM `eb_system_menus` WHERE  `is_show` = 1  AND `access` = 1 ORDER BY `sort` DESC [ RunTime:0.001511s ]
[2020-04-09T17:58:07+08:00][sql] SELECT * FROM `eb_system_config` WHERE  `menu_name` = 'cache_config' LIMIT 1 [ RunTime:0.001501s ]
[2020-04-09T17:58:07+08:00][sql] SHOW FULL COLUMNS FROM `eb_system_role` [ RunTime:0.005914s ]
[2020-04-09T17:58:07+08:00][sql] SELECT `role_name` FROM `eb_system_role` WHERE  `id` = 1 LIMIT 1 [ RunTime:0.001982s ]
[2020-04-09T17:58:07+08:00][info] [ VIEW ] F:\GIT\CRMEB_DT_v3.1.4\app\admin\view\index\index.php [ array (
  0 => '_admin',
  1 => 'menuList',
  2 => 'site_logo',
  3 => 'new_order_audio_link',
  4 => 'role_name',
  5 => 'workermanPort',
) ]
[2020-04-09T17:58:09+08:00][sql] CONNECT:[ UseTime:0.011897s ] mysql:host=localhost;port=3306;dbname=crmeb2;charset=utf8
[2020-04-09T17:58:09+08:00][sql] SHOW FULL COLUMNS FROM `eb_system_admin` [ RunTime:0.001596s ]
[2020-04-09T17:58:09+08:00][sql] SELECT * FROM `eb_system_admin` WHERE  `id` = 1 LIMIT 1 [ RunTime:0.000973s ]
[2020-04-09T17:58:09+08:00][sql] SHOW FULL COLUMNS FROM `eb_system_menus` [ RunTime:0.001237s ]
[2020-04-09T17:58:09+08:00][sql] SELECT `module`,`controller`,`action`,`params` FROM `eb_system_menus` WHERE  ( `controller` <> '' OR `action` <> '' ) [ RunTime:0.001142s ]
[2020-04-09T17:58:09+08:00][sql] SHOW FULL COLUMNS FROM `eb_store_order` [ RunTime:0.005046s ]
[2020-04-09T17:58:09+08:00][sql] SELECT COUNT(*) AS think_count FROM `eb_store_order` WHERE  `status` = 0  AND `paid` = 1  AND `refund_status` = 0 [ RunTime:0.001179s ]
[2020-04-09T17:58:09+08:00][sql] SELECT COUNT(*) AS think_count FROM `eb_store_order` WHERE  `paid` = 1  AND `refund_status` = 1 [ RunTime:0.000871s ]
[2020-04-09T17:58:09+08:00][sql] SHOW FULL COLUMNS FROM `eb_system_config` [ RunTime:0.001023s ]
[2020-04-09T17:58:09+08:00][sql] SELECT * FROM `eb_system_config` WHERE  `menu_name` = 'store_stock' LIMIT 1 [ RunTime:0.000905s ]
[2020-04-09T17:58:09+08:00][sql] SELECT * FROM `eb_system_config` WHERE  `menu_name` = 'store_stock' LIMIT 1 [ RunTime:0.000820s ]
[2020-04-09T17:58:09+08:00][sql] SHOW FULL COLUMNS FROM `eb_store_product` [ RunTime:0.004725s ]
[2020-04-09T17:58:09+08:00][sql] SELECT COUNT(*) AS think_count FROM `eb_store_product` WHERE  `stock` <= 2  AND `is_show` = 1  AND `is_del` = 0 [ RunTime:0.001277s ]
[2020-04-09T17:58:09+08:00][sql] SHOW FULL COLUMNS FROM `eb_user_extract` [ RunTime:0.004355s ]
[2020-04-09T17:58:09+08:00][sql] SELECT COUNT(*) AS think_count FROM `eb_user_extract` WHERE  `status` = 0 [ RunTime:0.000970s ]
[2020-04-09T17:58:09+08:00][sql] SELECT COUNT(*) AS think_count FROM `eb_store_order` WHERE  `paid` = 1  AND `pay_time` BETWEEN 1586275200 AND 1586361599 [ RunTime:0.000916s ]
[2020-04-09T17:58:09+08:00][sql] SELECT COUNT(*) AS think_count FROM `eb_store_order` WHERE  `paid` = 1  AND `pay_time` > 1586275200  AND `pay_time` < 1586361600 [ RunTime:0.000916s ]
[2020-04-09T17:58:09+08:00][sql] SELECT SUM(`pay_price`) AS think_sum FROM `eb_store_order` WHERE  `paid` = 1  AND `pay_time` BETWEEN 1586275200 AND 1586361599 [ RunTime:0.000832s ]
[2020-04-09T17:58:09+08:00][sql] SELECT SUM(`pay_price`) AS think_sum FROM `eb_store_order` WHERE  `paid` = 1  AND `pay_time` > 1586188800  AND `pay_time` < 1586275200 [ RunTime:0.000840s ]
[2020-04-09T17:58:09+08:00][sql] SELECT SUM(`pay_price`) AS think_sum FROM `eb_store_order` WHERE  `paid` = 1  AND `pay_time` BETWEEN 1585670400 AND 1588262399 [ RunTime:0.000891s ]
[2020-04-09T17:58:09+08:00][sql] SELECT sum(pay_price) FROM `eb_store_order` WHERE  `paid` = 1  AND `pay_time` > 1582992000  AND `pay_time` < 1585670400 LIMIT 1 [ RunTime:0.001047s ]
[2020-04-09T17:58:09+08:00][sql] SHOW FULL COLUMNS FROM `eb_user` [ RunTime:0.004706s ]
[2020-04-09T17:58:09+08:00][sql] SELECT COUNT(*) AS think_count FROM `eb_user` WHERE  `add_time` > 1586361600 [ RunTime:0.000668s ]
[2020-04-09T17:58:09+08:00][sql] SELECT COUNT(*) AS think_count FROM `eb_user` WHERE  `add_time` > 1586275200  AND `add_time` < 1586361600 [ RunTime:0.000753s ]
[2020-04-09T17:58:09+08:00][sql] SELECT COUNT(*) AS think_count FROM `eb_user` WHERE  `add_time` > 1585670400 [ RunTime:0.000619s ]
[2020-04-09T17:58:09+08:00][sql] SELECT COUNT(*) AS think_count FROM `eb_user` WHERE  `add_time` > 1582992000  AND `add_time` < 1585670400 [ RunTime:0.001161s ]
[2020-04-09T17:58:09+08:00][sql] SELECT COUNT(*) AS think_count FROM `eb_store_order` WHERE  `add_time` > 1585670400 [ RunTime:0.000755s ]
[2020-04-09T17:58:09+08:00][sql] SELECT COUNT(*) AS think_count FROM `eb_store_order` WHERE  `add_time` > 1582992000  AND `add_time` < 1585670400 [ RunTime:0.000762s ]
[2020-04-09T17:58:09+08:00][sql] SELECT COUNT(*) AS think_count FROM `eb_store_order` WHERE  `add_time` > 1582992000  AND `add_time` < 1585670400 [ RunTime:0.000828s ]
[2020-04-09T17:58:09+08:00][sql] SELECT COUNT(*) AS think_count FROM `eb_store_order` WHERE  `add_time` > 1580486400  AND `add_time` < 1582992000 [ RunTime:0.000777s ]
[2020-04-09T17:58:09+08:00][info] [ VIEW ] F:\GIT\CRMEB_DT_v3.1.4\app\admin\view\index\main.php [ array (
  0 => '_admin',
  1 => 'first_line',
  2 => 'second_line',
  3 => 'topData',
) ]
[2020-04-09T17:58:13+08:00][sql] CONNECT:[ UseTime:0.002219s ] mysql:host=localhost;port=3306;dbname=crmeb2;charset=utf8
[2020-04-09T17:58:13+08:00][sql] SHOW FULL COLUMNS FROM `eb_system_admin` [ RunTime:0.001111s ]
[2020-04-09T17:58:13+08:00][sql] SELECT * FROM `eb_system_admin` WHERE  `id` = 1 LIMIT 1 [ RunTime:0.000924s ]
[2020-04-09T17:58:13+08:00][sql] SHOW FULL COLUMNS FROM `eb_system_menus` [ RunTime:0.000944s ]
[2020-04-09T17:58:13+08:00][sql] SELECT `module`,`controller`,`action`,`params` FROM `eb_system_menus` WHERE  ( `controller` <> '' OR `action` <> '' ) [ RunTime:0.001039s ]
[2020-04-09T17:58:13+08:00][sql] SHOW FULL COLUMNS FROM `eb_store_order` [ RunTime:0.004054s ]
[2020-04-09T17:58:13+08:00][sql] SELECT FROM_UNIXTIME(add_time,'%m-%d') as day,count(*) as count,sum(pay_price) as price FROM `eb_store_order` WHERE  `add_time` BETWEEN 1583769600 AND 1586361600 GROUP BY FROM_UNIXTIME(add_time,'%Y%m%d') ORDER BY `add_time` ASC [ RunTime:0.001117s ]
[2020-04-09T17:58:13+08:00][sql] CONNECT:[ UseTime:0.002315s ] mysql:host=localhost;port=3306;dbname=crmeb2;charset=utf8
[2020-04-09T17:58:13+08:00][sql] SHOW FULL COLUMNS FROM `eb_system_admin` [ RunTime:0.027843s ]
[2020-04-09T17:58:13+08:00][sql] SELECT * FROM `eb_system_admin` WHERE  `id` = 1 LIMIT 1 [ RunTime:0.000716s ]
[2020-04-09T17:58:13+08:00][sql] SHOW FULL COLUMNS FROM `eb_system_menus` [ RunTime:0.000969s ]
[2020-04-09T17:58:13+08:00][sql] SELECT `module`,`controller`,`action`,`params` FROM `eb_system_menus` WHERE  ( `controller` <> '' OR `action` <> '' ) [ RunTime:0.001005s ]
[2020-04-09T17:58:13+08:00][sql] SHOW FULL COLUMNS FROM `eb_user` [ RunTime:0.001463s ]
[2020-04-09T17:58:13+08:00][sql] SELECT FROM_UNIXTIME(add_time,'%m-%e') as day,count(*) as count FROM `eb_user` WHERE  `add_time` BETWEEN 1583769600 AND 1586361600 GROUP BY FROM_UNIXTIME(add_time,'%Y%m%e') ORDER BY `add_time` ASC [ RunTime:0.000907s ]
[2020-04-09T17:58:13+08:00][sql] CONNECT:[ UseTime:0.011986s ] mysql:host=localhost;port=3306;dbname=crmeb2;charset=utf8
[2020-04-09T17:58:13+08:00][sql] SHOW FULL COLUMNS FROM `eb_system_admin` [ RunTime:0.001031s ]
[2020-04-09T17:58:13+08:00][sql] SELECT * FROM `eb_system_admin` WHERE  `id` = 1 LIMIT 1 [ RunTime:0.000677s ]
[2020-04-09T17:58:13+08:00][sql] SHOW FULL COLUMNS FROM `eb_system_menus` [ RunTime:0.001418s ]
[2020-04-09T17:58:13+08:00][sql] SELECT `module`,`controller`,`action`,`params` FROM `eb_system_menus` WHERE  ( `controller` <> '' OR `action` <> '' ) [ RunTime:0.001083s ]
[2020-04-09T17:58:13+08:00][sql] SHOW FULL COLUMNS FROM `eb_store_order` [ RunTime:0.001093s ]
[2020-04-09T17:58:13+08:00][sql] SELECT COUNT(*) AS think_count FROM `eb_store_order` WHERE  `paid` = 1  AND `status` = 0  AND `shipping_type` = 1  AND `refund_status` = 0  AND `is_del` = 0 [ RunTime:0.001547s ]
[2020-04-09T17:58:13+08:00][sql] SHOW FULL COLUMNS FROM `eb_system_config` [ RunTime:0.001480s ]
[2020-04-09T17:58:13+08:00][sql] SELECT * FROM `eb_system_config` WHERE  `menu_name` = 'store_stock' LIMIT 1 [ RunTime:0.001190s ]
[2020-04-09T17:58:13+08:00][sql] SELECT * FROM `eb_system_config` WHERE  `menu_name` = 'store_stock' LIMIT 1 [ RunTime:0.001303s ]
[2020-04-09T17:58:13+08:00][sql] SHOW FULL COLUMNS FROM `eb_store_product` [ RunTime:0.001263s ]
[2020-04-09T17:58:13+08:00][sql] SELECT COUNT(*) AS think_count FROM `eb_store_product` WHERE  `stock` <= 2  AND `is_show` = 1  AND `is_del` = 0 [ RunTime:0.001616s ]
[2020-04-09T17:58:13+08:00][sql] SHOW FULL COLUMNS FROM `eb_store_product_reply` [ RunTime:0.001136s ]
[2020-04-09T17:58:13+08:00][sql] SELECT COUNT(*) AS think_count FROM `eb_store_product_reply` WHERE  `is_reply` = 0 [ RunTime:0.000974s ]
[2020-04-09T17:58:13+08:00][sql] SHOW FULL COLUMNS FROM `eb_user_extract` [ RunTime:0.001110s ]
[2020-04-09T17:58:13+08:00][sql] SELECT COUNT(*) AS think_count FROM `eb_user_extract` WHERE  `status` = 0 [ RunTime:0.000700s ]
[2020-04-09T17:58:13+08:00][sql] SELECT `id`,`order_id` FROM `eb_store_order` WHERE  `paid` = 1  AND `status` = 0  AND `shipping_type` = 1  AND `refund_status` = 0  AND `is_del` = 0  AND `is_remind` = 0 [ RunTime:0.001445s ]
[2020-04-09T17:58:17+08:00][sql] CONNECT:[ UseTime:0.002073s ] mysql:host=localhost;port=3306;dbname=crmeb2;charset=utf8
[2020-04-09T17:58:17+08:00][sql] SHOW FULL COLUMNS FROM `eb_system_admin` [ RunTime:0.001120s ]
[2020-04-09T17:58:17+08:00][sql] SELECT * FROM `eb_system_admin` WHERE  `id` = 1 LIMIT 1 [ RunTime:0.000697s ]
[2020-04-09T17:58:17+08:00][sql] SHOW FULL COLUMNS FROM `eb_system_menus` [ RunTime:0.000941s ]
[2020-04-09T17:58:17+08:00][sql] SELECT `module`,`controller`,`action`,`params` FROM `eb_system_menus` WHERE  ( `controller` <> '' OR `action` <> '' ) [ RunTime:0.001173s ]
[2020-04-09T17:58:17+08:00][sql] SELECT `menu_name` FROM `eb_system_menus` WHERE  `action` = 'index'  AND `controller` = 'setting.SystemConfig'  AND `module` = 'admin'  AND `params` = '[]'  AND ( params = '[]' OR params = '[]' ) ORDER BY `id` DESC LIMIT 1 [ RunTime:0.001519s ]
[2020-04-09T17:58:17+08:00][sql] SHOW FULL COLUMNS FROM `eb_system_log` [ RunTime:0.004234s ]
[2020-04-09T17:58:17+08:00][sql] INSERT INTO `eb_system_log` SET `method` = 'admin' , `admin_id` = 1 , `add_time` = 1586426297 , `admin_name` = 'admin' , `path` = 'admin/setting.systemconfig/index/' , `page` = '未知' , `ip` = '127.0.0.1' , `type` = 'system' [ RunTime:0.001448s ]
[2020-04-09T17:58:17+08:00][sql] SHOW FULL COLUMNS FROM `eb_system_config` [ RunTime:0.001084s ]
[2020-04-09T17:58:17+08:00][sql] SELECT * FROM `eb_system_config` WHERE  `config_tab_id` = 1  AND `status` = 1 ORDER BY `sort` DESC,`id` ASC [ RunTime:0.001086s ]
[2020-04-09T17:58:17+08:00][sql] SHOW FULL COLUMNS FROM `eb_system_config_tab` [ RunTime:0.003690s ]
[2020-04-09T17:58:17+08:00][sql] SELECT * FROM `eb_system_config_tab` WHERE  `status` = 1  AND `type` = 0 [ RunTime:0.000922s ]
[2020-04-09T17:58:17+08:00][sql] SELECT * FROM `eb_system_config` WHERE  `config_tab_id` = 1  AND `status` = 1 ORDER BY `sort` DESC,`id` ASC [ RunTime:0.001357s ]
[2020-04-09T17:58:17+08:00][sql] SELECT * FROM `eb_system_config` WHERE  `config_tab_id` = 5  AND `status` = 1 ORDER BY `sort` DESC,`id` ASC [ RunTime:0.001706s ]
[2020-04-09T17:58:17+08:00][sql] SELECT * FROM `eb_system_config` WHERE  `config_tab_id` = 10  AND `status` = 1 ORDER BY `sort` DESC,`id` ASC [ RunTime:0.001186s ]
[2020-04-09T17:58:17+08:00][sql] SELECT * FROM `eb_system_config` WHERE  `config_tab_id` = 17  AND `status` = 1 ORDER BY `sort` DESC,`id` ASC [ RunTime:0.001294s ]
[2020-04-09T17:58:17+08:00][sql] SELECT * FROM `eb_system_config` WHERE  `config_tab_id` = 19  AND `status` = 1 ORDER BY `sort` DESC,`id` ASC [ RunTime:0.001204s ]
[2020-04-09T17:58:17+08:00][sql] SELECT * FROM `eb_system_config` WHERE  `config_tab_id` = 20  AND `status` = 1 ORDER BY `sort` DESC,`id` ASC [ RunTime:0.000970s ]
[2020-04-09T17:58:17+08:00][sql] SELECT * FROM `eb_system_config` WHERE  `config_tab_id` = 21  AND `status` = 1 ORDER BY `sort` DESC,`id` ASC [ RunTime:0.000980s ]
[2020-04-09T17:58:17+08:00][info] [ VIEW ] F:\GIT\CRMEB_DT_v3.1.4\app\admin\view\setting\system_config\index.php [ array (
  0 => '_admin',
  1 => 'tab_id',
  2 => 'form',
  3 => 'config_tab',
  4 => 'list',
) ]
[2020-04-09T17:58:23+08:00][sql] CONNECT:[ UseTime:0.002196s ] mysql:host=localhost;port=3306;dbname=crmeb2;charset=utf8
[2020-04-09T17:58:23+08:00][sql] SHOW FULL COLUMNS FROM `eb_system_admin` [ RunTime:0.001086s ]
[2020-04-09T17:58:23+08:00][sql] SELECT * FROM `eb_system_admin` WHERE  `id` = 1 LIMIT 1 [ RunTime:0.000680s ]
[2020-04-09T17:58:23+08:00][sql] SHOW FULL COLUMNS FROM `eb_system_menus` [ RunTime:0.000891s ]
[2020-04-09T17:58:23+08:00][sql] SELECT `module`,`controller`,`action`,`params` FROM `eb_system_menus` WHERE  ( `controller` <> '' OR `action` <> '' ) [ RunTime:0.000973s ]
[2020-04-09T17:58:23+08:00][sql] SELECT `menu_name` FROM `eb_system_menus` WHERE  `action` = 'index'  AND `controller` = 'setting.SystemConfig'  AND `module` = 'admin'  AND `params` = '[]'  AND ( params = '[]' OR params = '[]' ) ORDER BY `id` DESC LIMIT 1 [ RunTime:0.001934s ]
[2020-04-09T17:58:23+08:00][sql] SHOW FULL COLUMNS FROM `eb_system_log` [ RunTime:0.003855s ]
[2020-04-09T17:58:23+08:00][sql] INSERT INTO `eb_system_log` SET `method` = 'admin' , `admin_id` = 1 , `add_time` = 1586426302 , `admin_name` = 'admin' , `path` = 'admin/setting.systemconfig/index/' , `page` = '未知' , `ip` = '127.0.0.1' , `type` = 'system' [ RunTime:0.003430s ]
[2020-04-09T17:58:23+08:00][sql] SHOW FULL COLUMNS FROM `eb_system_config` [ RunTime:0.001362s ]
[2020-04-09T17:58:23+08:00][sql] SELECT * FROM `eb_system_config` WHERE  `config_tab_id` = 5  AND `status` = 1 ORDER BY `sort` DESC,`id` ASC [ RunTime:0.001156s ]
[2020-04-09T17:58:23+08:00][sql] SHOW FULL COLUMNS FROM `eb_system_config_tab` [ RunTime:0.003666s ]
[2020-04-09T17:58:23+08:00][sql] SELECT * FROM `eb_system_config_tab` WHERE  `status` = 1  AND `type` = 0 [ RunTime:0.001165s ]
[2020-04-09T17:58:23+08:00][sql] SELECT * FROM `eb_system_config` WHERE  `config_tab_id` = 1  AND `status` = 1 ORDER BY `sort` DESC,`id` ASC [ RunTime:0.001089s ]
[2020-04-09T17:58:23+08:00][sql] SELECT * FROM `eb_system_config` WHERE  `config_tab_id` = 5  AND `status` = 1 ORDER BY `sort` DESC,`id` ASC [ RunTime:0.000876s ]
[2020-04-09T17:58:23+08:00][sql] SELECT * FROM `eb_system_config` WHERE  `config_tab_id` = 10  AND `status` = 1 ORDER BY `sort` DESC,`id` ASC [ RunTime:0.001426s ]
[2020-04-09T17:58:23+08:00][sql] SELECT * FROM `eb_system_config` WHERE  `config_tab_id` = 17  AND `status` = 1 ORDER BY `sort` DESC,`id` ASC [ RunTime:0.001344s ]
[2020-04-09T17:58:23+08:00][sql] SELECT * FROM `eb_system_config` WHERE  `config_tab_id` = 19  AND `status` = 1 ORDER BY `sort` DESC,`id` ASC [ RunTime:0.001109s ]
[2020-04-09T17:58:23+08:00][sql] SELECT * FROM `eb_system_config` WHERE  `config_tab_id` = 20  AND `status` = 1 ORDER BY `sort` DESC,`id` ASC [ RunTime:0.000943s ]
[2020-04-09T17:58:23+08:00][sql] SELECT * FROM `eb_system_config` WHERE  `config_tab_id` = 21  AND `status` = 1 ORDER BY `sort` DESC,`id` ASC [ RunTime:0.000920s ]
[2020-04-09T17:58:23+08:00][info] [ VIEW ] F:\GIT\CRMEB_DT_v3.1.4\app\admin\view\setting\system_config\index.php [ array (
  0 => '_admin',
  1 => 'tab_id',
  2 => 'form',
  3 => 'config_tab',
  4 => 'list',
) ]
[2020-04-09T17:58:25+08:00][sql] CONNECT:[ UseTime:0.012254s ] mysql:host=localhost;port=3306;dbname=crmeb2;charset=utf8
[2020-04-09T17:58:25+08:00][sql] SHOW FULL COLUMNS FROM `eb_system_admin` [ RunTime:0.001046s ]
[2020-04-09T17:58:25+08:00][sql] SELECT * FROM `eb_system_admin` WHERE  `id` = 1 LIMIT 1 [ RunTime:0.000651s ]
[2020-04-09T17:58:25+08:00][sql] SHOW FULL COLUMNS FROM `eb_system_menus` [ RunTime:0.000963s ]
[2020-04-09T17:58:25+08:00][sql] SELECT `module`,`controller`,`action`,`params` FROM `eb_system_menus` WHERE  ( `controller` <> '' OR `action` <> '' ) [ RunTime:0.001117s ]
[2020-04-09T17:58:25+08:00][sql] SELECT `menu_name` FROM `eb_system_menus` WHERE  `action` = 'index'  AND `controller` = 'setting.SystemConfig'  AND `module` = 'admin'  AND `params` = '[]'  AND ( params = '[]' OR params = '[]' ) ORDER BY `id` DESC LIMIT 1 [ RunTime:0.001165s ]
[2020-04-09T17:58:25+08:00][sql] SHOW FULL COLUMNS FROM `eb_system_log` [ RunTime:0.000897s ]
[2020-04-09T17:58:25+08:00][sql] INSERT INTO `eb_system_log` SET `method` = 'admin' , `admin_id` = 1 , `add_time` = 1586426304 , `admin_name` = 'admin' , `path` = 'admin/setting.systemconfig/index/' , `page` = '未知' , `ip` = '127.0.0.1' , `type` = 'system' [ RunTime:0.001303s ]
[2020-04-09T17:58:25+08:00][sql] SHOW FULL COLUMNS FROM `eb_system_config` [ RunTime:0.001096s ]
[2020-04-09T17:58:25+08:00][sql] SELECT * FROM `eb_system_config` WHERE  `config_tab_id` = 5  AND `status` = 1 ORDER BY `sort` DESC,`id` ASC [ RunTime:0.001159s ]
[2020-04-09T17:58:25+08:00][sql] SHOW FULL COLUMNS FROM `eb_system_config_tab` [ RunTime:0.000999s ]
[2020-04-09T17:58:25+08:00][sql] SELECT * FROM `eb_system_config_tab` WHERE  `status` = 1  AND `type` = 0 [ RunTime:0.000769s ]
[2020-04-09T17:58:25+08:00][sql] SELECT * FROM `eb_system_config` WHERE  `config_tab_id` = 1  AND `status` = 1 ORDER BY `sort` DESC,`id` ASC [ RunTime:0.001101s ]
[2020-04-09T17:58:25+08:00][sql] SELECT * FROM `eb_system_config` WHERE  `config_tab_id` = 5  AND `status` = 1 ORDER BY `sort` DESC,`id` ASC [ RunTime:0.000846s ]
[2020-04-09T17:58:25+08:00][sql] SELECT * FROM `eb_system_config` WHERE  `config_tab_id` = 10  AND `status` = 1 ORDER BY `sort` DESC,`id` ASC [ RunTime:0.000912s ]
[2020-04-09T17:58:25+08:00][sql] SELECT * FROM `eb_system_config` WHERE  `config_tab_id` = 17  AND `status` = 1 ORDER BY `sort` DESC,`id` ASC [ RunTime:0.000952s ]
[2020-04-09T17:58:25+08:00][sql] SELECT * FROM `eb_system_config` WHERE  `config_tab_id` = 19  AND `status` = 1 ORDER BY `sort` DESC,`id` ASC [ RunTime:0.001021s ]
[2020-04-09T17:58:25+08:00][sql] SELECT * FROM `eb_system_config` WHERE  `config_tab_id` = 20  AND `status` = 1 ORDER BY `sort` DESC,`id` ASC [ RunTime:0.001229s ]
[2020-04-09T17:58:25+08:00][sql] SELECT * FROM `eb_system_config` WHERE  `config_tab_id` = 21  AND `status` = 1 ORDER BY `sort` DESC,`id` ASC [ RunTime:0.000997s ]
[2020-04-09T17:58:25+08:00][info] [ VIEW ] F:\GIT\CRMEB_DT_v3.1.4\app\admin\view\setting\system_config\index.php [ array (
  0 => '_admin',
  1 => 'tab_id',
  2 => 'form',
  3 => 'config_tab',
  4 => 'list',
) ]
[2020-04-09T17:58:29+08:00][sql] CONNECT:[ UseTime:0.012549s ] mysql:host=localhost;port=3306;dbname=crmeb2;charset=utf8
[2020-04-09T17:58:29+08:00][sql] SHOW FULL COLUMNS FROM `eb_system_admin` [ RunTime:0.004902s ]
[2020-04-09T17:58:29+08:00][sql] SELECT * FROM `eb_system_admin` WHERE  `id` = 1 LIMIT 1 [ RunTime:0.001047s ]
[2020-04-09T17:58:29+08:00][sql] SHOW FULL COLUMNS FROM `eb_system_menus` [ RunTime:0.004815s ]
[2020-04-09T17:58:29+08:00][sql] SELECT `module`,`controller`,`action`,`params` FROM `eb_system_menus` WHERE  ( `controller` <> '' OR `action` <> '' ) [ RunTime:0.001912s ]
[2020-04-09T17:58:29+08:00][sql] SELECT `menu_name` FROM `eb_system_menus` WHERE  `action` = 'index'  AND `controller` = 'setting.SystemConfig'  AND `module` = 'admin'  AND `params` = '[]'  AND ( params = '[]' OR params = '[]' ) ORDER BY `id` DESC LIMIT 1 [ RunTime:0.001465s ]
[2020-04-09T17:58:29+08:00][sql] SHOW FULL COLUMNS FROM `eb_system_log` [ RunTime:0.004188s ]
[2020-04-09T17:58:29+08:00][sql] INSERT INTO `eb_system_log` SET `method` = 'admin' , `admin_id` = 1 , `add_time` = 1586426309 , `admin_name` = 'admin' , `path` = 'admin/setting.systemconfig/index/' , `page` = '未知' , `ip` = '127.0.0.1' , `type` = 'system' [ RunTime:0.001637s ]
[2020-04-09T17:58:29+08:00][sql] SHOW FULL COLUMNS FROM `eb_system_config` [ RunTime:0.009038s ]
[2020-04-09T17:58:29+08:00][sql] SELECT * FROM `eb_system_config` WHERE  `config_tab_id` = 2  AND `status` = 1 ORDER BY `sort` DESC,`id` ASC [ RunTime:0.001102s ]
[2020-04-09T17:58:29+08:00][sql] SHOW FULL COLUMNS FROM `eb_system_config_tab` [ RunTime:0.004137s ]
[2020-04-09T17:58:29+08:00][sql] SELECT * FROM `eb_system_config_tab` WHERE  `status` = 1  AND `type` = 1 [ RunTime:0.000861s ]
[2020-04-09T17:58:29+08:00][sql] SELECT * FROM `eb_system_config` WHERE  `config_tab_id` = 2  AND `status` = 1 ORDER BY `sort` DESC,`id` ASC [ RunTime:0.000931s ]
[2020-04-09T17:58:29+08:00][sql] SELECT * FROM `eb_system_config` WHERE  `config_tab_id` = 7  AND `status` = 1 ORDER BY `sort` DESC,`id` ASC [ RunTime:0.000830s ]
[2020-04-09T17:58:29+08:00][info] [ VIEW ] F:\GIT\CRMEB_DT_v3.1.4\app\admin\view\setting\system_config\index.php [ array (
  0 => '_admin',
  1 => 'tab_id',
  2 => 'form',
  3 => 'config_tab',
  4 => 'list',
) ]
[2020-04-09T17:58:33+08:00][sql] CONNECT:[ UseTime:0.011636s ] mysql:host=localhost;port=3306;dbname=crmeb2;charset=utf8
[2020-04-09T17:58:33+08:00][sql] SHOW FULL COLUMNS FROM `eb_system_admin` [ RunTime:0.001204s ]
[2020-04-09T17:58:33+08:00][sql] SELECT * FROM `eb_system_admin` WHERE  `id` = 1 LIMIT 1 [ RunTime:0.000829s ]
[2020-04-09T17:58:33+08:00][sql] SHOW FULL COLUMNS FROM `eb_system_menus` [ RunTime:0.001147s ]
[2020-04-09T17:58:33+08:00][sql] SELECT `module`,`controller`,`action`,`params` FROM `eb_system_menus` WHERE  ( `controller` <> '' OR `action` <> '' ) [ RunTime:0.001112s ]
[2020-04-09T17:58:33+08:00][sql] SELECT `menu_name` FROM `eb_system_menus` WHERE  `action` = 'index'  AND `controller` = 'setting.SystemConfig'  AND `module` = 'admin'  AND `params` = '[]'  AND ( params = '[]' OR params = '[]' ) ORDER BY `id` DESC LIMIT 1 [ RunTime:0.001493s ]
[2020-04-09T17:58:33+08:00][sql] SHOW FULL COLUMNS FROM `eb_system_log` [ RunTime:0.000886s ]
[2020-04-09T17:58:33+08:00][sql] INSERT INTO `eb_system_log` SET `method` = 'admin' , `admin_id` = 1 , `add_time` = 1586426313 , `admin_name` = 'admin' , `path` = 'admin/setting.systemconfig/index/' , `page` = '未知' , `ip` = '127.0.0.1' , `type` = 'system' [ RunTime:0.001376s ]
[2020-04-09T17:58:33+08:00][sql] SHOW FULL COLUMNS FROM `eb_system_config` [ RunTime:0.004212s ]
[2020-04-09T17:58:33+08:00][sql] SELECT * FROM `eb_system_config` WHERE  `config_tab_id` = 7  AND `status` = 1 ORDER BY `sort` DESC,`id` ASC [ RunTime:0.000929s ]
[2020-04-09T17:58:33+08:00][sql] SHOW FULL COLUMNS FROM `eb_system_config_tab` [ RunTime:0.003654s ]
[2020-04-09T17:58:33+08:00][sql] SELECT * FROM `eb_system_config_tab` WHERE  `status` = 1  AND `type` = 1 [ RunTime:0.000729s ]
[2020-04-09T17:58:33+08:00][sql] SELECT * FROM `eb_system_config` WHERE  `config_tab_id` = 2  AND `status` = 1 ORDER BY `sort` DESC,`id` ASC [ RunTime:0.000860s ]
[2020-04-09T17:58:33+08:00][sql] SELECT * FROM `eb_system_config` WHERE  `config_tab_id` = 7  AND `status` = 1 ORDER BY `sort` DESC,`id` ASC [ RunTime:0.000822s ]
[2020-04-09T17:58:33+08:00][info] [ VIEW ] F:\GIT\CRMEB_DT_v3.1.4\app\admin\view\setting\system_config\index.php [ array (
  0 => '_admin',
  1 => 'tab_id',
  2 => 'form',
  3 => 'config_tab',
  4 => 'list',
) ]
