[2020-04-12T09:49:03+08:00][info] [ VIEW ] F:\GIT\CRMEB_DT_v3.1.4\public\index.html [ array (
) ]
[2020-04-12T09:49:05+08:00][sql] CONNECT:[ UseTime:0.010541s ] mysql:host=localhost;port=3306;dbname=crmeb2;charset=utf8
[2020-04-12T09:49:05+08:00][sql] SHOW FULL COLUMNS FROM `eb_user_token` [ RunTime:0.026324s ]
[2020-04-12T09:49:05+08:00][sql] SELECT * FROM `eb_user_token` WHERE  `token` IS NULL LIMIT 1 [ RunTime:0.000577s ]
[2020-04-12T09:49:05+08:00][sql] SHOW FULL COLUMNS FROM `eb_system_config` [ RunTime:0.030383s ]
[2020-04-12T09:49:05+08:00][sql] SELECT * FROM `eb_system_config` WHERE  `menu_name` = 'cache_config' LIMIT 1 [ RunTime:0.001024s ]
[2020-04-12T09:49:05+08:00][sql] SELECT `menu_name`,`value` FROM `eb_system_config` [ RunTime:0.000792s ]
[2020-04-12T09:49:05+08:00][sql] SELECT * FROM `eb_system_config` WHERE  `menu_name` = 'cache_config' LIMIT 1 [ RunTime:0.000786s ]
[2020-04-12T09:49:05+08:00][sql] SELECT `menu_name`,`value` FROM `eb_system_config` [ RunTime:0.000710s ]
[2020-04-12T09:49:06+08:00][sql] CONNECT:[ UseTime:0.012223s ] mysql:host=localhost;port=3306;dbname=crmeb2;charset=utf8
[2020-04-12T09:49:06+08:00][sql] SHOW FULL COLUMNS FROM `eb_user_token` [ RunTime:0.018884s ]
[2020-04-12T09:49:06+08:00][sql] SELECT * FROM `eb_user_token` WHERE  `token` IS NULL LIMIT 1 [ RunTime:0.000844s ]
[2020-04-12T09:49:06+08:00][sql] SHOW FULL COLUMNS FROM `eb_system_config` [ RunTime:0.030302s ]
[2020-04-12T09:49:06+08:00][sql] SELECT * FROM `eb_system_config` WHERE  `menu_name` = 'cache_config' LIMIT 1 [ RunTime:0.001228s ]
[2020-04-12T09:49:06+08:00][sql] SHOW FULL COLUMNS FROM `eb_system_group_data` [ RunTime:0.006666s ]
[2020-04-12T09:49:06+08:00][sql] SELECT `a`.*,`b`.`config_name` FROM `eb_system_group_data` `a` INNER JOIN `eb_system_group` `b` ON `a`.`gid`=`b`.`id` WHERE  `b`.`config_name` = 'routine_home_banner'  AND `a`.`status` = 1 ORDER BY `sort` DESC,`id` ASC [ RunTime:0.017777s ]
[2020-04-12T09:49:06+08:00][sql] SELECT * FROM `eb_system_config` WHERE  `menu_name` = 'cache_config' LIMIT 1 [ RunTime:0.000912s ]
[2020-04-12T09:49:06+08:00][sql] SELECT `a`.*,`b`.`config_name` FROM `eb_system_group_data` `a` INNER JOIN `eb_system_group` `b` ON `a`.`gid`=`b`.`id` WHERE  `b`.`config_name` = 'routine_home_menus'  AND `a`.`status` = 1 ORDER BY `sort` DESC,`id` ASC [ RunTime:0.001131s ]
[2020-04-12T09:49:06+08:00][sql] SELECT * FROM `eb_system_config` WHERE  `menu_name` = 'cache_config' LIMIT 1 [ RunTime:0.001088s ]
[2020-04-12T09:49:06+08:00][sql] SELECT `a`.*,`b`.`config_name` FROM `eb_system_group_data` `a` INNER JOIN `eb_system_group` `b` ON `a`.`gid`=`b`.`id` WHERE  `b`.`config_name` = 'routine_home_roll_news'  AND `a`.`status` = 1 ORDER BY `sort` DESC,`id` ASC [ RunTime:0.000880s ]
[2020-04-12T09:49:06+08:00][sql] SELECT * FROM `eb_system_config` WHERE  `menu_name` = 'cache_config' LIMIT 1 [ RunTime:0.000801s ]
[2020-04-12T09:49:06+08:00][sql] SELECT `a`.*,`b`.`config_name` FROM `eb_system_group_data` `a` INNER JOIN `eb_system_group` `b` ON `a`.`gid`=`b`.`id` WHERE  `b`.`config_name` = 'routine_home_activity'  AND `a`.`status` = 1 ORDER BY `sort` DESC,`id` ASC LIMIT 3 [ RunTime:0.001240s ]
[2020-04-12T09:49:06+08:00][sql] SELECT * FROM `eb_system_config` WHERE  `menu_name` = 'cache_config' LIMIT 1 [ RunTime:0.000970s ]
[2020-04-12T09:49:06+08:00][sql] SELECT `menu_name`,`value` FROM `eb_system_config` [ RunTime:0.000634s ]
[2020-04-12T09:49:06+08:00][sql] SELECT * FROM `eb_system_config` WHERE  `menu_name` = 'cache_config' LIMIT 1 [ RunTime:0.001053s ]
[2020-04-12T09:49:06+08:00][sql] SELECT `a`.*,`b`.`config_name` FROM `eb_system_group_data` `a` INNER JOIN `eb_system_group` `b` ON `a`.`gid`=`b`.`id` WHERE  `b`.`config_name` = 'routine_index_page'  AND `a`.`status` = 1 ORDER BY `sort` DESC,`id` ASC [ RunTime:0.001145s ]
[2020-04-12T09:49:06+08:00][sql] SELECT * FROM `eb_system_config` WHERE  `menu_name` = 'cache_config' LIMIT 1 [ RunTime:0.001066s ]
[2020-04-12T09:49:06+08:00][sql] SELECT `menu_name`,`value` FROM `eb_system_config` [ RunTime:0.000753s ]
[2020-04-12T09:49:06+08:00][sql] SHOW FULL COLUMNS FROM `eb_store_category` [ RunTime:0.040780s ]
[2020-04-12T09:49:06+08:00][sql] SELECT `id`,`cate_name`,`pid`,`pic` FROM `eb_store_category` WHERE  `pid` > 0  AND `is_show` = 1 ORDER BY `sort` DESC LIMIT 10 [ RunTime:0.002703s ]
[2020-04-12T09:49:06+08:00][sql] SHOW FULL COLUMNS FROM `eb_store_product` [ RunTime:0.011257s ]
[2020-04-12T09:49:06+08:00][sql] SELECT id,image,store_name,cate_id,price,ot_price,IFNULL(sales,0) + IFNULL(ficti,0) as sales,unit_name FROM `eb_store_product` WHERE  `is_best` = 1  AND `is_del` = 0  AND `mer_id` = 0  AND `stock` > 0  AND `is_show` = 1 ORDER BY `sort` DESC,`id` DESC LIMIT 10 [ RunTime:0.012156s ]
[2020-04-12T09:49:06+08:00][sql] SELECT * FROM `eb_system_config` WHERE  `menu_name` = 'cache_config' LIMIT 1 [ RunTime:0.000881s ]
[2020-04-12T09:49:06+08:00][sql] SELECT `menu_name`,`value` FROM `eb_system_config` [ RunTime:0.000611s ]
[2020-04-12T09:49:06+08:00][sql] SHOW FULL COLUMNS FROM `eb_user_level` [ RunTime:0.017893s ]
[2020-04-12T09:49:06+08:00][sql] SELECT `level_id`,`is_forever`,`valid_time`,`id`,`status`,`grade` FROM `eb_user_level` WHERE  `status` = 1  AND `is_del` = 0  AND `uid` = 0 ORDER BY `grade` DESC LIMIT 1 [ RunTime:0.000812s ]
[2020-04-12T09:49:06+08:00][sql] SHOW FULL COLUMNS FROM `eb_system_user_level` [ RunTime:0.016575s ]
[2020-04-12T09:49:06+08:00][sql] SELECT `discount` FROM `eb_system_user_level` WHERE  `is_show` = 1  AND `is_del` = 0 ORDER BY `grade` ASC LIMIT 1 [ RunTime:0.000841s ]
[2020-04-12T09:49:06+08:00][sql] SELECT id,image,store_name,cate_id,price,unit_name,IFNULL(sales,0) + IFNULL(ficti,0) as sales FROM `eb_store_product` WHERE  `is_new` = 1  AND `is_del` = 0  AND `mer_id` = 0  AND `stock` > 0  AND `is_show` = 1 ORDER BY `sort` DESC,`id` DESC LIMIT 10 [ RunTime:0.001430s ]
[2020-04-12T09:49:06+08:00][sql] SELECT * FROM `eb_system_config` WHERE  `menu_name` = 'cache_config' LIMIT 1 [ RunTime:0.001057s ]
[2020-04-12T09:49:06+08:00][sql] SELECT `menu_name`,`value` FROM `eb_system_config` [ RunTime:0.000647s ]
[2020-04-12T09:49:06+08:00][sql] SELECT `level_id`,`is_forever`,`valid_time`,`id`,`status`,`grade` FROM `eb_user_level` WHERE  `status` = 1  AND `is_del` = 0  AND `uid` = 0 ORDER BY `grade` DESC LIMIT 1 [ RunTime:0.000957s ]
[2020-04-12T09:49:06+08:00][sql] SELECT `discount` FROM `eb_system_user_level` WHERE  `is_show` = 1  AND `is_del` = 0 ORDER BY `grade` ASC LIMIT 1 [ RunTime:0.000749s ]
[2020-04-12T09:49:06+08:00][sql] SELECT * FROM `eb_system_config` WHERE  `menu_name` = 'cache_config' LIMIT 1 [ RunTime:0.000772s ]
[2020-04-12T09:49:06+08:00][sql] SELECT `a`.*,`b`.`config_name` FROM `eb_system_group_data` `a` INNER JOIN `eb_system_group` `b` ON `a`.`gid`=`b`.`id` WHERE  `b`.`config_name` = 'routine_home_bast_banner'  AND `a`.`status` = 1 ORDER BY `sort` DESC,`id` ASC [ RunTime:0.000891s ]
[2020-04-12T09:49:06+08:00][sql] SELECT `id`,`image`,`store_name`,`cate_id`,`price`,`ot_price`,`stock`,`unit_name` FROM `eb_store_product` WHERE  `is_benefit` = 1  AND `is_del` = 0  AND `mer_id` = 0  AND `stock` > 0  AND `is_show` = 1 ORDER BY `sort` DESC,`id` DESC LIMIT 3 [ RunTime:0.001926s ]
[2020-04-12T09:49:06+08:00][sql] SELECT * FROM `eb_system_config` WHERE  `menu_name` = 'cache_config' LIMIT 1 [ RunTime:0.001397s ]
[2020-04-12T09:49:06+08:00][sql] SELECT `a`.*,`b`.`config_name` FROM `eb_system_group_data` `a` INNER JOIN `eb_system_group` `b` ON `a`.`gid`=`b`.`id` WHERE  `b`.`config_name` = 'routine_home_new_banner'  AND `a`.`status` = 1 ORDER BY `sort` DESC,`id` ASC [ RunTime:0.001135s ]
[2020-04-12T09:49:06+08:00][sql] SELECT `id`,`image`,`store_name`,`cate_id`,`price`,`unit_name` FROM `eb_store_product` WHERE  `is_hot` = 1  AND `is_del` = 0  AND `mer_id` = 0  AND `stock` > 0  AND `is_show` = 1 ORDER BY `sort` DESC,`id` DESC LIMIT 3 [ RunTime:0.002149s ]
[2020-04-12T09:49:06+08:00][sql] SELECT * FROM `eb_system_config` WHERE  `menu_name` = 'cache_config' LIMIT 1 [ RunTime:0.000914s ]
[2020-04-12T09:49:06+08:00][sql] SELECT `menu_name`,`value` FROM `eb_system_config` [ RunTime:0.000825s ]
[2020-04-12T09:49:06+08:00][sql] SELECT `level_id`,`is_forever`,`valid_time`,`id`,`status`,`grade` FROM `eb_user_level` WHERE  `status` = 1  AND `is_del` = 0  AND `uid` = 0 ORDER BY `grade` DESC LIMIT 1 [ RunTime:0.001315s ]
[2020-04-12T09:49:06+08:00][sql] SELECT `discount` FROM `eb_system_user_level` WHERE  `is_show` = 1  AND `is_del` = 0 ORDER BY `grade` ASC LIMIT 1 [ RunTime:0.000748s ]
[2020-04-12T09:49:06+08:00][sql] SHOW FULL COLUMNS FROM `eb_store_coupon_issue` [ RunTime:0.005869s ]
[2020-04-12T09:49:06+08:00][sql] SELECT `A`.*,`B`.`coupon_price`,`B`.`use_min_price` FROM `eb_store_coupon_issue` `A` INNER JOIN `eb_store_coupon` `B` ON `A`.`cid`=`B`.`id` WHERE  `A`.`status` = 1  AND (  (  `A`.`start_time` < 1586656146  AND `A`.`end_time` > 1586656146 ) OR (  `A`.`start_time` = 0  AND `A`.`end_time` = 0 ) )  AND `A`.`is_del` = 0  AND ( A.remain_count > 0 OR A.is_permanent = 1 ) ORDER BY `B`.`sort` DESC,`A`.`id` DESC LIMIT 3 [ RunTime:0.006558s ]
[2020-04-12T09:49:06+08:00][sql] SHOW FULL COLUMNS FROM `eb_wechat_user` [ RunTime:0.051299s ]
[2020-04-12T09:49:06+08:00][sql] SELECT `subscribe` FROM `eb_wechat_user` WHERE  `uid` = 0 LIMIT 1 [ RunTime:0.001336s ]
[2020-04-12T09:49:06+08:00][sql] SELECT * FROM `eb_system_config` WHERE  `menu_name` = 'cache_config' LIMIT 1 [ RunTime:0.000741s ]
[2020-04-12T09:49:06+08:00][sql] SELECT `menu_name`,`value` FROM `eb_system_config` [ RunTime:0.000641s ]
[2020-04-12T09:51:34+08:00][info] [ VIEW ] F:\GIT\CRMEB_DT_v3.1.4\public\index.html [ array (
) ]
[2020-04-12T09:51:36+08:00][sql] CONNECT:[ UseTime:0.003330s ] mysql:host=localhost;port=3306;dbname=crmeb2;charset=utf8
[2020-04-12T09:51:36+08:00][sql] SHOW FULL COLUMNS FROM `eb_user_token` [ RunTime:0.001587s ]
[2020-04-12T09:51:36+08:00][sql] SELECT * FROM `eb_user_token` WHERE  `token` IS NULL LIMIT 1 [ RunTime:0.001008s ]
[2020-04-12T09:51:36+08:00][sql] SHOW FULL COLUMNS FROM `eb_system_config` [ RunTime:0.004903s ]
[2020-04-12T09:51:36+08:00][sql] SELECT * FROM `eb_system_config` WHERE  `menu_name` = 'cache_config' LIMIT 1 [ RunTime:0.001288s ]
[2020-04-12T09:51:36+08:00][sql] SELECT `menu_name`,`value` FROM `eb_system_config` [ RunTime:0.000787s ]
[2020-04-12T09:51:36+08:00][sql] SELECT * FROM `eb_system_config` WHERE  `menu_name` = 'cache_config' LIMIT 1 [ RunTime:0.000974s ]
[2020-04-12T09:51:36+08:00][sql] SELECT `menu_name`,`value` FROM `eb_system_config` [ RunTime:0.000601s ]
[2020-04-12T09:51:36+08:00][sql] CONNECT:[ UseTime:0.008005s ] mysql:host=localhost;port=3306;dbname=crmeb2;charset=utf8
[2020-04-12T09:51:36+08:00][sql] SHOW FULL COLUMNS FROM `eb_user_token` [ RunTime:0.002015s ]
[2020-04-12T09:51:36+08:00][sql] SELECT * FROM `eb_user_token` WHERE  `token` IS NULL LIMIT 1 [ RunTime:0.000926s ]
[2020-04-12T09:51:36+08:00][sql] SHOW FULL COLUMNS FROM `eb_system_config` [ RunTime:0.005493s ]
[2020-04-12T09:51:36+08:00][sql] SELECT * FROM `eb_system_config` WHERE  `menu_name` = 'cache_config' LIMIT 1 [ RunTime:0.000815s ]
[2020-04-12T09:51:36+08:00][sql] SELECT * FROM `eb_system_config` WHERE  `menu_name` = 'cache_config' LIMIT 1 [ RunTime:0.000968s ]
[2020-04-12T09:51:36+08:00][sql] SELECT * FROM `eb_system_config` WHERE  `menu_name` = 'cache_config' LIMIT 1 [ RunTime:0.001185s ]
[2020-04-12T09:51:36+08:00][sql] SELECT * FROM `eb_system_config` WHERE  `menu_name` = 'cache_config' LIMIT 1 [ RunTime:0.001198s ]
[2020-04-12T09:51:36+08:00][sql] SELECT * FROM `eb_system_config` WHERE  `menu_name` = 'cache_config' LIMIT 1 [ RunTime:0.001035s ]
[2020-04-12T09:51:36+08:00][sql] SELECT `menu_name`,`value` FROM `eb_system_config` [ RunTime:0.000748s ]
[2020-04-12T09:51:36+08:00][sql] SELECT * FROM `eb_system_config` WHERE  `menu_name` = 'cache_config' LIMIT 1 [ RunTime:0.001181s ]
[2020-04-12T09:51:36+08:00][sql] SELECT * FROM `eb_system_config` WHERE  `menu_name` = 'cache_config' LIMIT 1 [ RunTime:0.000914s ]
[2020-04-12T09:51:36+08:00][sql] SELECT `menu_name`,`value` FROM `eb_system_config` [ RunTime:0.000753s ]
[2020-04-12T09:51:36+08:00][sql] SHOW FULL COLUMNS FROM `eb_store_category` [ RunTime:0.004011s ]
[2020-04-12T09:51:36+08:00][sql] SELECT `id`,`cate_name`,`pid`,`pic` FROM `eb_store_category` WHERE  `pid` > 0  AND `is_show` = 1 ORDER BY `sort` DESC LIMIT 10 [ RunTime:0.000818s ]
[2020-04-12T09:51:36+08:00][sql] SHOW FULL COLUMNS FROM `eb_store_product` [ RunTime:0.004574s ]
[2020-04-12T09:51:36+08:00][sql] SELECT id,image,store_name,cate_id,price,ot_price,IFNULL(sales,0) + IFNULL(ficti,0) as sales,unit_name FROM `eb_store_product` WHERE  `is_best` = 1  AND `is_del` = 0  AND `mer_id` = 0  AND `stock` > 0  AND `is_show` = 1 ORDER BY `sort` DESC,`id` DESC LIMIT 10 [ RunTime:0.001240s ]
[2020-04-12T09:51:36+08:00][sql] SELECT * FROM `eb_system_config` WHERE  `menu_name` = 'cache_config' LIMIT 1 [ RunTime:0.001000s ]
[2020-04-12T09:51:36+08:00][sql] SELECT `menu_name`,`value` FROM `eb_system_config` [ RunTime:0.000694s ]
[2020-04-12T09:51:36+08:00][sql] SHOW FULL COLUMNS FROM `eb_user_level` [ RunTime:0.003905s ]
[2020-04-12T09:51:36+08:00][sql] SELECT `level_id`,`is_forever`,`valid_time`,`id`,`status`,`grade` FROM `eb_user_level` WHERE  `status` = 1  AND `is_del` = 0  AND `uid` = 0 ORDER BY `grade` DESC LIMIT 1 [ RunTime:0.000871s ]
[2020-04-12T09:51:36+08:00][sql] SHOW FULL COLUMNS FROM `eb_system_user_level` [ RunTime:0.003859s ]
[2020-04-12T09:51:36+08:00][sql] SELECT `discount` FROM `eb_system_user_level` WHERE  `is_show` = 1  AND `is_del` = 0 ORDER BY `grade` ASC LIMIT 1 [ RunTime:0.000928s ]
[2020-04-12T09:51:36+08:00][sql] SELECT id,image,store_name,cate_id,price,unit_name,IFNULL(sales,0) + IFNULL(ficti,0) as sales FROM `eb_store_product` WHERE  `is_new` = 1  AND `is_del` = 0  AND `mer_id` = 0  AND `stock` > 0  AND `is_show` = 1 ORDER BY `sort` DESC,`id` DESC LIMIT 10 [ RunTime:0.001239s ]
[2020-04-12T09:51:36+08:00][sql] SELECT * FROM `eb_system_config` WHERE  `menu_name` = 'cache_config' LIMIT 1 [ RunTime:0.000867s ]
[2020-04-12T09:51:36+08:00][sql] SELECT `menu_name`,`value` FROM `eb_system_config` [ RunTime:0.000705s ]
[2020-04-12T09:51:36+08:00][sql] SELECT `level_id`,`is_forever`,`valid_time`,`id`,`status`,`grade` FROM `eb_user_level` WHERE  `status` = 1  AND `is_del` = 0  AND `uid` = 0 ORDER BY `grade` DESC LIMIT 1 [ RunTime:0.001111s ]
[2020-04-12T09:51:36+08:00][sql] SELECT `discount` FROM `eb_system_user_level` WHERE  `is_show` = 1  AND `is_del` = 0 ORDER BY `grade` ASC LIMIT 1 [ RunTime:0.001111s ]
[2020-04-12T09:51:36+08:00][sql] SELECT * FROM `eb_system_config` WHERE  `menu_name` = 'cache_config' LIMIT 1 [ RunTime:0.000895s ]
[2020-04-12T09:51:36+08:00][sql] SELECT `id`,`image`,`store_name`,`cate_id`,`price`,`ot_price`,`stock`,`unit_name` FROM `eb_store_product` WHERE  `is_benefit` = 1  AND `is_del` = 0  AND `mer_id` = 0  AND `stock` > 0  AND `is_show` = 1 ORDER BY `sort` DESC,`id` DESC LIMIT 3 [ RunTime:0.001537s ]
[2020-04-12T09:51:36+08:00][sql] SELECT * FROM `eb_system_config` WHERE  `menu_name` = 'cache_config' LIMIT 1 [ RunTime:0.000885s ]
[2020-04-12T09:51:36+08:00][sql] SELECT `id`,`image`,`store_name`,`cate_id`,`price`,`unit_name` FROM `eb_store_product` WHERE  `is_hot` = 1  AND `is_del` = 0  AND `mer_id` = 0  AND `stock` > 0  AND `is_show` = 1 ORDER BY `sort` DESC,`id` DESC LIMIT 3 [ RunTime:0.001412s ]
[2020-04-12T09:51:36+08:00][sql] SELECT * FROM `eb_system_config` WHERE  `menu_name` = 'cache_config' LIMIT 1 [ RunTime:0.000791s ]
[2020-04-12T09:51:36+08:00][sql] SELECT `menu_name`,`value` FROM `eb_system_config` [ RunTime:0.000662s ]
[2020-04-12T09:51:36+08:00][sql] SELECT `level_id`,`is_forever`,`valid_time`,`id`,`status`,`grade` FROM `eb_user_level` WHERE  `status` = 1  AND `is_del` = 0  AND `uid` = 0 ORDER BY `grade` DESC LIMIT 1 [ RunTime:0.001047s ]
[2020-04-12T09:51:36+08:00][sql] SELECT `discount` FROM `eb_system_user_level` WHERE  `is_show` = 1  AND `is_del` = 0 ORDER BY `grade` ASC LIMIT 1 [ RunTime:0.000762s ]
[2020-04-12T09:51:36+08:00][sql] SHOW FULL COLUMNS FROM `eb_store_coupon_issue` [ RunTime:0.004673s ]
[2020-04-12T09:51:36+08:00][sql] SELECT `A`.*,`B`.`coupon_price`,`B`.`use_min_price` FROM `eb_store_coupon_issue` `A` INNER JOIN `eb_store_coupon` `B` ON `A`.`cid`=`B`.`id` WHERE  `A`.`status` = 1  AND (  (  `A`.`start_time` < 1586656296  AND `A`.`end_time` > 1586656296 ) OR (  `A`.`start_time` = 0  AND `A`.`end_time` = 0 ) )  AND `A`.`is_del` = 0  AND ( A.remain_count > 0 OR A.is_permanent = 1 ) ORDER BY `B`.`sort` DESC,`A`.`id` DESC LIMIT 3 [ RunTime:0.004678s ]
[2020-04-12T09:51:36+08:00][sql] SHOW FULL COLUMNS FROM `eb_wechat_user` [ RunTime:0.004250s ]
[2020-04-12T09:51:36+08:00][sql] SELECT `subscribe` FROM `eb_wechat_user` WHERE  `uid` = 0 LIMIT 1 [ RunTime:0.001197s ]
[2020-04-12T09:51:36+08:00][sql] SELECT * FROM `eb_system_config` WHERE  `menu_name` = 'cache_config' LIMIT 1 [ RunTime:0.000785s ]
[2020-04-12T09:51:36+08:00][sql] SELECT `menu_name`,`value` FROM `eb_system_config` [ RunTime:0.000554s ]
[2020-04-12T09:51:45+08:00][info] [ VIEW ] F:\GIT\CRMEB_DT_v3.1.4\public\index.html [ array (
) ]
[2020-04-12T09:51:47+08:00][sql] CONNECT:[ UseTime:0.012145s ] mysql:host=localhost;port=3306;dbname=crmeb2;charset=utf8
[2020-04-12T09:51:47+08:00][sql] SHOW FULL COLUMNS FROM `eb_user_token` [ RunTime:0.001532s ]
[2020-04-12T09:51:47+08:00][sql] SELECT * FROM `eb_user_token` WHERE  `token` IS NULL LIMIT 1 [ RunTime:0.000626s ]
[2020-04-12T09:51:47+08:00][sql] SHOW FULL COLUMNS FROM `eb_system_config` [ RunTime:0.004262s ]
[2020-04-12T09:51:47+08:00][sql] SELECT * FROM `eb_system_config` WHERE  `menu_name` = 'cache_config' LIMIT 1 [ RunTime:0.000989s ]
[2020-04-12T09:51:47+08:00][sql] SELECT `menu_name`,`value` FROM `eb_system_config` [ RunTime:0.000933s ]
[2020-04-12T09:51:47+08:00][sql] SELECT * FROM `eb_system_config` WHERE  `menu_name` = 'cache_config' LIMIT 1 [ RunTime:0.000767s ]
[2020-04-12T09:51:47+08:00][sql] SELECT `menu_name`,`value` FROM `eb_system_config` [ RunTime:0.000880s ]
[2020-04-12T09:51:48+08:00][sql] CONNECT:[ UseTime:0.002649s ] mysql:host=localhost;port=3306;dbname=crmeb2;charset=utf8
[2020-04-12T09:51:48+08:00][sql] SHOW FULL COLUMNS FROM `eb_user_token` [ RunTime:0.001327s ]
[2020-04-12T09:51:48+08:00][sql] SELECT * FROM `eb_user_token` WHERE  `token` IS NULL LIMIT 1 [ RunTime:0.000504s ]
[2020-04-12T09:51:48+08:00][sql] SHOW FULL COLUMNS FROM `eb_system_config` [ RunTime:0.004160s ]
[2020-04-12T09:51:48+08:00][sql] SELECT * FROM `eb_system_config` WHERE  `menu_name` = 'cache_config' LIMIT 1 [ RunTime:0.000890s ]
[2020-04-12T09:51:48+08:00][sql] SELECT * FROM `eb_system_config` WHERE  `menu_name` = 'cache_config' LIMIT 1 [ RunTime:0.000743s ]
[2020-04-12T09:51:48+08:00][sql] SELECT * FROM `eb_system_config` WHERE  `menu_name` = 'cache_config' LIMIT 1 [ RunTime:0.000955s ]
[2020-04-12T09:51:48+08:00][sql] SELECT * FROM `eb_system_config` WHERE  `menu_name` = 'cache_config' LIMIT 1 [ RunTime:0.001115s ]
[2020-04-12T09:51:48+08:00][sql] SELECT * FROM `eb_system_config` WHERE  `menu_name` = 'cache_config' LIMIT 1 [ RunTime:0.000773s ]
[2020-04-12T09:51:48+08:00][sql] SELECT `menu_name`,`value` FROM `eb_system_config` [ RunTime:0.000755s ]
[2020-04-12T09:51:48+08:00][sql] SELECT * FROM `eb_system_config` WHERE  `menu_name` = 'cache_config' LIMIT 1 [ RunTime:0.000660s ]
[2020-04-12T09:51:48+08:00][sql] SELECT * FROM `eb_system_config` WHERE  `menu_name` = 'cache_config' LIMIT 1 [ RunTime:0.000772s ]
[2020-04-12T09:51:48+08:00][sql] SELECT `menu_name`,`value` FROM `eb_system_config` [ RunTime:0.000650s ]
[2020-04-12T09:51:48+08:00][sql] SHOW FULL COLUMNS FROM `eb_store_category` [ RunTime:0.004873s ]
[2020-04-12T09:51:48+08:00][sql] SELECT `id`,`cate_name`,`pid`,`pic` FROM `eb_store_category` WHERE  `pid` > 0  AND `is_show` = 1 ORDER BY `sort` DESC LIMIT 10 [ RunTime:0.000981s ]
[2020-04-12T09:51:48+08:00][sql] SHOW FULL COLUMNS FROM `eb_store_product` [ RunTime:0.004372s ]
[2020-04-12T09:51:48+08:00][sql] SELECT id,image,store_name,cate_id,price,ot_price,IFNULL(sales,0) + IFNULL(ficti,0) as sales,unit_name FROM `eb_store_product` WHERE  `is_best` = 1  AND `is_del` = 0  AND `mer_id` = 0  AND `stock` > 0  AND `is_show` = 1 ORDER BY `sort` DESC,`id` DESC LIMIT 10 [ RunTime:0.001248s ]
[2020-04-12T09:51:48+08:00][sql] SELECT * FROM `eb_system_config` WHERE  `menu_name` = 'cache_config' LIMIT 1 [ RunTime:0.001089s ]
[2020-04-12T09:51:48+08:00][sql] SELECT `menu_name`,`value` FROM `eb_system_config` [ RunTime:0.000595s ]
[2020-04-12T09:51:48+08:00][sql] SHOW FULL COLUMNS FROM `eb_user_level` [ RunTime:0.003894s ]
[2020-04-12T09:51:48+08:00][sql] SELECT `level_id`,`is_forever`,`valid_time`,`id`,`status`,`grade` FROM `eb_user_level` WHERE  `status` = 1  AND `is_del` = 0  AND `uid` = 0 ORDER BY `grade` DESC LIMIT 1 [ RunTime:0.001124s ]
[2020-04-12T09:51:48+08:00][sql] SHOW FULL COLUMNS FROM `eb_system_user_level` [ RunTime:0.003809s ]
[2020-04-12T09:51:48+08:00][sql] SELECT `discount` FROM `eb_system_user_level` WHERE  `is_show` = 1  AND `is_del` = 0 ORDER BY `grade` ASC LIMIT 1 [ RunTime:0.000891s ]
[2020-04-12T09:51:48+08:00][sql] SELECT id,image,store_name,cate_id,price,unit_name,IFNULL(sales,0) + IFNULL(ficti,0) as sales FROM `eb_store_product` WHERE  `is_new` = 1  AND `is_del` = 0  AND `mer_id` = 0  AND `stock` > 0  AND `is_show` = 1 ORDER BY `sort` DESC,`id` DESC LIMIT 10 [ RunTime:0.001186s ]
[2020-04-12T09:51:48+08:00][sql] SELECT * FROM `eb_system_config` WHERE  `menu_name` = 'cache_config' LIMIT 1 [ RunTime:0.000783s ]
[2020-04-12T09:51:48+08:00][sql] SELECT `menu_name`,`value` FROM `eb_system_config` [ RunTime:0.000914s ]
[2020-04-12T09:51:48+08:00][sql] SELECT `level_id`,`is_forever`,`valid_time`,`id`,`status`,`grade` FROM `eb_user_level` WHERE  `status` = 1  AND `is_del` = 0  AND `uid` = 0 ORDER BY `grade` DESC LIMIT 1 [ RunTime:0.000890s ]
[2020-04-12T09:51:48+08:00][sql] SELECT `discount` FROM `eb_system_user_level` WHERE  `is_show` = 1  AND `is_del` = 0 ORDER BY `grade` ASC LIMIT 1 [ RunTime:0.001429s ]
[2020-04-12T09:51:48+08:00][sql] SELECT * FROM `eb_system_config` WHERE  `menu_name` = 'cache_config' LIMIT 1 [ RunTime:0.000721s ]
[2020-04-12T09:51:48+08:00][sql] SELECT `id`,`image`,`store_name`,`cate_id`,`price`,`ot_price`,`stock`,`unit_name` FROM `eb_store_product` WHERE  `is_benefit` = 1  AND `is_del` = 0  AND `mer_id` = 0  AND `stock` > 0  AND `is_show` = 1 ORDER BY `sort` DESC,`id` DESC LIMIT 3 [ RunTime:0.002169s ]
[2020-04-12T09:51:48+08:00][sql] SELECT * FROM `eb_system_config` WHERE  `menu_name` = 'cache_config' LIMIT 1 [ RunTime:0.000984s ]
[2020-04-12T09:51:48+08:00][sql] SELECT `id`,`image`,`store_name`,`cate_id`,`price`,`unit_name` FROM `eb_store_product` WHERE  `is_hot` = 1  AND `is_del` = 0  AND `mer_id` = 0  AND `stock` > 0  AND `is_show` = 1 ORDER BY `sort` DESC,`id` DESC LIMIT 3 [ RunTime:0.001257s ]
[2020-04-12T09:51:48+08:00][sql] SELECT * FROM `eb_system_config` WHERE  `menu_name` = 'cache_config' LIMIT 1 [ RunTime:0.001161s ]
[2020-04-12T09:51:48+08:00][sql] SELECT `menu_name`,`value` FROM `eb_system_config` [ RunTime:0.000806s ]
[2020-04-12T09:51:48+08:00][sql] SELECT `level_id`,`is_forever`,`valid_time`,`id`,`status`,`grade` FROM `eb_user_level` WHERE  `status` = 1  AND `is_del` = 0  AND `uid` = 0 ORDER BY `grade` DESC LIMIT 1 [ RunTime:0.000972s ]
[2020-04-12T09:51:48+08:00][sql] SELECT `discount` FROM `eb_system_user_level` WHERE  `is_show` = 1  AND `is_del` = 0 ORDER BY `grade` ASC LIMIT 1 [ RunTime:0.000863s ]
[2020-04-12T09:51:48+08:00][sql] SHOW FULL COLUMNS FROM `eb_store_coupon_issue` [ RunTime:0.004799s ]
[2020-04-12T09:51:48+08:00][sql] SELECT `A`.*,`B`.`coupon_price`,`B`.`use_min_price` FROM `eb_store_coupon_issue` `A` INNER JOIN `eb_store_coupon` `B` ON `A`.`cid`=`B`.`id` WHERE  `A`.`status` = 1  AND (  (  `A`.`start_time` < 1586656308  AND `A`.`end_time` > 1586656308 ) OR (  `A`.`start_time` = 0  AND `A`.`end_time` = 0 ) )  AND `A`.`is_del` = 0  AND ( A.remain_count > 0 OR A.is_permanent = 1 ) ORDER BY `B`.`sort` DESC,`A`.`id` DESC LIMIT 3 [ RunTime:0.004907s ]
[2020-04-12T09:51:48+08:00][sql] SHOW FULL COLUMNS FROM `eb_wechat_user` [ RunTime:0.004797s ]
[2020-04-12T09:51:48+08:00][sql] SELECT `subscribe` FROM `eb_wechat_user` WHERE  `uid` = 0 LIMIT 1 [ RunTime:0.001022s ]
[2020-04-12T09:51:48+08:00][sql] SELECT * FROM `eb_system_config` WHERE  `menu_name` = 'cache_config' LIMIT 1 [ RunTime:0.000878s ]
[2020-04-12T09:51:48+08:00][sql] SELECT `menu_name`,`value` FROM `eb_system_config` [ RunTime:0.000633s ]
[2020-04-12T09:52:36+08:00][sql] CONNECT:[ UseTime:0.002493s ] mysql:host=localhost;port=3306;dbname=crmeb2;charset=utf8
[2020-04-12T09:52:36+08:00][sql] SHOW FULL COLUMNS FROM `eb_system_config` [ RunTime:0.005038s ]
[2020-04-12T09:52:36+08:00][sql] SELECT * FROM `eb_system_config` WHERE  `menu_name` = 'cache_config' LIMIT 1 [ RunTime:0.001075s ]
[2020-04-12T09:52:36+08:00][sql] SELECT * FROM `eb_system_config` WHERE  `menu_name` = 'cache_config' LIMIT 1 [ RunTime:0.000837s ]
[2020-04-12T09:52:36+08:00][sql] SELECT * FROM `eb_system_config` WHERE  `menu_name` = 'cache_config' LIMIT 1 [ RunTime:0.001006s ]
[2020-04-12T09:52:36+08:00][sql] SELECT * FROM `eb_system_config` WHERE  `menu_name` = 'cache_config' LIMIT 1 [ RunTime:0.000925s ]
[2020-04-12T09:52:36+08:00][sql] SELECT * FROM `eb_system_config` WHERE  `menu_name` = 'cache_config' LIMIT 1 [ RunTime:0.000914s ]
[2020-04-12T09:52:36+08:00][sql] SELECT `menu_name`,`value` FROM `eb_system_config` [ RunTime:0.000682s ]
[2020-04-12T09:52:36+08:00][sql] SELECT * FROM `eb_system_config` WHERE  `menu_name` = 'cache_config' LIMIT 1 [ RunTime:0.000979s ]
[2020-04-12T09:52:36+08:00][sql] SELECT * FROM `eb_system_config` WHERE  `menu_name` = 'cache_config' LIMIT 1 [ RunTime:0.000837s ]
[2020-04-12T09:52:36+08:00][sql] SELECT `menu_name`,`value` FROM `eb_system_config` [ RunTime:0.000629s ]
[2020-04-12T09:52:36+08:00][sql] SHOW FULL COLUMNS FROM `eb_store_category` [ RunTime:0.004564s ]
[2020-04-12T09:52:36+08:00][sql] SELECT `id`,`cate_name`,`pid`,`pic` FROM `eb_store_category` WHERE  `pid` > 0  AND `is_show` = 1 ORDER BY `sort` DESC LIMIT 10 [ RunTime:0.000806s ]
[2020-04-12T09:52:36+08:00][sql] SHOW FULL COLUMNS FROM `eb_store_product` [ RunTime:0.004402s ]
[2020-04-12T09:52:36+08:00][sql] SELECT id,image,store_name,cate_id,price,ot_price,IFNULL(sales,0) + IFNULL(ficti,0) as sales,unit_name FROM `eb_store_product` WHERE  `is_best` = 1  AND `is_del` = 0  AND `mer_id` = 0  AND `stock` > 0  AND `is_show` = 1 ORDER BY `sort` DESC,`id` DESC LIMIT 10 [ RunTime:0.001370s ]
[2020-04-12T09:52:36+08:00][sql] SELECT * FROM `eb_system_config` WHERE  `menu_name` = 'cache_config' LIMIT 1 [ RunTime:0.000779s ]
[2020-04-12T09:52:36+08:00][sql] SELECT `menu_name`,`value` FROM `eb_system_config` [ RunTime:0.000857s ]
[2020-04-12T09:52:36+08:00][sql] SHOW FULL COLUMNS FROM `eb_user_level` [ RunTime:0.004494s ]
[2020-04-12T09:52:36+08:00][sql] SELECT `level_id`,`is_forever`,`valid_time`,`id`,`status`,`grade` FROM `eb_user_level` WHERE  `status` = 1  AND `is_del` = 0  AND `uid` = 0 ORDER BY `grade` DESC LIMIT 1 [ RunTime:0.000907s ]
[2020-04-12T09:52:36+08:00][sql] SHOW FULL COLUMNS FROM `eb_system_user_level` [ RunTime:0.003963s ]
[2020-04-12T09:52:36+08:00][sql] SELECT `discount` FROM `eb_system_user_level` WHERE  `is_show` = 1  AND `is_del` = 0 ORDER BY `grade` ASC LIMIT 1 [ RunTime:0.001078s ]
[2020-04-12T09:52:36+08:00][sql] SELECT id,image,store_name,cate_id,price,unit_name,IFNULL(sales,0) + IFNULL(ficti,0) as sales FROM `eb_store_product` WHERE  `is_new` = 1  AND `is_del` = 0  AND `mer_id` = 0  AND `stock` > 0  AND `is_show` = 1 ORDER BY `sort` DESC,`id` DESC LIMIT 10 [ RunTime:0.001268s ]
[2020-04-12T09:52:36+08:00][sql] SELECT * FROM `eb_system_config` WHERE  `menu_name` = 'cache_config' LIMIT 1 [ RunTime:0.000825s ]
[2020-04-12T09:52:36+08:00][sql] SELECT `menu_name`,`value` FROM `eb_system_config` [ RunTime:0.000565s ]
[2020-04-12T09:52:36+08:00][sql] SELECT `level_id`,`is_forever`,`valid_time`,`id`,`status`,`grade` FROM `eb_user_level` WHERE  `status` = 1  AND `is_del` = 0  AND `uid` = 0 ORDER BY `grade` DESC LIMIT 1 [ RunTime:0.001439s ]
[2020-04-12T09:52:36+08:00][sql] SELECT `discount` FROM `eb_system_user_level` WHERE  `is_show` = 1  AND `is_del` = 0 ORDER BY `grade` ASC LIMIT 1 [ RunTime:0.000926s ]
[2020-04-12T09:52:36+08:00][sql] SELECT * FROM `eb_system_config` WHERE  `menu_name` = 'cache_config' LIMIT 1 [ RunTime:0.000906s ]
[2020-04-12T09:52:36+08:00][sql] SELECT `id`,`image`,`store_name`,`cate_id`,`price`,`ot_price`,`stock`,`unit_name` FROM `eb_store_product` WHERE  `is_benefit` = 1  AND `is_del` = 0  AND `mer_id` = 0  AND `stock` > 0  AND `is_show` = 1 ORDER BY `sort` DESC,`id` DESC LIMIT 3 [ RunTime:0.001852s ]
[2020-04-12T09:52:36+08:00][sql] SELECT * FROM `eb_system_config` WHERE  `menu_name` = 'cache_config' LIMIT 1 [ RunTime:0.000876s ]
[2020-04-12T09:52:36+08:00][sql] SELECT `id`,`image`,`store_name`,`cate_id`,`price`,`unit_name` FROM `eb_store_product` WHERE  `is_hot` = 1  AND `is_del` = 0  AND `mer_id` = 0  AND `stock` > 0  AND `is_show` = 1 ORDER BY `sort` DESC,`id` DESC LIMIT 3 [ RunTime:0.001304s ]
[2020-04-12T09:52:36+08:00][sql] SELECT * FROM `eb_system_config` WHERE  `menu_name` = 'cache_config' LIMIT 1 [ RunTime:0.000848s ]
[2020-04-12T09:52:36+08:00][sql] SELECT `menu_name`,`value` FROM `eb_system_config` [ RunTime:0.000582s ]
[2020-04-12T09:52:36+08:00][sql] SELECT `level_id`,`is_forever`,`valid_time`,`id`,`status`,`grade` FROM `eb_user_level` WHERE  `status` = 1  AND `is_del` = 0  AND `uid` = 0 ORDER BY `grade` DESC LIMIT 1 [ RunTime:0.001125s ]
[2020-04-12T09:52:36+08:00][sql] SELECT `discount` FROM `eb_system_user_level` WHERE  `is_show` = 1  AND `is_del` = 0 ORDER BY `grade` ASC LIMIT 1 [ RunTime:0.000772s ]
[2020-04-12T09:52:36+08:00][sql] SHOW FULL COLUMNS FROM `eb_store_coupon_issue` [ RunTime:0.004262s ]
[2020-04-12T09:52:36+08:00][sql] SELECT `A`.*,`B`.`coupon_price`,`B`.`use_min_price` FROM `eb_store_coupon_issue` `A` INNER JOIN `eb_store_coupon` `B` ON `A`.`cid`=`B`.`id` WHERE  `A`.`status` = 1  AND (  (  `A`.`start_time` < 1586656356  AND `A`.`end_time` > 1586656356 ) OR (  `A`.`start_time` = 0  AND `A`.`end_time` = 0 ) )  AND `A`.`is_del` = 0  AND ( A.remain_count > 0 OR A.is_permanent = 1 ) ORDER BY `B`.`sort` DESC,`A`.`id` DESC LIMIT 3 [ RunTime:0.005266s ]
[2020-04-12T09:52:36+08:00][sql] SHOW FULL COLUMNS FROM `eb_wechat_user` [ RunTime:0.006326s ]
[2020-04-12T09:52:36+08:00][sql] SELECT `subscribe` FROM `eb_wechat_user` WHERE  `uid` = 0 LIMIT 1 [ RunTime:0.000730s ]
[2020-04-12T09:52:36+08:00][sql] SELECT * FROM `eb_system_config` WHERE  `menu_name` = 'cache_config' LIMIT 1 [ RunTime:0.001135s ]
[2020-04-12T09:52:36+08:00][sql] SELECT `menu_name`,`value` FROM `eb_system_config` [ RunTime:0.000772s ]
[2020-04-12T09:54:07+08:00][sql] CONNECT:[ UseTime:0.002277s ] mysql:host=localhost;port=3306;dbname=crmeb2;charset=utf8
[2020-04-12T09:54:07+08:00][sql] SHOW FULL COLUMNS FROM `eb_system_config` [ RunTime:0.005626s ]
[2020-04-12T09:54:07+08:00][sql] SELECT * FROM `eb_system_config` WHERE  `menu_name` = 'cache_config' LIMIT 1 [ RunTime:0.000875s ]
[2020-04-12T09:54:07+08:00][sql] SELECT * FROM `eb_system_config` WHERE  `menu_name` = 'cache_config' LIMIT 1 [ RunTime:0.000965s ]
[2020-04-12T09:54:07+08:00][sql] SELECT * FROM `eb_system_config` WHERE  `menu_name` = 'cache_config' LIMIT 1 [ RunTime:0.001004s ]
[2020-04-12T09:54:07+08:00][sql] SELECT * FROM `eb_system_config` WHERE  `menu_name` = 'cache_config' LIMIT 1 [ RunTime:0.001011s ]
[2020-04-12T09:54:07+08:00][sql] SELECT * FROM `eb_system_config` WHERE  `menu_name` = 'cache_config' LIMIT 1 [ RunTime:0.000789s ]
[2020-04-12T09:54:07+08:00][sql] SELECT `menu_name`,`value` FROM `eb_system_config` [ RunTime:0.000601s ]
[2020-04-12T09:54:07+08:00][sql] SELECT * FROM `eb_system_config` WHERE  `menu_name` = 'cache_config' LIMIT 1 [ RunTime:0.000733s ]
[2020-04-12T09:54:07+08:00][sql] SELECT * FROM `eb_system_config` WHERE  `menu_name` = 'cache_config' LIMIT 1 [ RunTime:0.000748s ]
[2020-04-12T09:54:07+08:00][sql] SELECT `menu_name`,`value` FROM `eb_system_config` [ RunTime:0.000733s ]
[2020-04-12T09:54:07+08:00][sql] SHOW FULL COLUMNS FROM `eb_store_category` [ RunTime:0.004637s ]
[2020-04-12T09:54:07+08:00][sql] SELECT `id`,`cate_name`,`pid`,`pic` FROM `eb_store_category` WHERE  `pid` > 0  AND `is_show` = 1 ORDER BY `sort` DESC LIMIT 10 [ RunTime:0.001132s ]
[2020-04-12T09:54:07+08:00][sql] SHOW FULL COLUMNS FROM `eb_store_product` [ RunTime:0.003817s ]
[2020-04-12T09:54:07+08:00][sql] SELECT id,image,store_name,cate_id,price,ot_price,IFNULL(sales,0) + IFNULL(ficti,0) as sales,unit_name FROM `eb_store_product` WHERE  `is_best` = 1  AND `is_del` = 0  AND `mer_id` = 0  AND `stock` > 0  AND `is_show` = 1 ORDER BY `sort` DESC,`id` DESC LIMIT 10 [ RunTime:0.001368s ]
[2020-04-12T09:54:07+08:00][sql] SELECT * FROM `eb_system_config` WHERE  `menu_name` = 'cache_config' LIMIT 1 [ RunTime:0.001123s ]
[2020-04-12T09:54:07+08:00][sql] SELECT `menu_name`,`value` FROM `eb_system_config` [ RunTime:0.000588s ]
[2020-04-12T09:54:07+08:00][sql] SHOW FULL COLUMNS FROM `eb_user_level` [ RunTime:0.005260s ]
[2020-04-12T09:54:07+08:00][sql] SELECT `level_id`,`is_forever`,`valid_time`,`id`,`status`,`grade` FROM `eb_user_level` WHERE  `status` = 1  AND `is_del` = 0  AND `uid` = 0 ORDER BY `grade` DESC LIMIT 1 [ RunTime:0.001133s ]
[2020-04-12T09:54:07+08:00][sql] SHOW FULL COLUMNS FROM `eb_system_user_level` [ RunTime:0.003921s ]
[2020-04-12T09:54:07+08:00][sql] SELECT `discount` FROM `eb_system_user_level` WHERE  `is_show` = 1  AND `is_del` = 0 ORDER BY `grade` ASC LIMIT 1 [ RunTime:0.000779s ]
[2020-04-12T09:54:07+08:00][sql] SELECT id,image,store_name,cate_id,price,unit_name,IFNULL(sales,0) + IFNULL(ficti,0) as sales FROM `eb_store_product` WHERE  `is_new` = 1  AND `is_del` = 0  AND `mer_id` = 0  AND `stock` > 0  AND `is_show` = 1 ORDER BY `sort` DESC,`id` DESC LIMIT 10 [ RunTime:0.001933s ]
[2020-04-12T09:54:07+08:00][sql] SELECT * FROM `eb_system_config` WHERE  `menu_name` = 'cache_config' LIMIT 1 [ RunTime:0.001113s ]
[2020-04-12T09:54:07+08:00][sql] SELECT `menu_name`,`value` FROM `eb_system_config` [ RunTime:0.000794s ]
[2020-04-12T09:54:07+08:00][sql] SELECT `level_id`,`is_forever`,`valid_time`,`id`,`status`,`grade` FROM `eb_user_level` WHERE  `status` = 1  AND `is_del` = 0  AND `uid` = 0 ORDER BY `grade` DESC LIMIT 1 [ RunTime:0.000908s ]
[2020-04-12T09:54:07+08:00][sql] SELECT `discount` FROM `eb_system_user_level` WHERE  `is_show` = 1  AND `is_del` = 0 ORDER BY `grade` ASC LIMIT 1 [ RunTime:0.000871s ]
[2020-04-12T09:54:07+08:00][sql] SELECT * FROM `eb_system_config` WHERE  `menu_name` = 'cache_config' LIMIT 1 [ RunTime:0.000729s ]
[2020-04-12T09:54:07+08:00][sql] SELECT `id`,`image`,`store_name`,`cate_id`,`price`,`ot_price`,`stock`,`unit_name` FROM `eb_store_product` WHERE  `is_benefit` = 1  AND `is_del` = 0  AND `mer_id` = 0  AND `stock` > 0  AND `is_show` = 1 ORDER BY `sort` DESC,`id` DESC LIMIT 3 [ RunTime:0.001199s ]
[2020-04-12T09:54:07+08:00][sql] SELECT * FROM `eb_system_config` WHERE  `menu_name` = 'cache_config' LIMIT 1 [ RunTime:0.000779s ]
[2020-04-12T09:54:07+08:00][sql] SELECT `id`,`image`,`store_name`,`cate_id`,`price`,`unit_name` FROM `eb_store_product` WHERE  `is_hot` = 1  AND `is_del` = 0  AND `mer_id` = 0  AND `stock` > 0  AND `is_show` = 1 ORDER BY `sort` DESC,`id` DESC LIMIT 3 [ RunTime:0.001891s ]
[2020-04-12T09:54:07+08:00][sql] SELECT * FROM `eb_system_config` WHERE  `menu_name` = 'cache_config' LIMIT 1 [ RunTime:0.000756s ]
[2020-04-12T09:54:07+08:00][sql] SELECT `menu_name`,`value` FROM `eb_system_config` [ RunTime:0.000927s ]
[2020-04-12T09:54:07+08:00][sql] SELECT `level_id`,`is_forever`,`valid_time`,`id`,`status`,`grade` FROM `eb_user_level` WHERE  `status` = 1  AND `is_del` = 0  AND `uid` = 0 ORDER BY `grade` DESC LIMIT 1 [ RunTime:0.000927s ]
[2020-04-12T09:54:07+08:00][sql] SELECT `discount` FROM `eb_system_user_level` WHERE  `is_show` = 1  AND `is_del` = 0 ORDER BY `grade` ASC LIMIT 1 [ RunTime:0.000762s ]
[2020-04-12T09:54:07+08:00][sql] SHOW FULL COLUMNS FROM `eb_store_coupon_issue` [ RunTime:0.003877s ]
[2020-04-12T09:54:07+08:00][sql] SELECT `A`.*,`B`.`coupon_price`,`B`.`use_min_price` FROM `eb_store_coupon_issue` `A` INNER JOIN `eb_store_coupon` `B` ON `A`.`cid`=`B`.`id` WHERE  `A`.`status` = 1  AND (  (  `A`.`start_time` < 1586656447  AND `A`.`end_time` > 1586656447 ) OR (  `A`.`start_time` = 0  AND `A`.`end_time` = 0 ) )  AND `A`.`is_del` = 0  AND ( A.remain_count > 0 OR A.is_permanent = 1 ) ORDER BY `B`.`sort` DESC,`A`.`id` DESC LIMIT 3 [ RunTime:0.004571s ]
[2020-04-12T09:54:07+08:00][sql] SHOW FULL COLUMNS FROM `eb_wechat_user` [ RunTime:0.004570s ]
[2020-04-12T09:54:07+08:00][sql] SELECT `subscribe` FROM `eb_wechat_user` WHERE  `uid` = 0 LIMIT 1 [ RunTime:0.000668s ]
[2020-04-12T09:54:07+08:00][sql] SELECT * FROM `eb_system_config` WHERE  `menu_name` = 'cache_config' LIMIT 1 [ RunTime:0.001125s ]
[2020-04-12T09:54:07+08:00][sql] SELECT `menu_name`,`value` FROM `eb_system_config` [ RunTime:0.000627s ]
[2020-04-12T09:54:56+08:00][sql] CONNECT:[ UseTime:0.012602s ] mysql:host=localhost;port=3306;dbname=crmeb2;charset=utf8
[2020-04-12T09:54:56+08:00][sql] SHOW FULL COLUMNS FROM `eb_system_config` [ RunTime:0.004817s ]
[2020-04-12T09:54:56+08:00][sql] SELECT * FROM `eb_system_config` WHERE  `menu_name` = 'cache_config' LIMIT 1 [ RunTime:0.000927s ]
[2020-04-12T09:54:56+08:00][sql] SELECT * FROM `eb_system_config` WHERE  `menu_name` = 'cache_config' LIMIT 1 [ RunTime:0.001471s ]
[2020-04-12T09:54:56+08:00][sql] SELECT * FROM `eb_system_config` WHERE  `menu_name` = 'cache_config' LIMIT 1 [ RunTime:0.001136s ]
[2020-04-12T09:54:56+08:00][sql] SELECT * FROM `eb_system_config` WHERE  `menu_name` = 'cache_config' LIMIT 1 [ RunTime:0.001717s ]
[2020-04-12T09:54:56+08:00][sql] SELECT * FROM `eb_system_config` WHERE  `menu_name` = 'cache_config' LIMIT 1 [ RunTime:0.000899s ]
[2020-04-12T09:54:56+08:00][sql] SELECT `menu_name`,`value` FROM `eb_system_config` [ RunTime:0.000950s ]
[2020-04-12T09:54:56+08:00][sql] SELECT * FROM `eb_system_config` WHERE  `menu_name` = 'cache_config' LIMIT 1 [ RunTime:0.001683s ]
[2020-04-12T09:54:56+08:00][sql] SELECT * FROM `eb_system_config` WHERE  `menu_name` = 'cache_config' LIMIT 1 [ RunTime:0.000849s ]
[2020-04-12T09:54:56+08:00][sql] SELECT `menu_name`,`value` FROM `eb_system_config` [ RunTime:0.000670s ]
[2020-04-12T09:54:56+08:00][sql] SHOW FULL COLUMNS FROM `eb_store_category` [ RunTime:0.003879s ]
[2020-04-12T09:54:56+08:00][sql] SELECT `id`,`cate_name`,`pid`,`pic` FROM `eb_store_category` WHERE  `pid` > 0  AND `is_show` = 1 ORDER BY `sort` DESC LIMIT 10 [ RunTime:0.000836s ]
[2020-04-12T09:54:56+08:00][sql] SHOW FULL COLUMNS FROM `eb_store_product` [ RunTime:0.005837s ]
[2020-04-12T09:54:56+08:00][sql] SELECT id,image,store_name,cate_id,price,ot_price,IFNULL(sales,0) + IFNULL(ficti,0) as sales,unit_name FROM `eb_store_product` WHERE  `is_best` = 1  AND `is_del` = 0  AND `mer_id` = 0  AND `stock` > 0  AND `is_show` = 1 ORDER BY `sort` DESC,`id` DESC LIMIT 10 [ RunTime:0.001672s ]
[2020-04-12T09:54:56+08:00][sql] SELECT * FROM `eb_system_config` WHERE  `menu_name` = 'cache_config' LIMIT 1 [ RunTime:0.000750s ]
[2020-04-12T09:54:56+08:00][sql] SELECT `menu_name`,`value` FROM `eb_system_config` [ RunTime:0.000657s ]
[2020-04-12T09:54:56+08:00][sql] SHOW FULL COLUMNS FROM `eb_user_level` [ RunTime:0.003712s ]
[2020-04-12T09:54:56+08:00][sql] SELECT `level_id`,`is_forever`,`valid_time`,`id`,`status`,`grade` FROM `eb_user_level` WHERE  `status` = 1  AND `is_del` = 0  AND `uid` = 0 ORDER BY `grade` DESC LIMIT 1 [ RunTime:0.001350s ]
[2020-04-12T09:54:56+08:00][sql] SHOW FULL COLUMNS FROM `eb_system_user_level` [ RunTime:0.004498s ]
[2020-04-12T09:54:56+08:00][sql] SELECT `discount` FROM `eb_system_user_level` WHERE  `is_show` = 1  AND `is_del` = 0 ORDER BY `grade` ASC LIMIT 1 [ RunTime:0.000948s ]
[2020-04-12T09:54:56+08:00][sql] SELECT id,image,store_name,cate_id,price,unit_name,IFNULL(sales,0) + IFNULL(ficti,0) as sales FROM `eb_store_product` WHERE  `is_new` = 1  AND `is_del` = 0  AND `mer_id` = 0  AND `stock` > 0  AND `is_show` = 1 ORDER BY `sort` DESC,`id` DESC LIMIT 10 [ RunTime:0.001164s ]
[2020-04-12T09:54:56+08:00][sql] SELECT * FROM `eb_system_config` WHERE  `menu_name` = 'cache_config' LIMIT 1 [ RunTime:0.000789s ]
[2020-04-12T09:54:56+08:00][sql] SELECT `menu_name`,`value` FROM `eb_system_config` [ RunTime:0.000869s ]
[2020-04-12T09:54:56+08:00][sql] SELECT `level_id`,`is_forever`,`valid_time`,`id`,`status`,`grade` FROM `eb_user_level` WHERE  `status` = 1  AND `is_del` = 0  AND `uid` = 0 ORDER BY `grade` DESC LIMIT 1 [ RunTime:0.000944s ]
[2020-04-12T09:54:56+08:00][sql] SELECT `discount` FROM `eb_system_user_level` WHERE  `is_show` = 1  AND `is_del` = 0 ORDER BY `grade` ASC LIMIT 1 [ RunTime:0.001138s ]
[2020-04-12T09:54:56+08:00][sql] SELECT * FROM `eb_system_config` WHERE  `menu_name` = 'cache_config' LIMIT 1 [ RunTime:0.000997s ]
[2020-04-12T09:54:56+08:00][sql] SELECT `id`,`image`,`store_name`,`cate_id`,`price`,`ot_price`,`stock`,`unit_name` FROM `eb_store_product` WHERE  `is_benefit` = 1  AND `is_del` = 0  AND `mer_id` = 0  AND `stock` > 0  AND `is_show` = 1 ORDER BY `sort` DESC,`id` DESC LIMIT 3 [ RunTime:0.001425s ]
[2020-04-12T09:54:56+08:00][sql] SELECT * FROM `eb_system_config` WHERE  `menu_name` = 'cache_config' LIMIT 1 [ RunTime:0.001232s ]
[2020-04-12T09:54:56+08:00][sql] SELECT `id`,`image`,`store_name`,`cate_id`,`price`,`unit_name` FROM `eb_store_product` WHERE  `is_hot` = 1  AND `is_del` = 0  AND `mer_id` = 0  AND `stock` > 0  AND `is_show` = 1 ORDER BY `sort` DESC,`id` DESC LIMIT 3 [ RunTime:0.001224s ]
[2020-04-12T09:54:56+08:00][sql] SELECT * FROM `eb_system_config` WHERE  `menu_name` = 'cache_config' LIMIT 1 [ RunTime:0.000973s ]
[2020-04-12T09:54:56+08:00][sql] SELECT `menu_name`,`value` FROM `eb_system_config` [ RunTime:0.000624s ]
[2020-04-12T09:54:56+08:00][sql] SELECT `level_id`,`is_forever`,`valid_time`,`id`,`status`,`grade` FROM `eb_user_level` WHERE  `status` = 1  AND `is_del` = 0  AND `uid` = 0 ORDER BY `grade` DESC LIMIT 1 [ RunTime:0.000998s ]
[2020-04-12T09:54:56+08:00][sql] SELECT `discount` FROM `eb_system_user_level` WHERE  `is_show` = 1  AND `is_del` = 0 ORDER BY `grade` ASC LIMIT 1 [ RunTime:0.000769s ]
[2020-04-12T09:54:56+08:00][sql] SHOW FULL COLUMNS FROM `eb_store_coupon_issue` [ RunTime:0.004527s ]
[2020-04-12T09:54:56+08:00][sql] SELECT `A`.*,`B`.`coupon_price`,`B`.`use_min_price` FROM `eb_store_coupon_issue` `A` INNER JOIN `eb_store_coupon` `B` ON `A`.`cid`=`B`.`id` WHERE  `A`.`status` = 1  AND (  (  `A`.`start_time` < 1586656496  AND `A`.`end_time` > 1586656496 ) OR (  `A`.`start_time` = 0  AND `A`.`end_time` = 0 ) )  AND `A`.`is_del` = 0  AND ( A.remain_count > 0 OR A.is_permanent = 1 ) ORDER BY `B`.`sort` DESC,`A`.`id` DESC LIMIT 3 [ RunTime:0.004735s ]
[2020-04-12T09:54:56+08:00][sql] SHOW FULL COLUMNS FROM `eb_wechat_user` [ RunTime:0.004435s ]
[2020-04-12T09:54:56+08:00][sql] SELECT `subscribe` FROM `eb_wechat_user` WHERE  `uid` = 0 LIMIT 1 [ RunTime:0.000642s ]
[2020-04-12T09:54:56+08:00][sql] SELECT * FROM `eb_system_config` WHERE  `menu_name` = 'cache_config' LIMIT 1 [ RunTime:0.000788s ]
[2020-04-12T09:54:56+08:00][sql] SELECT `menu_name`,`value` FROM `eb_system_config` [ RunTime:0.000653s ]
[2020-04-12T09:55:09+08:00][sql] CONNECT:[ UseTime:0.011657s ] mysql:host=localhost;port=3306;dbname=crmeb2;charset=utf8
[2020-04-12T09:55:09+08:00][sql] SHOW FULL COLUMNS FROM `eb_store_category` [ RunTime:0.004294s ]
[2020-04-12T09:55:09+08:00][sql] SELECT * FROM `eb_store_category` WHERE  `is_show` = 1  AND `pid` = 0 ORDER BY `sort` DESC,`id` DESC [ RunTime:0.000944s ]
[2020-04-12T09:55:09+08:00][sql] SELECT * FROM `eb_store_category` WHERE  `is_show` = 1  AND `pid` IN (18,17,16,15,14,13,12,11,10,9,1,6,25,23) ORDER BY `sort` DESC,`id` DESC [ RunTime:0.002401s ]
[2020-04-12T09:55:14+08:00][sql] CONNECT:[ UseTime:0.011200s ] mysql:host=localhost;port=3306;dbname=crmeb2;charset=utf8
[2020-04-12T09:55:14+08:00][sql] SHOW FULL COLUMNS FROM `eb_system_config` [ RunTime:0.004814s ]
[2020-04-12T09:55:14+08:00][sql] SELECT * FROM `eb_system_config` WHERE  `menu_name` = 'cache_config' LIMIT 1 [ RunTime:0.001189s ]
[2020-04-12T09:55:14+08:00][sql] SELECT * FROM `eb_system_config` WHERE  `menu_name` = 'cache_config' LIMIT 1 [ RunTime:0.000894s ]
[2020-04-12T09:55:14+08:00][sql] SELECT * FROM `eb_system_config` WHERE  `menu_name` = 'cache_config' LIMIT 1 [ RunTime:0.000971s ]
[2020-04-12T09:55:14+08:00][sql] SELECT * FROM `eb_system_config` WHERE  `menu_name` = 'cache_config' LIMIT 1 [ RunTime:0.001634s ]
[2020-04-12T09:55:14+08:00][sql] SELECT * FROM `eb_system_config` WHERE  `menu_name` = 'cache_config' LIMIT 1 [ RunTime:0.001004s ]
[2020-04-12T09:55:14+08:00][sql] SELECT `menu_name`,`value` FROM `eb_system_config` [ RunTime:0.000688s ]
[2020-04-12T09:55:14+08:00][sql] SELECT * FROM `eb_system_config` WHERE  `menu_name` = 'cache_config' LIMIT 1 [ RunTime:0.000830s ]
[2020-04-12T09:55:14+08:00][sql] SELECT * FROM `eb_system_config` WHERE  `menu_name` = 'cache_config' LIMIT 1 [ RunTime:0.000969s ]
[2020-04-12T09:55:14+08:00][sql] SELECT `menu_name`,`value` FROM `eb_system_config` [ RunTime:0.000578s ]
[2020-04-12T09:55:14+08:00][sql] SHOW FULL COLUMNS FROM `eb_store_category` [ RunTime:0.004630s ]
[2020-04-12T09:55:14+08:00][sql] SELECT `id`,`cate_name`,`pid`,`pic` FROM `eb_store_category` WHERE  `pid` > 0  AND `is_show` = 1 ORDER BY `sort` DESC LIMIT 10 [ RunTime:0.000961s ]
[2020-04-12T09:55:14+08:00][sql] SHOW FULL COLUMNS FROM `eb_store_product` [ RunTime:0.004929s ]
[2020-04-12T09:55:14+08:00][sql] SELECT id,image,store_name,cate_id,price,ot_price,IFNULL(sales,0) + IFNULL(ficti,0) as sales,unit_name FROM `eb_store_product` WHERE  `is_best` = 1  AND `is_del` = 0  AND `mer_id` = 0  AND `stock` > 0  AND `is_show` = 1 ORDER BY `sort` DESC,`id` DESC LIMIT 10 [ RunTime:0.001765s ]
[2020-04-12T09:55:14+08:00][sql] SELECT * FROM `eb_system_config` WHERE  `menu_name` = 'cache_config' LIMIT 1 [ RunTime:0.000819s ]
[2020-04-12T09:55:14+08:00][sql] SELECT `menu_name`,`value` FROM `eb_system_config` [ RunTime:0.000599s ]
[2020-04-12T09:55:14+08:00][sql] SHOW FULL COLUMNS FROM `eb_user_level` [ RunTime:0.004756s ]
[2020-04-12T09:55:14+08:00][sql] SELECT `level_id`,`is_forever`,`valid_time`,`id`,`status`,`grade` FROM `eb_user_level` WHERE  `status` = 1  AND `is_del` = 0  AND `uid` = 0 ORDER BY `grade` DESC LIMIT 1 [ RunTime:0.001602s ]
[2020-04-12T09:55:14+08:00][sql] SHOW FULL COLUMNS FROM `eb_system_user_level` [ RunTime:0.004092s ]
[2020-04-12T09:55:14+08:00][sql] SELECT `discount` FROM `eb_system_user_level` WHERE  `is_show` = 1  AND `is_del` = 0 ORDER BY `grade` ASC LIMIT 1 [ RunTime:0.000805s ]
[2020-04-12T09:55:14+08:00][sql] SELECT id,image,store_name,cate_id,price,unit_name,IFNULL(sales,0) + IFNULL(ficti,0) as sales FROM `eb_store_product` WHERE  `is_new` = 1  AND `is_del` = 0  AND `mer_id` = 0  AND `stock` > 0  AND `is_show` = 1 ORDER BY `sort` DESC,`id` DESC LIMIT 10 [ RunTime:0.001327s ]
[2020-04-12T09:55:14+08:00][sql] SELECT * FROM `eb_system_config` WHERE  `menu_name` = 'cache_config' LIMIT 1 [ RunTime:0.000815s ]
[2020-04-12T09:55:14+08:00][sql] SELECT `menu_name`,`value` FROM `eb_system_config` [ RunTime:0.000794s ]
[2020-04-12T09:55:14+08:00][sql] SELECT `level_id`,`is_forever`,`valid_time`,`id`,`status`,`grade` FROM `eb_user_level` WHERE  `status` = 1  AND `is_del` = 0  AND `uid` = 0 ORDER BY `grade` DESC LIMIT 1 [ RunTime:0.001176s ]
[2020-04-12T09:55:14+08:00][sql] SELECT `discount` FROM `eb_system_user_level` WHERE  `is_show` = 1  AND `is_del` = 0 ORDER BY `grade` ASC LIMIT 1 [ RunTime:0.000816s ]
[2020-04-12T09:55:14+08:00][sql] SELECT * FROM `eb_system_config` WHERE  `menu_name` = 'cache_config' LIMIT 1 [ RunTime:0.001048s ]
[2020-04-12T09:55:14+08:00][sql] SELECT `id`,`image`,`store_name`,`cate_id`,`price`,`ot_price`,`stock`,`unit_name` FROM `eb_store_product` WHERE  `is_benefit` = 1  AND `is_del` = 0  AND `mer_id` = 0  AND `stock` > 0  AND `is_show` = 1 ORDER BY `sort` DESC,`id` DESC LIMIT 3 [ RunTime:0.002460s ]
[2020-04-12T09:55:14+08:00][sql] SELECT * FROM `eb_system_config` WHERE  `menu_name` = 'cache_config' LIMIT 1 [ RunTime:0.001342s ]
[2020-04-12T09:55:14+08:00][sql] SELECT `id`,`image`,`store_name`,`cate_id`,`price`,`unit_name` FROM `eb_store_product` WHERE  `is_hot` = 1  AND `is_del` = 0  AND `mer_id` = 0  AND `stock` > 0  AND `is_show` = 1 ORDER BY `sort` DESC,`id` DESC LIMIT 3 [ RunTime:0.002954s ]
[2020-04-12T09:55:14+08:00][sql] SELECT * FROM `eb_system_config` WHERE  `menu_name` = 'cache_config' LIMIT 1 [ RunTime:0.000743s ]
[2020-04-12T09:55:14+08:00][sql] SELECT `menu_name`,`value` FROM `eb_system_config` [ RunTime:0.000637s ]
[2020-04-12T09:55:14+08:00][sql] SELECT `level_id`,`is_forever`,`valid_time`,`id`,`status`,`grade` FROM `eb_user_level` WHERE  `status` = 1  AND `is_del` = 0  AND `uid` = 0 ORDER BY `grade` DESC LIMIT 1 [ RunTime:0.000833s ]
[2020-04-12T09:55:14+08:00][sql] SELECT `discount` FROM `eb_system_user_level` WHERE  `is_show` = 1  AND `is_del` = 0 ORDER BY `grade` ASC LIMIT 1 [ RunTime:0.000851s ]
[2020-04-12T09:55:14+08:00][sql] SHOW FULL COLUMNS FROM `eb_store_coupon_issue` [ RunTime:0.004144s ]
[2020-04-12T09:55:14+08:00][sql] SELECT `A`.*,`B`.`coupon_price`,`B`.`use_min_price` FROM `eb_store_coupon_issue` `A` INNER JOIN `eb_store_coupon` `B` ON `A`.`cid`=`B`.`id` WHERE  `A`.`status` = 1  AND (  (  `A`.`start_time` < 1586656514  AND `A`.`end_time` > 1586656514 ) OR (  `A`.`start_time` = 0  AND `A`.`end_time` = 0 ) )  AND `A`.`is_del` = 0  AND ( A.remain_count > 0 OR A.is_permanent = 1 ) ORDER BY `B`.`sort` DESC,`A`.`id` DESC LIMIT 3 [ RunTime:0.004401s ]
[2020-04-12T09:55:14+08:00][sql] SHOW FULL COLUMNS FROM `eb_wechat_user` [ RunTime:0.003895s ]
[2020-04-12T09:55:14+08:00][sql] SELECT `subscribe` FROM `eb_wechat_user` WHERE  `uid` = 0 LIMIT 1 [ RunTime:0.000572s ]
[2020-04-12T09:55:14+08:00][sql] SELECT * FROM `eb_system_config` WHERE  `menu_name` = 'cache_config' LIMIT 1 [ RunTime:0.000770s ]
[2020-04-12T09:55:14+08:00][sql] SELECT `menu_name`,`value` FROM `eb_system_config` [ RunTime:0.000579s ]
[2020-04-12T09:55:17+08:00][sql] CONNECT:[ UseTime:0.011914s ] mysql:host=localhost;port=3306;dbname=crmeb2;charset=utf8
[2020-04-12T09:55:17+08:00][sql] SHOW FULL COLUMNS FROM `eb_system_config` [ RunTime:0.004237s ]
[2020-04-12T09:55:17+08:00][sql] SELECT `menu_name`,`value` FROM `eb_system_config` WHERE  `menu_name` IN ('site_url','routine_appId','routine_appsecret') [ RunTime:0.000955s ]
[2020-04-12T09:55:17+08:00][sql] SELECT `menu_name`,`value` FROM `eb_system_config` WHERE  `menu_name` IN ('pay_routine_mchid','pay_routine_key','pay_routine_client_cert','pay_routine_client_key','pay_weixin_open') [ RunTime:0.002055s ]
[2020-04-12T09:55:20+08:00][sql] CONNECT:[ UseTime:0.011714s ] mysql:host=localhost;port=3306;dbname=crmeb2;charset=utf8
[2020-04-12T09:55:20+08:00][sql] SHOW FULL COLUMNS FROM `eb_system_config` [ RunTime:0.004651s ]
[2020-04-12T09:55:20+08:00][sql] SELECT `menu_name`,`value` FROM `eb_system_config` WHERE  `menu_name` IN ('site_url','routine_appId','routine_appsecret') [ RunTime:0.001503s ]
[2020-04-12T09:55:20+08:00][sql] SELECT `menu_name`,`value` FROM `eb_system_config` WHERE  `menu_name` IN ('pay_routine_mchid','pay_routine_key','pay_routine_client_cert','pay_routine_client_key','pay_weixin_open') [ RunTime:0.001144s ]
[2020-04-12T09:55:59+08:00][sql] CONNECT:[ UseTime:0.002683s ] mysql:host=localhost;port=3306;dbname=crmeb2;charset=utf8
[2020-04-12T09:55:59+08:00][sql] SHOW FULL COLUMNS FROM `eb_system_config` [ RunTime:0.004499s ]
[2020-04-12T09:55:59+08:00][sql] SELECT * FROM `eb_system_config` WHERE  `menu_name` = 'cache_config' LIMIT 1 [ RunTime:0.000895s ]
[2020-04-12T09:55:59+08:00][sql] SELECT * FROM `eb_system_config` WHERE  `menu_name` = 'cache_config' LIMIT 1 [ RunTime:0.001287s ]
[2020-04-12T09:55:59+08:00][sql] SELECT * FROM `eb_system_config` WHERE  `menu_name` = 'cache_config' LIMIT 1 [ RunTime:0.001175s ]
[2020-04-12T09:55:59+08:00][sql] SELECT * FROM `eb_system_config` WHERE  `menu_name` = 'cache_config' LIMIT 1 [ RunTime:0.001014s ]
[2020-04-12T09:55:59+08:00][sql] SELECT * FROM `eb_system_config` WHERE  `menu_name` = 'cache_config' LIMIT 1 [ RunTime:0.000793s ]
[2020-04-12T09:55:59+08:00][sql] SELECT `menu_name`,`value` FROM `eb_system_config` [ RunTime:0.000757s ]
[2020-04-12T09:55:59+08:00][sql] SELECT * FROM `eb_system_config` WHERE  `menu_name` = 'cache_config' LIMIT 1 [ RunTime:0.001065s ]
[2020-04-12T09:55:59+08:00][sql] SELECT * FROM `eb_system_config` WHERE  `menu_name` = 'cache_config' LIMIT 1 [ RunTime:0.000747s ]
[2020-04-12T09:55:59+08:00][sql] SELECT `menu_name`,`value` FROM `eb_system_config` [ RunTime:0.000934s ]
[2020-04-12T09:55:59+08:00][sql] SHOW FULL COLUMNS FROM `eb_store_category` [ RunTime:0.004607s ]
[2020-04-12T09:55:59+08:00][sql] SELECT `id`,`cate_name`,`pid`,`pic` FROM `eb_store_category` WHERE  `pid` > 0  AND `is_show` = 1 ORDER BY `sort` DESC LIMIT 10 [ RunTime:0.000877s ]
[2020-04-12T09:55:59+08:00][sql] SHOW FULL COLUMNS FROM `eb_store_product` [ RunTime:0.004852s ]
[2020-04-12T09:55:59+08:00][sql] SELECT id,image,store_name,cate_id,price,ot_price,IFNULL(sales,0) + IFNULL(ficti,0) as sales,unit_name FROM `eb_store_product` WHERE  `is_best` = 1  AND `is_del` = 0  AND `mer_id` = 0  AND `stock` > 0  AND `is_show` = 1 ORDER BY `sort` DESC,`id` DESC LIMIT 10 [ RunTime:0.001398s ]
[2020-04-12T09:55:59+08:00][sql] SELECT * FROM `eb_system_config` WHERE  `menu_name` = 'cache_config' LIMIT 1 [ RunTime:0.001146s ]
[2020-04-12T09:55:59+08:00][sql] SELECT `menu_name`,`value` FROM `eb_system_config` [ RunTime:0.000601s ]
[2020-04-12T09:55:59+08:00][sql] SHOW FULL COLUMNS FROM `eb_user_level` [ RunTime:0.004673s ]
[2020-04-12T09:55:59+08:00][sql] SELECT `level_id`,`is_forever`,`valid_time`,`id`,`status`,`grade` FROM `eb_user_level` WHERE  `status` = 1  AND `is_del` = 0  AND `uid` = 0 ORDER BY `grade` DESC LIMIT 1 [ RunTime:0.000885s ]
[2020-04-12T09:55:59+08:00][sql] SHOW FULL COLUMNS FROM `eb_system_user_level` [ RunTime:0.004176s ]
[2020-04-12T09:55:59+08:00][sql] SELECT `discount` FROM `eb_system_user_level` WHERE  `is_show` = 1  AND `is_del` = 0 ORDER BY `grade` ASC LIMIT 1 [ RunTime:0.000829s ]
[2020-04-12T09:55:59+08:00][sql] SELECT id,image,store_name,cate_id,price,unit_name,IFNULL(sales,0) + IFNULL(ficti,0) as sales FROM `eb_store_product` WHERE  `is_new` = 1  AND `is_del` = 0  AND `mer_id` = 0  AND `stock` > 0  AND `is_show` = 1 ORDER BY `sort` DESC,`id` DESC LIMIT 10 [ RunTime:0.001446s ]
[2020-04-12T09:55:59+08:00][sql] SELECT * FROM `eb_system_config` WHERE  `menu_name` = 'cache_config' LIMIT 1 [ RunTime:0.001042s ]
[2020-04-12T09:55:59+08:00][sql] SELECT `menu_name`,`value` FROM `eb_system_config` [ RunTime:0.000902s ]
[2020-04-12T09:55:59+08:00][sql] SELECT `level_id`,`is_forever`,`valid_time`,`id`,`status`,`grade` FROM `eb_user_level` WHERE  `status` = 1  AND `is_del` = 0  AND `uid` = 0 ORDER BY `grade` DESC LIMIT 1 [ RunTime:0.000944s ]
[2020-04-12T09:55:59+08:00][sql] SELECT `discount` FROM `eb_system_user_level` WHERE  `is_show` = 1  AND `is_del` = 0 ORDER BY `grade` ASC LIMIT 1 [ RunTime:0.000970s ]
[2020-04-12T09:55:59+08:00][sql] SELECT * FROM `eb_system_config` WHERE  `menu_name` = 'cache_config' LIMIT 1 [ RunTime:0.000914s ]
[2020-04-12T09:55:59+08:00][sql] SELECT `id`,`image`,`store_name`,`cate_id`,`price`,`ot_price`,`stock`,`unit_name` FROM `eb_store_product` WHERE  `is_benefit` = 1  AND `is_del` = 0  AND `mer_id` = 0  AND `stock` > 0  AND `is_show` = 1 ORDER BY `sort` DESC,`id` DESC LIMIT 3 [ RunTime:0.001269s ]
[2020-04-12T09:55:59+08:00][sql] SELECT * FROM `eb_system_config` WHERE  `menu_name` = 'cache_config' LIMIT 1 [ RunTime:0.000916s ]
[2020-04-12T09:55:59+08:00][sql] SELECT `id`,`image`,`store_name`,`cate_id`,`price`,`unit_name` FROM `eb_store_product` WHERE  `is_hot` = 1  AND `is_del` = 0  AND `mer_id` = 0  AND `stock` > 0  AND `is_show` = 1 ORDER BY `sort` DESC,`id` DESC LIMIT 3 [ RunTime:0.001717s ]
[2020-04-12T09:55:59+08:00][sql] SELECT * FROM `eb_system_config` WHERE  `menu_name` = 'cache_config' LIMIT 1 [ RunTime:0.001323s ]
[2020-04-12T09:55:59+08:00][sql] SELECT `menu_name`,`value` FROM `eb_system_config` [ RunTime:0.000780s ]
[2020-04-12T09:55:59+08:00][sql] SELECT `level_id`,`is_forever`,`valid_time`,`id`,`status`,`grade` FROM `eb_user_level` WHERE  `status` = 1  AND `is_del` = 0  AND `uid` = 0 ORDER BY `grade` DESC LIMIT 1 [ RunTime:0.001002s ]
[2020-04-12T09:55:59+08:00][sql] SELECT `discount` FROM `eb_system_user_level` WHERE  `is_show` = 1  AND `is_del` = 0 ORDER BY `grade` ASC LIMIT 1 [ RunTime:0.000990s ]
[2020-04-12T09:55:59+08:00][sql] SHOW FULL COLUMNS FROM `eb_store_coupon_issue` [ RunTime:0.004554s ]
[2020-04-12T09:55:59+08:00][sql] SELECT `A`.*,`B`.`coupon_price`,`B`.`use_min_price` FROM `eb_store_coupon_issue` `A` INNER JOIN `eb_store_coupon` `B` ON `A`.`cid`=`B`.`id` WHERE  `A`.`status` = 1  AND (  (  `A`.`start_time` < 1586656559  AND `A`.`end_time` > 1586656559 ) OR (  `A`.`start_time` = 0  AND `A`.`end_time` = 0 ) )  AND `A`.`is_del` = 0  AND ( A.remain_count > 0 OR A.is_permanent = 1 ) ORDER BY `B`.`sort` DESC,`A`.`id` DESC LIMIT 3 [ RunTime:0.005531s ]
[2020-04-12T09:55:59+08:00][sql] SHOW FULL COLUMNS FROM `eb_wechat_user` [ RunTime:0.004697s ]
[2020-04-12T09:55:59+08:00][sql] SELECT `subscribe` FROM `eb_wechat_user` WHERE  `uid` = 0 LIMIT 1 [ RunTime:0.001129s ]
[2020-04-12T09:55:59+08:00][sql] SELECT * FROM `eb_system_config` WHERE  `menu_name` = 'cache_config' LIMIT 1 [ RunTime:0.000941s ]
[2020-04-12T09:55:59+08:00][sql] SELECT `menu_name`,`value` FROM `eb_system_config` [ RunTime:0.000681s ]
